[2025-11-22T00:27:45.589+0000] {local_task_job_runner.py:123} INFO - ::group::Pre task execution logs
[2025-11-22T00:27:45.604+0000] {taskinstance.py:2612} INFO - Dependencies all met for dep_context=non-requeueable deps ti=<TaskInstance: shopzada_ingestion.ingest_all_departments manual__2025-11-22T00:27:43.251428+00:00 [queued]>
[2025-11-22T00:27:45.613+0000] {taskinstance.py:2612} INFO - Dependencies all met for dep_context=requeueable deps ti=<TaskInstance: shopzada_ingestion.ingest_all_departments manual__2025-11-22T00:27:43.251428+00:00 [queued]>
[2025-11-22T00:27:45.619+0000] {taskinstance.py:2865} INFO - Starting attempt 1 of 2
[2025-11-22T00:27:45.632+0000] {taskinstance.py:2888} INFO - Executing <Task(PythonOperator): ingest_all_departments> on 2025-11-22 00:27:43.251428+00:00
[2025-11-22T00:27:45.647+0000] {standard_task_runner.py:104} INFO - Running: ['***', 'tasks', 'run', 'shopzada_ingestion', 'ingest_all_departments', 'manual__2025-11-22T00:27:43.251428+00:00', '--job-id', '17', '--raw', '--subdir', 'DAGS_FOLDER/shopzada_ingest.py', '--cfg-path', '/tmp/tmpcl8a2o_r']
[2025-11-22T00:27:45.645+0000] {standard_task_runner.py:72} INFO - Started process 192 to run task
[2025-11-22T00:27:45.655+0000] {standard_task_runner.py:105} INFO - Job 17: Subtask ingest_all_departments
[2025-11-22T00:27:45.728+0000] {task_command.py:467} INFO - Running <TaskInstance: shopzada_ingestion.ingest_all_departments manual__2025-11-22T00:27:43.251428+00:00 [running]> on host 3104a58d1ebc
[2025-11-22T00:27:45.793+0000] {taskinstance.py:3131} INFO - Exporting env vars: AIRFLOW_CTX_DAG_OWNER='shopzada-data' AIRFLOW_CTX_DAG_ID='shopzada_ingestion' AIRFLOW_CTX_TASK_ID='ingest_all_departments' AIRFLOW_CTX_EXECUTION_DATE='2025-11-22T00:27:43.251428+00:00' AIRFLOW_CTX_TRY_NUMBER='1' AIRFLOW_CTX_DAG_RUN_ID='manual__2025-11-22T00:27:43.251428+00:00'
[2025-11-22T00:27:45.797+0000] {taskinstance.py:731} INFO - ::endgroup::
[2025-11-22T00:27:45.822+0000] {shopzada_ingest.py:52} INFO - Starting ShopZada ingestion via /opt/airflow/repo/scripts/ingest.py
[2025-11-22T00:30:51.034+0000] {shopzada_ingest.py:54} INFO - ShopZada ingestion completed.
[2025-11-22T00:30:51.039+0000] {python.py:240} INFO - Done. Returned value was: None
[2025-11-22T00:30:51.051+0000] {taskinstance.py:340} INFO - ::group::Post task execution logs
[2025-11-22T00:30:51.054+0000] {taskinstance.py:352} INFO - Marking task as SUCCESS. dag_id=shopzada_ingestion, task_id=ingest_all_departments, run_id=manual__2025-11-22T00:27:43.251428+00:00, execution_date=20251122T002743, start_date=20251122T002745, end_date=20251122T003051
[2025-11-22T00:30:51.124+0000] {local_task_job_runner.py:266} INFO - Task exited with return code 0
[2025-11-22T00:30:51.169+0000] {taskinstance.py:3900} INFO - 1 downstream tasks scheduled from follow-on schedule check
[2025-11-22T00:30:51.186+0000] {standard_task_runner.py:217} INFO - Process not found (most likely exited), stop collecting metrics
[2025-11-22T00:30:51.187+0000] {local_task_job_runner.py:245} INFO - ::endgroup::
