[2025-11-27T13:13:14.645+0000] {processor.py:186} INFO - Started process (PID=176) to work on /opt/airflow/dags/shopzada_ingest.py
[2025-11-27T13:13:14.647+0000] {processor.py:914} INFO - Processing file /opt/airflow/dags/shopzada_ingest.py for tasks to queue
[2025-11-27T13:13:14.650+0000] {logging_mixin.py:190} INFO - [2025-11-27T13:13:14.649+0000] {dagbag.py:588} INFO - Filling up the DagBag from /opt/airflow/dags/shopzada_ingest.py
[2025-11-27T13:13:14.686+0000] {processor.py:925} INFO - DAG(s) 'shopzada_ingestion' retrieved from /opt/airflow/dags/shopzada_ingest.py
[2025-11-27T13:13:14.711+0000] {logging_mixin.py:190} INFO - [2025-11-27T13:13:14.711+0000] {dag.py:3239} INFO - Sync 1 DAGs
[2025-11-27T13:13:14.756+0000] {processor.py:208} INFO - Processing /opt/airflow/dags/shopzada_ingest.py took 0.118 seconds
[2025-11-27T13:13:45.333+0000] {processor.py:186} INFO - Started process (PID=247) to work on /opt/airflow/dags/shopzada_ingest.py
[2025-11-27T13:13:45.335+0000] {processor.py:914} INFO - Processing file /opt/airflow/dags/shopzada_ingest.py for tasks to queue
[2025-11-27T13:13:45.338+0000] {logging_mixin.py:190} INFO - [2025-11-27T13:13:45.338+0000] {dagbag.py:588} INFO - Filling up the DagBag from /opt/airflow/dags/shopzada_ingest.py
[2025-11-27T13:13:45.371+0000] {processor.py:925} INFO - DAG(s) 'shopzada_ingestion' retrieved from /opt/airflow/dags/shopzada_ingest.py
[2025-11-27T13:13:45.399+0000] {logging_mixin.py:190} INFO - [2025-11-27T13:13:45.399+0000] {dag.py:3239} INFO - Sync 1 DAGs
[2025-11-27T13:13:45.441+0000] {processor.py:208} INFO - Processing /opt/airflow/dags/shopzada_ingest.py took 0.118 seconds
[2025-11-27T13:14:15.873+0000] {processor.py:186} INFO - Started process (PID=287) to work on /opt/airflow/dags/shopzada_ingest.py
[2025-11-27T13:14:15.878+0000] {processor.py:914} INFO - Processing file /opt/airflow/dags/shopzada_ingest.py for tasks to queue
[2025-11-27T13:14:15.888+0000] {logging_mixin.py:190} INFO - [2025-11-27T13:14:15.887+0000] {dagbag.py:588} INFO - Filling up the DagBag from /opt/airflow/dags/shopzada_ingest.py
[2025-11-27T13:14:15.934+0000] {processor.py:925} INFO - DAG(s) 'shopzada_ingestion' retrieved from /opt/airflow/dags/shopzada_ingest.py
[2025-11-27T13:14:15.974+0000] {logging_mixin.py:190} INFO - [2025-11-27T13:14:15.974+0000] {dag.py:3239} INFO - Sync 1 DAGs
[2025-11-27T13:14:16.031+0000] {processor.py:208} INFO - Processing /opt/airflow/dags/shopzada_ingest.py took 0.176 seconds
[2025-11-27T13:14:46.745+0000] {processor.py:186} INFO - Started process (PID=329) to work on /opt/airflow/dags/shopzada_ingest.py
[2025-11-27T13:14:46.750+0000] {processor.py:914} INFO - Processing file /opt/airflow/dags/shopzada_ingest.py for tasks to queue
[2025-11-27T13:14:46.767+0000] {logging_mixin.py:190} INFO - [2025-11-27T13:14:46.758+0000] {dagbag.py:588} INFO - Filling up the DagBag from /opt/airflow/dags/shopzada_ingest.py
[2025-11-27T13:14:46.833+0000] {processor.py:925} INFO - DAG(s) 'shopzada_ingestion' retrieved from /opt/airflow/dags/shopzada_ingest.py
[2025-11-27T13:14:46.888+0000] {logging_mixin.py:190} INFO - [2025-11-27T13:14:46.888+0000] {dag.py:3239} INFO - Sync 1 DAGs
[2025-11-27T13:14:46.955+0000] {processor.py:208} INFO - Processing /opt/airflow/dags/shopzada_ingest.py took 0.234 seconds
[2025-11-27T13:15:17.675+0000] {processor.py:186} INFO - Started process (PID=369) to work on /opt/airflow/dags/shopzada_ingest.py
[2025-11-27T13:15:17.676+0000] {processor.py:914} INFO - Processing file /opt/airflow/dags/shopzada_ingest.py for tasks to queue
[2025-11-27T13:15:17.679+0000] {logging_mixin.py:190} INFO - [2025-11-27T13:15:17.679+0000] {dagbag.py:588} INFO - Filling up the DagBag from /opt/airflow/dags/shopzada_ingest.py
[2025-11-27T13:15:17.721+0000] {processor.py:925} INFO - DAG(s) 'shopzada_ingestion' retrieved from /opt/airflow/dags/shopzada_ingest.py
[2025-11-27T13:15:17.755+0000] {logging_mixin.py:190} INFO - [2025-11-27T13:15:17.755+0000] {dag.py:3239} INFO - Sync 1 DAGs
[2025-11-27T13:15:17.810+0000] {processor.py:208} INFO - Processing /opt/airflow/dags/shopzada_ingest.py took 0.142 seconds
[2025-11-27T13:15:48.358+0000] {processor.py:186} INFO - Started process (PID=409) to work on /opt/airflow/dags/shopzada_ingest.py
[2025-11-27T13:15:48.359+0000] {processor.py:914} INFO - Processing file /opt/airflow/dags/shopzada_ingest.py for tasks to queue
[2025-11-27T13:15:48.364+0000] {logging_mixin.py:190} INFO - [2025-11-27T13:15:48.364+0000] {dagbag.py:588} INFO - Filling up the DagBag from /opt/airflow/dags/shopzada_ingest.py
[2025-11-27T13:15:48.412+0000] {processor.py:925} INFO - DAG(s) 'shopzada_ingestion' retrieved from /opt/airflow/dags/shopzada_ingest.py
[2025-11-27T13:15:48.455+0000] {logging_mixin.py:190} INFO - [2025-11-27T13:15:48.454+0000] {dag.py:3239} INFO - Sync 1 DAGs
[2025-11-27T13:15:48.515+0000] {processor.py:208} INFO - Processing /opt/airflow/dags/shopzada_ingest.py took 0.166 seconds
[2025-11-27T13:16:19.441+0000] {processor.py:186} INFO - Started process (PID=449) to work on /opt/airflow/dags/shopzada_ingest.py
[2025-11-27T13:16:19.445+0000] {processor.py:914} INFO - Processing file /opt/airflow/dags/shopzada_ingest.py for tasks to queue
[2025-11-27T13:16:19.460+0000] {logging_mixin.py:190} INFO - [2025-11-27T13:16:19.454+0000] {dagbag.py:588} INFO - Filling up the DagBag from /opt/airflow/dags/shopzada_ingest.py
[2025-11-27T13:16:19.524+0000] {processor.py:925} INFO - DAG(s) 'shopzada_ingestion' retrieved from /opt/airflow/dags/shopzada_ingest.py
[2025-11-27T13:16:19.598+0000] {logging_mixin.py:190} INFO - [2025-11-27T13:16:19.598+0000] {dag.py:3239} INFO - Sync 1 DAGs
[2025-11-27T13:16:19.716+0000] {processor.py:208} INFO - Processing /opt/airflow/dags/shopzada_ingest.py took 0.300 seconds
[2025-11-27T13:16:49.957+0000] {processor.py:186} INFO - Started process (PID=489) to work on /opt/airflow/dags/shopzada_ingest.py
[2025-11-27T13:16:49.958+0000] {processor.py:914} INFO - Processing file /opt/airflow/dags/shopzada_ingest.py for tasks to queue
[2025-11-27T13:16:49.964+0000] {logging_mixin.py:190} INFO - [2025-11-27T13:16:49.963+0000] {dagbag.py:588} INFO - Filling up the DagBag from /opt/airflow/dags/shopzada_ingest.py
[2025-11-27T13:16:50.007+0000] {processor.py:925} INFO - DAG(s) 'shopzada_ingestion' retrieved from /opt/airflow/dags/shopzada_ingest.py
[2025-11-27T13:16:50.053+0000] {logging_mixin.py:190} INFO - [2025-11-27T13:16:50.052+0000] {dag.py:3239} INFO - Sync 1 DAGs
[2025-11-27T13:16:50.112+0000] {processor.py:208} INFO - Processing /opt/airflow/dags/shopzada_ingest.py took 0.164 seconds
[2025-11-27T13:17:20.841+0000] {processor.py:186} INFO - Started process (PID=532) to work on /opt/airflow/dags/shopzada_ingest.py
[2025-11-27T13:17:20.842+0000] {processor.py:914} INFO - Processing file /opt/airflow/dags/shopzada_ingest.py for tasks to queue
[2025-11-27T13:17:20.844+0000] {logging_mixin.py:190} INFO - [2025-11-27T13:17:20.844+0000] {dagbag.py:588} INFO - Filling up the DagBag from /opt/airflow/dags/shopzada_ingest.py
[2025-11-27T13:17:20.873+0000] {processor.py:925} INFO - DAG(s) 'shopzada_ingestion' retrieved from /opt/airflow/dags/shopzada_ingest.py
[2025-11-27T13:17:20.903+0000] {logging_mixin.py:190} INFO - [2025-11-27T13:17:20.903+0000] {dag.py:3239} INFO - Sync 1 DAGs
[2025-11-27T13:17:20.957+0000] {processor.py:208} INFO - Processing /opt/airflow/dags/shopzada_ingest.py took 0.124 seconds
[2025-11-27T13:17:51.682+0000] {processor.py:186} INFO - Started process (PID=604) to work on /opt/airflow/dags/shopzada_ingest.py
[2025-11-27T13:17:51.685+0000] {processor.py:914} INFO - Processing file /opt/airflow/dags/shopzada_ingest.py for tasks to queue
[2025-11-27T13:17:51.692+0000] {logging_mixin.py:190} INFO - [2025-11-27T13:17:51.691+0000] {dagbag.py:588} INFO - Filling up the DagBag from /opt/airflow/dags/shopzada_ingest.py
[2025-11-27T13:17:51.737+0000] {processor.py:925} INFO - DAG(s) 'shopzada_ingestion' retrieved from /opt/airflow/dags/shopzada_ingest.py
[2025-11-27T13:17:51.808+0000] {logging_mixin.py:190} INFO - [2025-11-27T13:17:51.808+0000] {dag.py:3239} INFO - Sync 1 DAGs
[2025-11-27T13:17:51.885+0000] {processor.py:208} INFO - Processing /opt/airflow/dags/shopzada_ingest.py took 0.217 seconds
[2025-11-27T13:18:22.763+0000] {processor.py:186} INFO - Started process (PID=644) to work on /opt/airflow/dags/shopzada_ingest.py
[2025-11-27T13:18:22.766+0000] {processor.py:914} INFO - Processing file /opt/airflow/dags/shopzada_ingest.py for tasks to queue
[2025-11-27T13:18:22.771+0000] {logging_mixin.py:190} INFO - [2025-11-27T13:18:22.770+0000] {dagbag.py:588} INFO - Filling up the DagBag from /opt/airflow/dags/shopzada_ingest.py
[2025-11-27T13:18:22.828+0000] {processor.py:925} INFO - DAG(s) 'shopzada_ingestion' retrieved from /opt/airflow/dags/shopzada_ingest.py
[2025-11-27T13:18:22.872+0000] {logging_mixin.py:190} INFO - [2025-11-27T13:18:22.871+0000] {dag.py:3239} INFO - Sync 1 DAGs
[2025-11-27T13:18:22.920+0000] {processor.py:208} INFO - Processing /opt/airflow/dags/shopzada_ingest.py took 0.169 seconds
[2025-11-27T13:18:54.806+0000] {processor.py:186} INFO - Started process (PID=684) to work on /opt/airflow/dags/shopzada_ingest.py
[2025-11-27T13:18:54.811+0000] {processor.py:914} INFO - Processing file /opt/airflow/dags/shopzada_ingest.py for tasks to queue
[2025-11-27T13:18:54.824+0000] {logging_mixin.py:190} INFO - [2025-11-27T13:18:54.822+0000] {dagbag.py:588} INFO - Filling up the DagBag from /opt/airflow/dags/shopzada_ingest.py
[2025-11-27T13:18:54.885+0000] {processor.py:925} INFO - DAG(s) 'shopzada_ingestion' retrieved from /opt/airflow/dags/shopzada_ingest.py
[2025-11-27T13:18:54.950+0000] {logging_mixin.py:190} INFO - [2025-11-27T13:18:54.950+0000] {dag.py:3239} INFO - Sync 1 DAGs
[2025-11-27T13:18:55.032+0000] {processor.py:208} INFO - Processing /opt/airflow/dags/shopzada_ingest.py took 0.246 seconds
