[2025-11-27T13:13:15.265+0000] {processor.py:186} INFO - Started process (PID=206) to work on /opt/airflow/dags/shopzada_marketing_dept.py
[2025-11-27T13:13:15.266+0000] {processor.py:914} INFO - Processing file /opt/airflow/dags/shopzada_marketing_dept.py for tasks to queue
[2025-11-27T13:13:15.270+0000] {logging_mixin.py:190} INFO - [2025-11-27T13:13:15.269+0000] {dagbag.py:588} INFO - Filling up the DagBag from /opt/airflow/dags/shopzada_marketing_dept.py
[2025-11-27T13:13:15.306+0000] {processor.py:925} INFO - DAG(s) 'shopzada_marketing_dept_parquet' retrieved from /opt/airflow/dags/shopzada_marketing_dept.py
[2025-11-27T13:13:15.334+0000] {logging_mixin.py:190} INFO - [2025-11-27T13:13:15.334+0000] {dag.py:3239} INFO - Sync 1 DAGs
[2025-11-27T13:13:15.348+0000] {logging_mixin.py:190} INFO - [2025-11-27T13:13:15.348+0000] {dag.py:4180} INFO - Setting next_dagrun for shopzada_marketing_dept_parquet to None, run_after=None
[2025-11-27T13:13:15.367+0000] {processor.py:208} INFO - Processing /opt/airflow/dags/shopzada_marketing_dept.py took 0.107 seconds
[2025-11-27T13:13:45.932+0000] {processor.py:186} INFO - Started process (PID=274) to work on /opt/airflow/dags/shopzada_marketing_dept.py
[2025-11-27T13:13:45.933+0000] {processor.py:914} INFO - Processing file /opt/airflow/dags/shopzada_marketing_dept.py for tasks to queue
[2025-11-27T13:13:45.936+0000] {logging_mixin.py:190} INFO - [2025-11-27T13:13:45.935+0000] {dagbag.py:588} INFO - Filling up the DagBag from /opt/airflow/dags/shopzada_marketing_dept.py
[2025-11-27T13:13:45.962+0000] {processor.py:925} INFO - DAG(s) 'shopzada_marketing_dept_parquet' retrieved from /opt/airflow/dags/shopzada_marketing_dept.py
[2025-11-27T13:13:45.987+0000] {logging_mixin.py:190} INFO - [2025-11-27T13:13:45.986+0000] {dag.py:3239} INFO - Sync 1 DAGs
[2025-11-27T13:13:46.001+0000] {logging_mixin.py:190} INFO - [2025-11-27T13:13:46.000+0000] {dag.py:4180} INFO - Setting next_dagrun for shopzada_marketing_dept_parquet to None, run_after=None
[2025-11-27T13:13:46.020+0000] {processor.py:208} INFO - Processing /opt/airflow/dags/shopzada_marketing_dept.py took 0.095 seconds
[2025-11-27T13:14:16.571+0000] {processor.py:186} INFO - Started process (PID=314) to work on /opt/airflow/dags/shopzada_marketing_dept.py
[2025-11-27T13:14:16.572+0000] {processor.py:914} INFO - Processing file /opt/airflow/dags/shopzada_marketing_dept.py for tasks to queue
[2025-11-27T13:14:16.575+0000] {logging_mixin.py:190} INFO - [2025-11-27T13:14:16.574+0000] {dagbag.py:588} INFO - Filling up the DagBag from /opt/airflow/dags/shopzada_marketing_dept.py
[2025-11-27T13:14:16.604+0000] {processor.py:925} INFO - DAG(s) 'shopzada_marketing_dept_parquet' retrieved from /opt/airflow/dags/shopzada_marketing_dept.py
[2025-11-27T13:14:16.625+0000] {logging_mixin.py:190} INFO - [2025-11-27T13:14:16.625+0000] {dag.py:3239} INFO - Sync 1 DAGs
[2025-11-27T13:14:16.638+0000] {logging_mixin.py:190} INFO - [2025-11-27T13:14:16.637+0000] {dag.py:4180} INFO - Setting next_dagrun for shopzada_marketing_dept_parquet to None, run_after=None
[2025-11-27T13:14:16.658+0000] {processor.py:208} INFO - Processing /opt/airflow/dags/shopzada_marketing_dept.py took 0.093 seconds
[2025-11-27T13:14:47.523+0000] {processor.py:186} INFO - Started process (PID=356) to work on /opt/airflow/dags/shopzada_marketing_dept.py
[2025-11-27T13:14:47.524+0000] {processor.py:914} INFO - Processing file /opt/airflow/dags/shopzada_marketing_dept.py for tasks to queue
[2025-11-27T13:14:47.527+0000] {logging_mixin.py:190} INFO - [2025-11-27T13:14:47.527+0000] {dagbag.py:588} INFO - Filling up the DagBag from /opt/airflow/dags/shopzada_marketing_dept.py
[2025-11-27T13:14:47.558+0000] {processor.py:925} INFO - DAG(s) 'shopzada_marketing_dept_parquet' retrieved from /opt/airflow/dags/shopzada_marketing_dept.py
[2025-11-27T13:14:47.580+0000] {logging_mixin.py:190} INFO - [2025-11-27T13:14:47.580+0000] {dag.py:3239} INFO - Sync 1 DAGs
[2025-11-27T13:14:47.592+0000] {logging_mixin.py:190} INFO - [2025-11-27T13:14:47.592+0000] {dag.py:4180} INFO - Setting next_dagrun for shopzada_marketing_dept_parquet to None, run_after=None
[2025-11-27T13:14:47.613+0000] {processor.py:208} INFO - Processing /opt/airflow/dags/shopzada_marketing_dept.py took 0.099 seconds
[2025-11-27T13:15:18.362+0000] {processor.py:186} INFO - Started process (PID=396) to work on /opt/airflow/dags/shopzada_marketing_dept.py
[2025-11-27T13:15:18.364+0000] {processor.py:914} INFO - Processing file /opt/airflow/dags/shopzada_marketing_dept.py for tasks to queue
[2025-11-27T13:15:18.366+0000] {logging_mixin.py:190} INFO - [2025-11-27T13:15:18.366+0000] {dagbag.py:588} INFO - Filling up the DagBag from /opt/airflow/dags/shopzada_marketing_dept.py
[2025-11-27T13:15:18.397+0000] {processor.py:925} INFO - DAG(s) 'shopzada_marketing_dept_parquet' retrieved from /opt/airflow/dags/shopzada_marketing_dept.py
[2025-11-27T13:15:18.420+0000] {logging_mixin.py:190} INFO - [2025-11-27T13:15:18.420+0000] {dag.py:3239} INFO - Sync 1 DAGs
[2025-11-27T13:15:18.435+0000] {logging_mixin.py:190} INFO - [2025-11-27T13:15:18.435+0000] {dag.py:4180} INFO - Setting next_dagrun for shopzada_marketing_dept_parquet to None, run_after=None
[2025-11-27T13:15:18.460+0000] {processor.py:208} INFO - Processing /opt/airflow/dags/shopzada_marketing_dept.py took 0.103 seconds
[2025-11-27T13:15:49.097+0000] {processor.py:186} INFO - Started process (PID=436) to work on /opt/airflow/dags/shopzada_marketing_dept.py
[2025-11-27T13:15:49.098+0000] {processor.py:914} INFO - Processing file /opt/airflow/dags/shopzada_marketing_dept.py for tasks to queue
[2025-11-27T13:15:49.100+0000] {logging_mixin.py:190} INFO - [2025-11-27T13:15:49.100+0000] {dagbag.py:588} INFO - Filling up the DagBag from /opt/airflow/dags/shopzada_marketing_dept.py
[2025-11-27T13:15:49.121+0000] {processor.py:925} INFO - DAG(s) 'shopzada_marketing_dept_parquet' retrieved from /opt/airflow/dags/shopzada_marketing_dept.py
[2025-11-27T13:15:49.147+0000] {logging_mixin.py:190} INFO - [2025-11-27T13:15:49.147+0000] {dag.py:3239} INFO - Sync 1 DAGs
[2025-11-27T13:15:49.161+0000] {logging_mixin.py:190} INFO - [2025-11-27T13:15:49.161+0000] {dag.py:4180} INFO - Setting next_dagrun for shopzada_marketing_dept_parquet to None, run_after=None
[2025-11-27T13:15:49.186+0000] {processor.py:208} INFO - Processing /opt/airflow/dags/shopzada_marketing_dept.py took 0.095 seconds
[2025-11-27T13:16:20.272+0000] {processor.py:186} INFO - Started process (PID=476) to work on /opt/airflow/dags/shopzada_marketing_dept.py
[2025-11-27T13:16:20.273+0000] {processor.py:914} INFO - Processing file /opt/airflow/dags/shopzada_marketing_dept.py for tasks to queue
[2025-11-27T13:16:20.277+0000] {logging_mixin.py:190} INFO - [2025-11-27T13:16:20.276+0000] {dagbag.py:588} INFO - Filling up the DagBag from /opt/airflow/dags/shopzada_marketing_dept.py
[2025-11-27T13:16:20.304+0000] {processor.py:925} INFO - DAG(s) 'shopzada_marketing_dept_parquet' retrieved from /opt/airflow/dags/shopzada_marketing_dept.py
[2025-11-27T13:16:20.331+0000] {logging_mixin.py:190} INFO - [2025-11-27T13:16:20.331+0000] {dag.py:3239} INFO - Sync 1 DAGs
[2025-11-27T13:16:20.348+0000] {logging_mixin.py:190} INFO - [2025-11-27T13:16:20.347+0000] {dag.py:4180} INFO - Setting next_dagrun for shopzada_marketing_dept_parquet to None, run_after=None
[2025-11-27T13:16:20.520+0000] {processor.py:208} INFO - Processing /opt/airflow/dags/shopzada_marketing_dept.py took 0.256 seconds
[2025-11-27T13:16:50.693+0000] {processor.py:186} INFO - Started process (PID=516) to work on /opt/airflow/dags/shopzada_marketing_dept.py
[2025-11-27T13:16:50.695+0000] {processor.py:914} INFO - Processing file /opt/airflow/dags/shopzada_marketing_dept.py for tasks to queue
[2025-11-27T13:16:50.701+0000] {logging_mixin.py:190} INFO - [2025-11-27T13:16:50.700+0000] {dagbag.py:588} INFO - Filling up the DagBag from /opt/airflow/dags/shopzada_marketing_dept.py
[2025-11-27T13:16:50.761+0000] {processor.py:925} INFO - DAG(s) 'shopzada_marketing_dept_parquet' retrieved from /opt/airflow/dags/shopzada_marketing_dept.py
[2025-11-27T13:16:50.785+0000] {logging_mixin.py:190} INFO - [2025-11-27T13:16:50.784+0000] {dag.py:3239} INFO - Sync 1 DAGs
[2025-11-27T13:16:50.797+0000] {logging_mixin.py:190} INFO - [2025-11-27T13:16:50.797+0000] {dag.py:4180} INFO - Setting next_dagrun for shopzada_marketing_dept_parquet to None, run_after=None
[2025-11-27T13:16:50.816+0000] {processor.py:208} INFO - Processing /opt/airflow/dags/shopzada_marketing_dept.py took 0.130 seconds
[2025-11-27T13:17:21.468+0000] {processor.py:186} INFO - Started process (PID=559) to work on /opt/airflow/dags/shopzada_marketing_dept.py
[2025-11-27T13:17:21.469+0000] {processor.py:914} INFO - Processing file /opt/airflow/dags/shopzada_marketing_dept.py for tasks to queue
[2025-11-27T13:17:21.471+0000] {logging_mixin.py:190} INFO - [2025-11-27T13:17:21.471+0000] {dagbag.py:588} INFO - Filling up the DagBag from /opt/airflow/dags/shopzada_marketing_dept.py
[2025-11-27T13:17:21.514+0000] {processor.py:925} INFO - DAG(s) 'shopzada_marketing_dept_parquet' retrieved from /opt/airflow/dags/shopzada_marketing_dept.py
[2025-11-27T13:17:21.572+0000] {logging_mixin.py:190} INFO - [2025-11-27T13:17:21.572+0000] {dag.py:3239} INFO - Sync 1 DAGs
[2025-11-27T13:17:21.614+0000] {logging_mixin.py:190} INFO - [2025-11-27T13:17:21.613+0000] {dag.py:4180} INFO - Setting next_dagrun for shopzada_marketing_dept_parquet to None, run_after=None
[2025-11-27T13:17:21.651+0000] {processor.py:208} INFO - Processing /opt/airflow/dags/shopzada_marketing_dept.py took 0.189 seconds
[2025-11-27T13:17:52.457+0000] {processor.py:186} INFO - Started process (PID=631) to work on /opt/airflow/dags/shopzada_marketing_dept.py
[2025-11-27T13:17:52.458+0000] {processor.py:914} INFO - Processing file /opt/airflow/dags/shopzada_marketing_dept.py for tasks to queue
[2025-11-27T13:17:52.461+0000] {logging_mixin.py:190} INFO - [2025-11-27T13:17:52.461+0000] {dagbag.py:588} INFO - Filling up the DagBag from /opt/airflow/dags/shopzada_marketing_dept.py
[2025-11-27T13:17:52.491+0000] {processor.py:925} INFO - DAG(s) 'shopzada_marketing_dept_parquet' retrieved from /opt/airflow/dags/shopzada_marketing_dept.py
[2025-11-27T13:17:52.520+0000] {logging_mixin.py:190} INFO - [2025-11-27T13:17:52.519+0000] {dag.py:3239} INFO - Sync 1 DAGs
[2025-11-27T13:17:52.534+0000] {logging_mixin.py:190} INFO - [2025-11-27T13:17:52.533+0000] {dag.py:4180} INFO - Setting next_dagrun for shopzada_marketing_dept_parquet to None, run_after=None
[2025-11-27T13:17:52.553+0000] {processor.py:208} INFO - Processing /opt/airflow/dags/shopzada_marketing_dept.py took 0.102 seconds
[2025-11-27T13:18:23.278+0000] {processor.py:186} INFO - Started process (PID=669) to work on /opt/airflow/dags/shopzada_marketing_dept.py
[2025-11-27T13:18:23.279+0000] {processor.py:914} INFO - Processing file /opt/airflow/dags/shopzada_marketing_dept.py for tasks to queue
[2025-11-27T13:18:23.282+0000] {logging_mixin.py:190} INFO - [2025-11-27T13:18:23.282+0000] {dagbag.py:588} INFO - Filling up the DagBag from /opt/airflow/dags/shopzada_marketing_dept.py
[2025-11-27T13:18:23.309+0000] {processor.py:925} INFO - DAG(s) 'shopzada_marketing_dept_parquet' retrieved from /opt/airflow/dags/shopzada_marketing_dept.py
[2025-11-27T13:18:23.330+0000] {logging_mixin.py:190} INFO - [2025-11-27T13:18:23.330+0000] {dag.py:3239} INFO - Sync 1 DAGs
[2025-11-27T13:18:23.343+0000] {logging_mixin.py:190} INFO - [2025-11-27T13:18:23.343+0000] {dag.py:4180} INFO - Setting next_dagrun for shopzada_marketing_dept_parquet to None, run_after=None
[2025-11-27T13:18:23.363+0000] {processor.py:208} INFO - Processing /opt/airflow/dags/shopzada_marketing_dept.py took 0.091 seconds
[2025-11-27T13:18:55.659+0000] {processor.py:186} INFO - Started process (PID=711) to work on /opt/airflow/dags/shopzada_marketing_dept.py
[2025-11-27T13:18:55.660+0000] {processor.py:914} INFO - Processing file /opt/airflow/dags/shopzada_marketing_dept.py for tasks to queue
[2025-11-27T13:18:55.662+0000] {logging_mixin.py:190} INFO - [2025-11-27T13:18:55.662+0000] {dagbag.py:588} INFO - Filling up the DagBag from /opt/airflow/dags/shopzada_marketing_dept.py
[2025-11-27T13:18:55.699+0000] {processor.py:925} INFO - DAG(s) 'shopzada_marketing_dept_parquet' retrieved from /opt/airflow/dags/shopzada_marketing_dept.py
[2025-11-27T13:18:55.728+0000] {logging_mixin.py:190} INFO - [2025-11-27T13:18:55.728+0000] {dag.py:3239} INFO - Sync 1 DAGs
[2025-11-27T13:18:55.751+0000] {logging_mixin.py:190} INFO - [2025-11-27T13:18:55.751+0000] {dag.py:4180} INFO - Setting next_dagrun for shopzada_marketing_dept_parquet to None, run_after=None
[2025-11-27T13:18:55.771+0000] {processor.py:208} INFO - Processing /opt/airflow/dags/shopzada_marketing_dept.py took 0.119 seconds
