[2025-11-27T13:13:15.274+0000] {processor.py:186} INFO - Started process (PID=209) to work on /opt/airflow/dags/shopzada_operations_dept.py
[2025-11-27T13:13:15.276+0000] {processor.py:914} INFO - Processing file /opt/airflow/dags/shopzada_operations_dept.py for tasks to queue
[2025-11-27T13:13:15.279+0000] {logging_mixin.py:190} INFO - [2025-11-27T13:13:15.279+0000] {dagbag.py:588} INFO - Filling up the DagBag from /opt/airflow/dags/shopzada_operations_dept.py
[2025-11-27T13:13:15.316+0000] {processor.py:925} INFO - DAG(s) 'shopzada_operations_dept_parquet' retrieved from /opt/airflow/dags/shopzada_operations_dept.py
[2025-11-27T13:13:15.339+0000] {logging_mixin.py:190} INFO - [2025-11-27T13:13:15.339+0000] {dag.py:3239} INFO - Sync 1 DAGs
[2025-11-27T13:13:15.354+0000] {logging_mixin.py:190} INFO - [2025-11-27T13:13:15.354+0000] {dag.py:4180} INFO - Setting next_dagrun for shopzada_operations_dept_parquet to None, run_after=None
[2025-11-27T13:13:15.375+0000] {processor.py:208} INFO - Processing /opt/airflow/dags/shopzada_operations_dept.py took 0.109 seconds
[2025-11-27T13:13:45.938+0000] {processor.py:186} INFO - Started process (PID=277) to work on /opt/airflow/dags/shopzada_operations_dept.py
[2025-11-27T13:13:45.939+0000] {processor.py:914} INFO - Processing file /opt/airflow/dags/shopzada_operations_dept.py for tasks to queue
[2025-11-27T13:13:45.942+0000] {logging_mixin.py:190} INFO - [2025-11-27T13:13:45.941+0000] {dagbag.py:588} INFO - Filling up the DagBag from /opt/airflow/dags/shopzada_operations_dept.py
[2025-11-27T13:13:45.969+0000] {processor.py:925} INFO - DAG(s) 'shopzada_operations_dept_parquet' retrieved from /opt/airflow/dags/shopzada_operations_dept.py
[2025-11-27T13:13:45.992+0000] {logging_mixin.py:190} INFO - [2025-11-27T13:13:45.992+0000] {dag.py:3239} INFO - Sync 1 DAGs
[2025-11-27T13:13:46.004+0000] {logging_mixin.py:190} INFO - [2025-11-27T13:13:46.004+0000] {dag.py:4180} INFO - Setting next_dagrun for shopzada_operations_dept_parquet to None, run_after=None
[2025-11-27T13:13:46.022+0000] {processor.py:208} INFO - Processing /opt/airflow/dags/shopzada_operations_dept.py took 0.091 seconds
[2025-11-27T13:14:16.580+0000] {processor.py:186} INFO - Started process (PID=317) to work on /opt/airflow/dags/shopzada_operations_dept.py
[2025-11-27T13:14:16.581+0000] {processor.py:914} INFO - Processing file /opt/airflow/dags/shopzada_operations_dept.py for tasks to queue
[2025-11-27T13:14:16.584+0000] {logging_mixin.py:190} INFO - [2025-11-27T13:14:16.583+0000] {dagbag.py:588} INFO - Filling up the DagBag from /opt/airflow/dags/shopzada_operations_dept.py
[2025-11-27T13:14:16.616+0000] {processor.py:925} INFO - DAG(s) 'shopzada_operations_dept_parquet' retrieved from /opt/airflow/dags/shopzada_operations_dept.py
[2025-11-27T13:14:16.637+0000] {logging_mixin.py:190} INFO - [2025-11-27T13:14:16.637+0000] {dag.py:3239} INFO - Sync 1 DAGs
[2025-11-27T13:14:16.651+0000] {logging_mixin.py:190} INFO - [2025-11-27T13:14:16.651+0000] {dag.py:4180} INFO - Setting next_dagrun for shopzada_operations_dept_parquet to None, run_after=None
[2025-11-27T13:14:16.676+0000] {processor.py:208} INFO - Processing /opt/airflow/dags/shopzada_operations_dept.py took 0.102 seconds
[2025-11-27T13:14:47.540+0000] {processor.py:186} INFO - Started process (PID=359) to work on /opt/airflow/dags/shopzada_operations_dept.py
[2025-11-27T13:14:47.542+0000] {processor.py:914} INFO - Processing file /opt/airflow/dags/shopzada_operations_dept.py for tasks to queue
[2025-11-27T13:14:47.544+0000] {logging_mixin.py:190} INFO - [2025-11-27T13:14:47.544+0000] {dagbag.py:588} INFO - Filling up the DagBag from /opt/airflow/dags/shopzada_operations_dept.py
[2025-11-27T13:14:47.575+0000] {processor.py:925} INFO - DAG(s) 'shopzada_operations_dept_parquet' retrieved from /opt/airflow/dags/shopzada_operations_dept.py
[2025-11-27T13:14:47.598+0000] {logging_mixin.py:190} INFO - [2025-11-27T13:14:47.598+0000] {dag.py:3239} INFO - Sync 1 DAGs
[2025-11-27T13:14:47.612+0000] {logging_mixin.py:190} INFO - [2025-11-27T13:14:47.612+0000] {dag.py:4180} INFO - Setting next_dagrun for shopzada_operations_dept_parquet to None, run_after=None
[2025-11-27T13:14:47.633+0000] {processor.py:208} INFO - Processing /opt/airflow/dags/shopzada_operations_dept.py took 0.102 seconds
[2025-11-27T13:15:18.369+0000] {processor.py:186} INFO - Started process (PID=399) to work on /opt/airflow/dags/shopzada_operations_dept.py
[2025-11-27T13:15:18.370+0000] {processor.py:914} INFO - Processing file /opt/airflow/dags/shopzada_operations_dept.py for tasks to queue
[2025-11-27T13:15:18.373+0000] {logging_mixin.py:190} INFO - [2025-11-27T13:15:18.373+0000] {dagbag.py:588} INFO - Filling up the DagBag from /opt/airflow/dags/shopzada_operations_dept.py
[2025-11-27T13:15:18.403+0000] {processor.py:925} INFO - DAG(s) 'shopzada_operations_dept_parquet' retrieved from /opt/airflow/dags/shopzada_operations_dept.py
[2025-11-27T13:15:18.424+0000] {logging_mixin.py:190} INFO - [2025-11-27T13:15:18.424+0000] {dag.py:3239} INFO - Sync 1 DAGs
[2025-11-27T13:15:18.444+0000] {logging_mixin.py:190} INFO - [2025-11-27T13:15:18.444+0000] {dag.py:4180} INFO - Setting next_dagrun for shopzada_operations_dept_parquet to None, run_after=None
[2025-11-27T13:15:18.467+0000] {processor.py:208} INFO - Processing /opt/airflow/dags/shopzada_operations_dept.py took 0.104 seconds
[2025-11-27T13:15:49.105+0000] {processor.py:186} INFO - Started process (PID=439) to work on /opt/airflow/dags/shopzada_operations_dept.py
[2025-11-27T13:15:49.106+0000] {processor.py:914} INFO - Processing file /opt/airflow/dags/shopzada_operations_dept.py for tasks to queue
[2025-11-27T13:15:49.109+0000] {logging_mixin.py:190} INFO - [2025-11-27T13:15:49.108+0000] {dagbag.py:588} INFO - Filling up the DagBag from /opt/airflow/dags/shopzada_operations_dept.py
[2025-11-27T13:15:49.132+0000] {processor.py:925} INFO - DAG(s) 'shopzada_operations_dept_parquet' retrieved from /opt/airflow/dags/shopzada_operations_dept.py
[2025-11-27T13:15:49.159+0000] {logging_mixin.py:190} INFO - [2025-11-27T13:15:49.158+0000] {dag.py:3239} INFO - Sync 1 DAGs
[2025-11-27T13:15:49.176+0000] {logging_mixin.py:190} INFO - [2025-11-27T13:15:49.176+0000] {dag.py:4180} INFO - Setting next_dagrun for shopzada_operations_dept_parquet to None, run_after=None
[2025-11-27T13:15:49.210+0000] {processor.py:208} INFO - Processing /opt/airflow/dags/shopzada_operations_dept.py took 0.111 seconds
[2025-11-27T13:16:20.280+0000] {processor.py:186} INFO - Started process (PID=479) to work on /opt/airflow/dags/shopzada_operations_dept.py
[2025-11-27T13:16:20.281+0000] {processor.py:914} INFO - Processing file /opt/airflow/dags/shopzada_operations_dept.py for tasks to queue
[2025-11-27T13:16:20.283+0000] {logging_mixin.py:190} INFO - [2025-11-27T13:16:20.283+0000] {dagbag.py:588} INFO - Filling up the DagBag from /opt/airflow/dags/shopzada_operations_dept.py
[2025-11-27T13:16:20.308+0000] {processor.py:925} INFO - DAG(s) 'shopzada_operations_dept_parquet' retrieved from /opt/airflow/dags/shopzada_operations_dept.py
[2025-11-27T13:16:20.333+0000] {logging_mixin.py:190} INFO - [2025-11-27T13:16:20.333+0000] {dag.py:3239} INFO - Sync 1 DAGs
[2025-11-27T13:16:20.346+0000] {logging_mixin.py:190} INFO - [2025-11-27T13:16:20.345+0000] {dag.py:4180} INFO - Setting next_dagrun for shopzada_operations_dept_parquet to None, run_after=None
[2025-11-27T13:16:20.519+0000] {processor.py:208} INFO - Processing /opt/airflow/dags/shopzada_operations_dept.py took 0.245 seconds
[2025-11-27T13:16:50.721+0000] {processor.py:186} INFO - Started process (PID=519) to work on /opt/airflow/dags/shopzada_operations_dept.py
[2025-11-27T13:16:50.724+0000] {processor.py:914} INFO - Processing file /opt/airflow/dags/shopzada_operations_dept.py for tasks to queue
[2025-11-27T13:16:50.730+0000] {logging_mixin.py:190} INFO - [2025-11-27T13:16:50.729+0000] {dagbag.py:588} INFO - Filling up the DagBag from /opt/airflow/dags/shopzada_operations_dept.py
[2025-11-27T13:16:50.777+0000] {processor.py:925} INFO - DAG(s) 'shopzada_operations_dept_parquet' retrieved from /opt/airflow/dags/shopzada_operations_dept.py
[2025-11-27T13:16:50.802+0000] {logging_mixin.py:190} INFO - [2025-11-27T13:16:50.802+0000] {dag.py:3239} INFO - Sync 1 DAGs
[2025-11-27T13:16:50.817+0000] {logging_mixin.py:190} INFO - [2025-11-27T13:16:50.816+0000] {dag.py:4180} INFO - Setting next_dagrun for shopzada_operations_dept_parquet to None, run_after=None
[2025-11-27T13:16:50.838+0000] {processor.py:208} INFO - Processing /opt/airflow/dags/shopzada_operations_dept.py took 0.137 seconds
[2025-11-27T13:17:21.477+0000] {processor.py:186} INFO - Started process (PID=562) to work on /opt/airflow/dags/shopzada_operations_dept.py
[2025-11-27T13:17:21.478+0000] {processor.py:914} INFO - Processing file /opt/airflow/dags/shopzada_operations_dept.py for tasks to queue
[2025-11-27T13:17:21.483+0000] {logging_mixin.py:190} INFO - [2025-11-27T13:17:21.481+0000] {dagbag.py:588} INFO - Filling up the DagBag from /opt/airflow/dags/shopzada_operations_dept.py
[2025-11-27T13:17:21.528+0000] {processor.py:925} INFO - DAG(s) 'shopzada_operations_dept_parquet' retrieved from /opt/airflow/dags/shopzada_operations_dept.py
[2025-11-27T13:17:21.590+0000] {logging_mixin.py:190} INFO - [2025-11-27T13:17:21.590+0000] {dag.py:3239} INFO - Sync 1 DAGs
[2025-11-27T13:17:21.618+0000] {logging_mixin.py:190} INFO - [2025-11-27T13:17:21.618+0000] {dag.py:4180} INFO - Setting next_dagrun for shopzada_operations_dept_parquet to None, run_after=None
[2025-11-27T13:17:21.649+0000] {processor.py:208} INFO - Processing /opt/airflow/dags/shopzada_operations_dept.py took 0.178 seconds
[2025-11-27T13:17:52.464+0000] {processor.py:186} INFO - Started process (PID=634) to work on /opt/airflow/dags/shopzada_operations_dept.py
[2025-11-27T13:17:52.465+0000] {processor.py:914} INFO - Processing file /opt/airflow/dags/shopzada_operations_dept.py for tasks to queue
[2025-11-27T13:17:52.470+0000] {logging_mixin.py:190} INFO - [2025-11-27T13:17:52.469+0000] {dagbag.py:588} INFO - Filling up the DagBag from /opt/airflow/dags/shopzada_operations_dept.py
[2025-11-27T13:17:52.502+0000] {processor.py:925} INFO - DAG(s) 'shopzada_operations_dept_parquet' retrieved from /opt/airflow/dags/shopzada_operations_dept.py
[2025-11-27T13:17:52.527+0000] {logging_mixin.py:190} INFO - [2025-11-27T13:17:52.527+0000] {dag.py:3239} INFO - Sync 1 DAGs
[2025-11-27T13:17:52.540+0000] {logging_mixin.py:190} INFO - [2025-11-27T13:17:52.540+0000] {dag.py:4180} INFO - Setting next_dagrun for shopzada_operations_dept_parquet to None, run_after=None
[2025-11-27T13:17:52.562+0000] {processor.py:208} INFO - Processing /opt/airflow/dags/shopzada_operations_dept.py took 0.104 seconds
[2025-11-27T13:18:23.314+0000] {processor.py:186} INFO - Started process (PID=674) to work on /opt/airflow/dags/shopzada_operations_dept.py
[2025-11-27T13:18:23.315+0000] {processor.py:914} INFO - Processing file /opt/airflow/dags/shopzada_operations_dept.py for tasks to queue
[2025-11-27T13:18:23.317+0000] {logging_mixin.py:190} INFO - [2025-11-27T13:18:23.317+0000] {dagbag.py:588} INFO - Filling up the DagBag from /opt/airflow/dags/shopzada_operations_dept.py
[2025-11-27T13:18:23.344+0000] {processor.py:925} INFO - DAG(s) 'shopzada_operations_dept_parquet' retrieved from /opt/airflow/dags/shopzada_operations_dept.py
[2025-11-27T13:18:23.368+0000] {logging_mixin.py:190} INFO - [2025-11-27T13:18:23.368+0000] {dag.py:3239} INFO - Sync 1 DAGs
[2025-11-27T13:18:23.388+0000] {logging_mixin.py:190} INFO - [2025-11-27T13:18:23.388+0000] {dag.py:4180} INFO - Setting next_dagrun for shopzada_operations_dept_parquet to None, run_after=None
[2025-11-27T13:18:23.411+0000] {processor.py:208} INFO - Processing /opt/airflow/dags/shopzada_operations_dept.py took 0.103 seconds
[2025-11-27T13:18:55.669+0000] {processor.py:186} INFO - Started process (PID=714) to work on /opt/airflow/dags/shopzada_operations_dept.py
[2025-11-27T13:18:55.671+0000] {processor.py:914} INFO - Processing file /opt/airflow/dags/shopzada_operations_dept.py for tasks to queue
[2025-11-27T13:18:55.673+0000] {logging_mixin.py:190} INFO - [2025-11-27T13:18:55.673+0000] {dagbag.py:588} INFO - Filling up the DagBag from /opt/airflow/dags/shopzada_operations_dept.py
[2025-11-27T13:18:55.705+0000] {processor.py:925} INFO - DAG(s) 'shopzada_operations_dept_parquet' retrieved from /opt/airflow/dags/shopzada_operations_dept.py
[2025-11-27T13:18:55.739+0000] {logging_mixin.py:190} INFO - [2025-11-27T13:18:55.738+0000] {dag.py:3239} INFO - Sync 1 DAGs
[2025-11-27T13:18:55.757+0000] {logging_mixin.py:190} INFO - [2025-11-27T13:18:55.757+0000] {dag.py:4180} INFO - Setting next_dagrun for shopzada_operations_dept_parquet to None, run_after=None
[2025-11-27T13:18:55.777+0000] {processor.py:208} INFO - Processing /opt/airflow/dags/shopzada_operations_dept.py took 0.113 seconds
