[2025-11-27T13:13:14.963+0000] {processor.py:186} INFO - Started process (PID=194) to work on /opt/airflow/dags/shopzada_business_dept.py
[2025-11-27T13:13:14.964+0000] {processor.py:914} INFO - Processing file /opt/airflow/dags/shopzada_business_dept.py for tasks to queue
[2025-11-27T13:13:14.967+0000] {logging_mixin.py:190} INFO - [2025-11-27T13:13:14.966+0000] {dagbag.py:588} INFO - Filling up the DagBag from /opt/airflow/dags/shopzada_business_dept.py
[2025-11-27T13:13:14.995+0000] {processor.py:925} INFO - DAG(s) 'shopzada_business_dept_parquet' retrieved from /opt/airflow/dags/shopzada_business_dept.py
[2025-11-27T13:13:15.019+0000] {logging_mixin.py:190} INFO - [2025-11-27T13:13:15.018+0000] {dag.py:3239} INFO - Sync 1 DAGs
[2025-11-27T13:13:15.034+0000] {logging_mixin.py:190} INFO - [2025-11-27T13:13:15.033+0000] {dag.py:4180} INFO - Setting next_dagrun for shopzada_business_dept_parquet to None, run_after=None
[2025-11-27T13:13:15.053+0000] {processor.py:208} INFO - Processing /opt/airflow/dags/shopzada_business_dept.py took 0.095 seconds
[2025-11-27T13:13:45.624+0000] {processor.py:186} INFO - Started process (PID=264) to work on /opt/airflow/dags/shopzada_business_dept.py
[2025-11-27T13:13:45.626+0000] {processor.py:914} INFO - Processing file /opt/airflow/dags/shopzada_business_dept.py for tasks to queue
[2025-11-27T13:13:45.628+0000] {logging_mixin.py:190} INFO - [2025-11-27T13:13:45.628+0000] {dagbag.py:588} INFO - Filling up the DagBag from /opt/airflow/dags/shopzada_business_dept.py
[2025-11-27T13:13:45.663+0000] {processor.py:925} INFO - DAG(s) 'shopzada_business_dept_parquet' retrieved from /opt/airflow/dags/shopzada_business_dept.py
[2025-11-27T13:13:45.686+0000] {logging_mixin.py:190} INFO - [2025-11-27T13:13:45.685+0000] {dag.py:3239} INFO - Sync 1 DAGs
[2025-11-27T13:13:45.699+0000] {logging_mixin.py:190} INFO - [2025-11-27T13:13:45.698+0000] {dag.py:4180} INFO - Setting next_dagrun for shopzada_business_dept_parquet to None, run_after=None
[2025-11-27T13:13:45.719+0000] {processor.py:208} INFO - Processing /opt/airflow/dags/shopzada_business_dept.py took 0.101 seconds
[2025-11-27T13:14:16.252+0000] {processor.py:186} INFO - Started process (PID=302) to work on /opt/airflow/dags/shopzada_business_dept.py
[2025-11-27T13:14:16.253+0000] {processor.py:914} INFO - Processing file /opt/airflow/dags/shopzada_business_dept.py for tasks to queue
[2025-11-27T13:14:16.256+0000] {logging_mixin.py:190} INFO - [2025-11-27T13:14:16.256+0000] {dagbag.py:588} INFO - Filling up the DagBag from /opt/airflow/dags/shopzada_business_dept.py
[2025-11-27T13:14:16.285+0000] {processor.py:925} INFO - DAG(s) 'shopzada_business_dept_parquet' retrieved from /opt/airflow/dags/shopzada_business_dept.py
[2025-11-27T13:14:16.315+0000] {logging_mixin.py:190} INFO - [2025-11-27T13:14:16.315+0000] {dag.py:3239} INFO - Sync 1 DAGs
[2025-11-27T13:14:16.330+0000] {logging_mixin.py:190} INFO - [2025-11-27T13:14:16.330+0000] {dag.py:4180} INFO - Setting next_dagrun for shopzada_business_dept_parquet to None, run_after=None
[2025-11-27T13:14:16.350+0000] {processor.py:208} INFO - Processing /opt/airflow/dags/shopzada_business_dept.py took 0.104 seconds
[2025-11-27T13:14:47.183+0000] {processor.py:186} INFO - Started process (PID=344) to work on /opt/airflow/dags/shopzada_business_dept.py
[2025-11-27T13:14:47.184+0000] {processor.py:914} INFO - Processing file /opt/airflow/dags/shopzada_business_dept.py for tasks to queue
[2025-11-27T13:14:47.187+0000] {logging_mixin.py:190} INFO - [2025-11-27T13:14:47.187+0000] {dagbag.py:588} INFO - Filling up the DagBag from /opt/airflow/dags/shopzada_business_dept.py
[2025-11-27T13:14:47.220+0000] {processor.py:925} INFO - DAG(s) 'shopzada_business_dept_parquet' retrieved from /opt/airflow/dags/shopzada_business_dept.py
[2025-11-27T13:14:47.245+0000] {logging_mixin.py:190} INFO - [2025-11-27T13:14:47.244+0000] {dag.py:3239} INFO - Sync 1 DAGs
[2025-11-27T13:14:47.259+0000] {logging_mixin.py:190} INFO - [2025-11-27T13:14:47.259+0000] {dag.py:4180} INFO - Setting next_dagrun for shopzada_business_dept_parquet to None, run_after=None
[2025-11-27T13:14:47.281+0000] {processor.py:208} INFO - Processing /opt/airflow/dags/shopzada_business_dept.py took 0.103 seconds
[2025-11-27T13:15:18.035+0000] {processor.py:186} INFO - Started process (PID=384) to work on /opt/airflow/dags/shopzada_business_dept.py
[2025-11-27T13:15:18.037+0000] {processor.py:914} INFO - Processing file /opt/airflow/dags/shopzada_business_dept.py for tasks to queue
[2025-11-27T13:15:18.039+0000] {logging_mixin.py:190} INFO - [2025-11-27T13:15:18.039+0000] {dagbag.py:588} INFO - Filling up the DagBag from /opt/airflow/dags/shopzada_business_dept.py
[2025-11-27T13:15:18.068+0000] {processor.py:925} INFO - DAG(s) 'shopzada_business_dept_parquet' retrieved from /opt/airflow/dags/shopzada_business_dept.py
[2025-11-27T13:15:18.091+0000] {logging_mixin.py:190} INFO - [2025-11-27T13:15:18.091+0000] {dag.py:3239} INFO - Sync 1 DAGs
[2025-11-27T13:15:18.109+0000] {logging_mixin.py:190} INFO - [2025-11-27T13:15:18.109+0000] {dag.py:4180} INFO - Setting next_dagrun for shopzada_business_dept_parquet to None, run_after=None
[2025-11-27T13:15:18.135+0000] {processor.py:208} INFO - Processing /opt/airflow/dags/shopzada_business_dept.py took 0.105 seconds
[2025-11-27T13:15:48.770+0000] {processor.py:186} INFO - Started process (PID=424) to work on /opt/airflow/dags/shopzada_business_dept.py
[2025-11-27T13:15:48.771+0000] {processor.py:914} INFO - Processing file /opt/airflow/dags/shopzada_business_dept.py for tasks to queue
[2025-11-27T13:15:48.774+0000] {logging_mixin.py:190} INFO - [2025-11-27T13:15:48.774+0000] {dagbag.py:588} INFO - Filling up the DagBag from /opt/airflow/dags/shopzada_business_dept.py
[2025-11-27T13:15:48.803+0000] {processor.py:925} INFO - DAG(s) 'shopzada_business_dept_parquet' retrieved from /opt/airflow/dags/shopzada_business_dept.py
[2025-11-27T13:15:48.832+0000] {logging_mixin.py:190} INFO - [2025-11-27T13:15:48.831+0000] {dag.py:3239} INFO - Sync 1 DAGs
[2025-11-27T13:15:48.857+0000] {logging_mixin.py:190} INFO - [2025-11-27T13:15:48.856+0000] {dag.py:4180} INFO - Setting next_dagrun for shopzada_business_dept_parquet to None, run_after=None
[2025-11-27T13:15:48.874+0000] {processor.py:208} INFO - Processing /opt/airflow/dags/shopzada_business_dept.py took 0.113 seconds
[2025-11-27T13:16:19.963+0000] {processor.py:186} INFO - Started process (PID=464) to work on /opt/airflow/dags/shopzada_business_dept.py
[2025-11-27T13:16:19.965+0000] {processor.py:914} INFO - Processing file /opt/airflow/dags/shopzada_business_dept.py for tasks to queue
[2025-11-27T13:16:19.969+0000] {logging_mixin.py:190} INFO - [2025-11-27T13:16:19.969+0000] {dagbag.py:588} INFO - Filling up the DagBag from /opt/airflow/dags/shopzada_business_dept.py
[2025-11-27T13:16:20.005+0000] {processor.py:925} INFO - DAG(s) 'shopzada_business_dept_parquet' retrieved from /opt/airflow/dags/shopzada_business_dept.py
[2025-11-27T13:16:20.031+0000] {logging_mixin.py:190} INFO - [2025-11-27T13:16:20.031+0000] {dag.py:3239} INFO - Sync 1 DAGs
[2025-11-27T13:16:20.049+0000] {logging_mixin.py:190} INFO - [2025-11-27T13:16:20.049+0000] {dag.py:4180} INFO - Setting next_dagrun for shopzada_business_dept_parquet to None, run_after=None
[2025-11-27T13:16:20.071+0000] {processor.py:208} INFO - Processing /opt/airflow/dags/shopzada_business_dept.py took 0.116 seconds
[2025-11-27T13:16:50.349+0000] {processor.py:186} INFO - Started process (PID=504) to work on /opt/airflow/dags/shopzada_business_dept.py
[2025-11-27T13:16:50.350+0000] {processor.py:914} INFO - Processing file /opt/airflow/dags/shopzada_business_dept.py for tasks to queue
[2025-11-27T13:16:50.353+0000] {logging_mixin.py:190} INFO - [2025-11-27T13:16:50.353+0000] {dagbag.py:588} INFO - Filling up the DagBag from /opt/airflow/dags/shopzada_business_dept.py
[2025-11-27T13:16:50.386+0000] {processor.py:925} INFO - DAG(s) 'shopzada_business_dept_parquet' retrieved from /opt/airflow/dags/shopzada_business_dept.py
[2025-11-27T13:16:50.410+0000] {logging_mixin.py:190} INFO - [2025-11-27T13:16:50.409+0000] {dag.py:3239} INFO - Sync 1 DAGs
[2025-11-27T13:16:50.424+0000] {logging_mixin.py:190} INFO - [2025-11-27T13:16:50.424+0000] {dag.py:4180} INFO - Setting next_dagrun for shopzada_business_dept_parquet to None, run_after=None
[2025-11-27T13:16:50.445+0000] {processor.py:208} INFO - Processing /opt/airflow/dags/shopzada_business_dept.py took 0.102 seconds
[2025-11-27T13:17:21.161+0000] {processor.py:186} INFO - Started process (PID=547) to work on /opt/airflow/dags/shopzada_business_dept.py
[2025-11-27T13:17:21.162+0000] {processor.py:914} INFO - Processing file /opt/airflow/dags/shopzada_business_dept.py for tasks to queue
[2025-11-27T13:17:21.165+0000] {logging_mixin.py:190} INFO - [2025-11-27T13:17:21.164+0000] {dagbag.py:588} INFO - Filling up the DagBag from /opt/airflow/dags/shopzada_business_dept.py
[2025-11-27T13:17:21.198+0000] {processor.py:925} INFO - DAG(s) 'shopzada_business_dept_parquet' retrieved from /opt/airflow/dags/shopzada_business_dept.py
[2025-11-27T13:17:21.227+0000] {logging_mixin.py:190} INFO - [2025-11-27T13:17:21.227+0000] {dag.py:3239} INFO - Sync 1 DAGs
[2025-11-27T13:17:21.248+0000] {logging_mixin.py:190} INFO - [2025-11-27T13:17:21.248+0000] {dag.py:4180} INFO - Setting next_dagrun for shopzada_business_dept_parquet to None, run_after=None
[2025-11-27T13:17:21.269+0000] {processor.py:208} INFO - Processing /opt/airflow/dags/shopzada_business_dept.py took 0.117 seconds
[2025-11-27T13:17:52.139+0000] {processor.py:186} INFO - Started process (PID=621) to work on /opt/airflow/dags/shopzada_business_dept.py
[2025-11-27T13:17:52.140+0000] {processor.py:914} INFO - Processing file /opt/airflow/dags/shopzada_business_dept.py for tasks to queue
[2025-11-27T13:17:52.144+0000] {logging_mixin.py:190} INFO - [2025-11-27T13:17:52.143+0000] {dagbag.py:588} INFO - Filling up the DagBag from /opt/airflow/dags/shopzada_business_dept.py
[2025-11-27T13:17:52.170+0000] {processor.py:925} INFO - DAG(s) 'shopzada_business_dept_parquet' retrieved from /opt/airflow/dags/shopzada_business_dept.py
[2025-11-27T13:17:52.194+0000] {logging_mixin.py:190} INFO - [2025-11-27T13:17:52.194+0000] {dag.py:3239} INFO - Sync 1 DAGs
[2025-11-27T13:17:52.207+0000] {logging_mixin.py:190} INFO - [2025-11-27T13:17:52.207+0000] {dag.py:4180} INFO - Setting next_dagrun for shopzada_business_dept_parquet to None, run_after=None
[2025-11-27T13:17:52.226+0000] {processor.py:208} INFO - Processing /opt/airflow/dags/shopzada_business_dept.py took 0.095 seconds
[2025-11-27T13:18:23.126+0000] {processor.py:186} INFO - Started process (PID=660) to work on /opt/airflow/dags/shopzada_business_dept.py
[2025-11-27T13:18:23.127+0000] {processor.py:914} INFO - Processing file /opt/airflow/dags/shopzada_business_dept.py for tasks to queue
[2025-11-27T13:18:23.131+0000] {logging_mixin.py:190} INFO - [2025-11-27T13:18:23.130+0000] {dagbag.py:588} INFO - Filling up the DagBag from /opt/airflow/dags/shopzada_business_dept.py
[2025-11-27T13:18:23.165+0000] {processor.py:925} INFO - DAG(s) 'shopzada_business_dept_parquet' retrieved from /opt/airflow/dags/shopzada_business_dept.py
[2025-11-27T13:18:23.194+0000] {logging_mixin.py:190} INFO - [2025-11-27T13:18:23.193+0000] {dag.py:3239} INFO - Sync 1 DAGs
[2025-11-27T13:18:23.207+0000] {logging_mixin.py:190} INFO - [2025-11-27T13:18:23.207+0000] {dag.py:4180} INFO - Setting next_dagrun for shopzada_business_dept_parquet to None, run_after=None
[2025-11-27T13:18:23.229+0000] {processor.py:208} INFO - Processing /opt/airflow/dags/shopzada_business_dept.py took 0.110 seconds
[2025-11-27T13:18:55.315+0000] {processor.py:186} INFO - Started process (PID=699) to work on /opt/airflow/dags/shopzada_business_dept.py
[2025-11-27T13:18:55.317+0000] {processor.py:914} INFO - Processing file /opt/airflow/dags/shopzada_business_dept.py for tasks to queue
[2025-11-27T13:18:55.319+0000] {logging_mixin.py:190} INFO - [2025-11-27T13:18:55.319+0000] {dagbag.py:588} INFO - Filling up the DagBag from /opt/airflow/dags/shopzada_business_dept.py
[2025-11-27T13:18:55.362+0000] {processor.py:925} INFO - DAG(s) 'shopzada_business_dept_parquet' retrieved from /opt/airflow/dags/shopzada_business_dept.py
[2025-11-27T13:18:55.401+0000] {logging_mixin.py:190} INFO - [2025-11-27T13:18:55.401+0000] {dag.py:3239} INFO - Sync 1 DAGs
[2025-11-27T13:18:55.424+0000] {logging_mixin.py:190} INFO - [2025-11-27T13:18:55.424+0000] {dag.py:4180} INFO - Setting next_dagrun for shopzada_business_dept_parquet to None, run_after=None
[2025-11-27T13:18:55.449+0000] {processor.py:208} INFO - Processing /opt/airflow/dags/shopzada_business_dept.py took 0.139 seconds
