[2025-11-27T13:13:15.118+0000] {processor.py:186} INFO - Started process (PID=201) to work on /opt/airflow/dags/shopzada_customer_dept.py
[2025-11-27T13:13:15.119+0000] {processor.py:914} INFO - Processing file /opt/airflow/dags/shopzada_customer_dept.py for tasks to queue
[2025-11-27T13:13:15.122+0000] {logging_mixin.py:190} INFO - [2025-11-27T13:13:15.122+0000] {dagbag.py:588} INFO - Filling up the DagBag from /opt/airflow/dags/shopzada_customer_dept.py
[2025-11-27T13:13:15.153+0000] {processor.py:925} INFO - DAG(s) 'shopzada_customer_dept_parquet' retrieved from /opt/airflow/dags/shopzada_customer_dept.py
[2025-11-27T13:13:15.173+0000] {logging_mixin.py:190} INFO - [2025-11-27T13:13:15.173+0000] {dag.py:3239} INFO - Sync 1 DAGs
[2025-11-27T13:13:15.187+0000] {logging_mixin.py:190} INFO - [2025-11-27T13:13:15.187+0000] {dag.py:4180} INFO - Setting next_dagrun for shopzada_customer_dept_parquet to None, run_after=None
[2025-11-27T13:13:15.207+0000] {processor.py:208} INFO - Processing /opt/airflow/dags/shopzada_customer_dept.py took 0.094 seconds
[2025-11-27T13:13:45.774+0000] {processor.py:186} INFO - Started process (PID=269) to work on /opt/airflow/dags/shopzada_customer_dept.py
[2025-11-27T13:13:45.776+0000] {processor.py:914} INFO - Processing file /opt/airflow/dags/shopzada_customer_dept.py for tasks to queue
[2025-11-27T13:13:45.778+0000] {logging_mixin.py:190} INFO - [2025-11-27T13:13:45.778+0000] {dagbag.py:588} INFO - Filling up the DagBag from /opt/airflow/dags/shopzada_customer_dept.py
[2025-11-27T13:13:45.802+0000] {processor.py:925} INFO - DAG(s) 'shopzada_customer_dept_parquet' retrieved from /opt/airflow/dags/shopzada_customer_dept.py
[2025-11-27T13:13:45.825+0000] {logging_mixin.py:190} INFO - [2025-11-27T13:13:45.825+0000] {dag.py:3239} INFO - Sync 1 DAGs
[2025-11-27T13:13:45.838+0000] {logging_mixin.py:190} INFO - [2025-11-27T13:13:45.838+0000] {dag.py:4180} INFO - Setting next_dagrun for shopzada_customer_dept_parquet to None, run_after=None
[2025-11-27T13:13:45.858+0000] {processor.py:208} INFO - Processing /opt/airflow/dags/shopzada_customer_dept.py took 0.089 seconds
[2025-11-27T13:14:16.418+0000] {processor.py:186} INFO - Started process (PID=309) to work on /opt/airflow/dags/shopzada_customer_dept.py
[2025-11-27T13:14:16.420+0000] {processor.py:914} INFO - Processing file /opt/airflow/dags/shopzada_customer_dept.py for tasks to queue
[2025-11-27T13:14:16.422+0000] {logging_mixin.py:190} INFO - [2025-11-27T13:14:16.422+0000] {dagbag.py:588} INFO - Filling up the DagBag from /opt/airflow/dags/shopzada_customer_dept.py
[2025-11-27T13:14:16.454+0000] {processor.py:925} INFO - DAG(s) 'shopzada_customer_dept_parquet' retrieved from /opt/airflow/dags/shopzada_customer_dept.py
[2025-11-27T13:14:16.477+0000] {logging_mixin.py:190} INFO - [2025-11-27T13:14:16.476+0000] {dag.py:3239} INFO - Sync 1 DAGs
[2025-11-27T13:14:16.490+0000] {logging_mixin.py:190} INFO - [2025-11-27T13:14:16.489+0000] {dag.py:4180} INFO - Setting next_dagrun for shopzada_customer_dept_parquet to None, run_after=None
[2025-11-27T13:14:16.510+0000] {processor.py:208} INFO - Processing /opt/airflow/dags/shopzada_customer_dept.py took 0.097 seconds
[2025-11-27T13:14:47.337+0000] {processor.py:186} INFO - Started process (PID=351) to work on /opt/airflow/dags/shopzada_customer_dept.py
[2025-11-27T13:14:47.338+0000] {processor.py:914} INFO - Processing file /opt/airflow/dags/shopzada_customer_dept.py for tasks to queue
[2025-11-27T13:14:47.341+0000] {logging_mixin.py:190} INFO - [2025-11-27T13:14:47.341+0000] {dagbag.py:588} INFO - Filling up the DagBag from /opt/airflow/dags/shopzada_customer_dept.py
[2025-11-27T13:14:47.370+0000] {processor.py:925} INFO - DAG(s) 'shopzada_customer_dept_parquet' retrieved from /opt/airflow/dags/shopzada_customer_dept.py
[2025-11-27T13:14:47.397+0000] {logging_mixin.py:190} INFO - [2025-11-27T13:14:47.397+0000] {dag.py:3239} INFO - Sync 1 DAGs
[2025-11-27T13:14:47.418+0000] {logging_mixin.py:190} INFO - [2025-11-27T13:14:47.418+0000] {dag.py:4180} INFO - Setting next_dagrun for shopzada_customer_dept_parquet to None, run_after=None
[2025-11-27T13:14:47.439+0000] {processor.py:208} INFO - Processing /opt/airflow/dags/shopzada_customer_dept.py took 0.109 seconds
[2025-11-27T13:15:18.185+0000] {processor.py:186} INFO - Started process (PID=391) to work on /opt/airflow/dags/shopzada_customer_dept.py
[2025-11-27T13:15:18.187+0000] {processor.py:914} INFO - Processing file /opt/airflow/dags/shopzada_customer_dept.py for tasks to queue
[2025-11-27T13:15:18.189+0000] {logging_mixin.py:190} INFO - [2025-11-27T13:15:18.188+0000] {dagbag.py:588} INFO - Filling up the DagBag from /opt/airflow/dags/shopzada_customer_dept.py
[2025-11-27T13:15:18.224+0000] {processor.py:925} INFO - DAG(s) 'shopzada_customer_dept_parquet' retrieved from /opt/airflow/dags/shopzada_customer_dept.py
[2025-11-27T13:15:18.256+0000] {logging_mixin.py:190} INFO - [2025-11-27T13:15:18.256+0000] {dag.py:3239} INFO - Sync 1 DAGs
[2025-11-27T13:15:18.271+0000] {logging_mixin.py:190} INFO - [2025-11-27T13:15:18.271+0000] {dag.py:4180} INFO - Setting next_dagrun for shopzada_customer_dept_parquet to None, run_after=None
[2025-11-27T13:15:18.290+0000] {processor.py:208} INFO - Processing /opt/airflow/dags/shopzada_customer_dept.py took 0.111 seconds
[2025-11-27T13:15:48.938+0000] {processor.py:186} INFO - Started process (PID=431) to work on /opt/airflow/dags/shopzada_customer_dept.py
[2025-11-27T13:15:48.940+0000] {processor.py:914} INFO - Processing file /opt/airflow/dags/shopzada_customer_dept.py for tasks to queue
[2025-11-27T13:15:48.942+0000] {logging_mixin.py:190} INFO - [2025-11-27T13:15:48.942+0000] {dagbag.py:588} INFO - Filling up the DagBag from /opt/airflow/dags/shopzada_customer_dept.py
[2025-11-27T13:15:48.970+0000] {processor.py:925} INFO - DAG(s) 'shopzada_customer_dept_parquet' retrieved from /opt/airflow/dags/shopzada_customer_dept.py
[2025-11-27T13:15:49.004+0000] {logging_mixin.py:190} INFO - [2025-11-27T13:15:49.004+0000] {dag.py:3239} INFO - Sync 1 DAGs
[2025-11-27T13:15:49.020+0000] {logging_mixin.py:190} INFO - [2025-11-27T13:15:49.019+0000] {dag.py:4180} INFO - Setting next_dagrun for shopzada_customer_dept_parquet to None, run_after=None
[2025-11-27T13:15:49.044+0000] {processor.py:208} INFO - Processing /opt/airflow/dags/shopzada_customer_dept.py took 0.112 seconds
[2025-11-27T13:16:20.123+0000] {processor.py:186} INFO - Started process (PID=471) to work on /opt/airflow/dags/shopzada_customer_dept.py
[2025-11-27T13:16:20.124+0000] {processor.py:914} INFO - Processing file /opt/airflow/dags/shopzada_customer_dept.py for tasks to queue
[2025-11-27T13:16:20.126+0000] {logging_mixin.py:190} INFO - [2025-11-27T13:16:20.126+0000] {dagbag.py:588} INFO - Filling up the DagBag from /opt/airflow/dags/shopzada_customer_dept.py
[2025-11-27T13:16:20.150+0000] {processor.py:925} INFO - DAG(s) 'shopzada_customer_dept_parquet' retrieved from /opt/airflow/dags/shopzada_customer_dept.py
[2025-11-27T13:16:20.177+0000] {logging_mixin.py:190} INFO - [2025-11-27T13:16:20.176+0000] {dag.py:3239} INFO - Sync 1 DAGs
[2025-11-27T13:16:20.191+0000] {logging_mixin.py:190} INFO - [2025-11-27T13:16:20.191+0000] {dag.py:4180} INFO - Setting next_dagrun for shopzada_customer_dept_parquet to None, run_after=None
[2025-11-27T13:16:20.214+0000] {processor.py:208} INFO - Processing /opt/airflow/dags/shopzada_customer_dept.py took 0.098 seconds
[2025-11-27T13:16:50.507+0000] {processor.py:186} INFO - Started process (PID=511) to work on /opt/airflow/dags/shopzada_customer_dept.py
[2025-11-27T13:16:50.510+0000] {processor.py:914} INFO - Processing file /opt/airflow/dags/shopzada_customer_dept.py for tasks to queue
[2025-11-27T13:16:50.514+0000] {logging_mixin.py:190} INFO - [2025-11-27T13:16:50.513+0000] {dagbag.py:588} INFO - Filling up the DagBag from /opt/airflow/dags/shopzada_customer_dept.py
[2025-11-27T13:16:50.544+0000] {processor.py:925} INFO - DAG(s) 'shopzada_customer_dept_parquet' retrieved from /opt/airflow/dags/shopzada_customer_dept.py
[2025-11-27T13:16:50.566+0000] {logging_mixin.py:190} INFO - [2025-11-27T13:16:50.566+0000] {dag.py:3239} INFO - Sync 1 DAGs
[2025-11-27T13:16:50.582+0000] {logging_mixin.py:190} INFO - [2025-11-27T13:16:50.582+0000] {dag.py:4180} INFO - Setting next_dagrun for shopzada_customer_dept_parquet to None, run_after=None
[2025-11-27T13:16:50.607+0000] {processor.py:208} INFO - Processing /opt/airflow/dags/shopzada_customer_dept.py took 0.107 seconds
[2025-11-27T13:17:21.324+0000] {processor.py:186} INFO - Started process (PID=554) to work on /opt/airflow/dags/shopzada_customer_dept.py
[2025-11-27T13:17:21.325+0000] {processor.py:914} INFO - Processing file /opt/airflow/dags/shopzada_customer_dept.py for tasks to queue
[2025-11-27T13:17:21.328+0000] {logging_mixin.py:190} INFO - [2025-11-27T13:17:21.327+0000] {dagbag.py:588} INFO - Filling up the DagBag from /opt/airflow/dags/shopzada_customer_dept.py
[2025-11-27T13:17:21.351+0000] {processor.py:925} INFO - DAG(s) 'shopzada_customer_dept_parquet' retrieved from /opt/airflow/dags/shopzada_customer_dept.py
[2025-11-27T13:17:21.376+0000] {logging_mixin.py:190} INFO - [2025-11-27T13:17:21.376+0000] {dag.py:3239} INFO - Sync 1 DAGs
[2025-11-27T13:17:21.390+0000] {logging_mixin.py:190} INFO - [2025-11-27T13:17:21.390+0000] {dag.py:4180} INFO - Setting next_dagrun for shopzada_customer_dept_parquet to None, run_after=None
[2025-11-27T13:17:21.410+0000] {processor.py:208} INFO - Processing /opt/airflow/dags/shopzada_customer_dept.py took 0.093 seconds
[2025-11-27T13:17:52.275+0000] {processor.py:186} INFO - Started process (PID=626) to work on /opt/airflow/dags/shopzada_customer_dept.py
[2025-11-27T13:17:52.276+0000] {processor.py:914} INFO - Processing file /opt/airflow/dags/shopzada_customer_dept.py for tasks to queue
[2025-11-27T13:17:52.279+0000] {logging_mixin.py:190} INFO - [2025-11-27T13:17:52.278+0000] {dagbag.py:588} INFO - Filling up the DagBag from /opt/airflow/dags/shopzada_customer_dept.py
[2025-11-27T13:17:52.302+0000] {processor.py:925} INFO - DAG(s) 'shopzada_customer_dept_parquet' retrieved from /opt/airflow/dags/shopzada_customer_dept.py
[2025-11-27T13:17:52.325+0000] {logging_mixin.py:190} INFO - [2025-11-27T13:17:52.325+0000] {dag.py:3239} INFO - Sync 1 DAGs
[2025-11-27T13:17:52.340+0000] {logging_mixin.py:190} INFO - [2025-11-27T13:17:52.340+0000] {dag.py:4180} INFO - Setting next_dagrun for shopzada_customer_dept_parquet to None, run_after=None
[2025-11-27T13:17:52.362+0000] {processor.py:208} INFO - Processing /opt/airflow/dags/shopzada_customer_dept.py took 0.093 seconds
[2025-11-27T13:18:23.159+0000] {processor.py:186} INFO - Started process (PID=664) to work on /opt/airflow/dags/shopzada_customer_dept.py
[2025-11-27T13:18:23.161+0000] {processor.py:914} INFO - Processing file /opt/airflow/dags/shopzada_customer_dept.py for tasks to queue
[2025-11-27T13:18:23.163+0000] {logging_mixin.py:190} INFO - [2025-11-27T13:18:23.163+0000] {dagbag.py:588} INFO - Filling up the DagBag from /opt/airflow/dags/shopzada_customer_dept.py
[2025-11-27T13:18:23.199+0000] {processor.py:925} INFO - DAG(s) 'shopzada_customer_dept_parquet' retrieved from /opt/airflow/dags/shopzada_customer_dept.py
[2025-11-27T13:18:23.227+0000] {logging_mixin.py:190} INFO - [2025-11-27T13:18:23.227+0000] {dag.py:3239} INFO - Sync 1 DAGs
[2025-11-27T13:18:23.244+0000] {logging_mixin.py:190} INFO - [2025-11-27T13:18:23.244+0000] {dag.py:4180} INFO - Setting next_dagrun for shopzada_customer_dept_parquet to None, run_after=None
[2025-11-27T13:18:23.264+0000] {processor.py:208} INFO - Processing /opt/airflow/dags/shopzada_customer_dept.py took 0.113 seconds
[2025-11-27T13:18:55.488+0000] {processor.py:186} INFO - Started process (PID=706) to work on /opt/airflow/dags/shopzada_customer_dept.py
[2025-11-27T13:18:55.489+0000] {processor.py:914} INFO - Processing file /opt/airflow/dags/shopzada_customer_dept.py for tasks to queue
[2025-11-27T13:18:55.492+0000] {logging_mixin.py:190} INFO - [2025-11-27T13:18:55.491+0000] {dagbag.py:588} INFO - Filling up the DagBag from /opt/airflow/dags/shopzada_customer_dept.py
[2025-11-27T13:18:55.521+0000] {processor.py:925} INFO - DAG(s) 'shopzada_customer_dept_parquet' retrieved from /opt/airflow/dags/shopzada_customer_dept.py
[2025-11-27T13:18:55.546+0000] {logging_mixin.py:190} INFO - [2025-11-27T13:18:55.546+0000] {dag.py:3239} INFO - Sync 1 DAGs
[2025-11-27T13:18:55.563+0000] {logging_mixin.py:190} INFO - [2025-11-27T13:18:55.562+0000] {dag.py:4180} INFO - Setting next_dagrun for shopzada_customer_dept_parquet to None, run_after=None
[2025-11-27T13:18:55.584+0000] {processor.py:208} INFO - Processing /opt/airflow/dags/shopzada_customer_dept.py took 0.102 seconds
