[2025-11-27T13:13:14.626+0000] {processor.py:186} INFO - Started process (PID=173) to work on /opt/airflow/dags/shopzada_all_depts_parquet.py
[2025-11-27T13:13:14.628+0000] {processor.py:914} INFO - Processing file /opt/airflow/dags/shopzada_all_depts_parquet.py for tasks to queue
[2025-11-27T13:13:14.633+0000] {logging_mixin.py:190} INFO - [2025-11-27T13:13:14.632+0000] {dagbag.py:588} INFO - Filling up the DagBag from /opt/airflow/dags/shopzada_all_depts_parquet.py
[2025-11-27T13:13:14.666+0000] {processor.py:925} INFO - DAG(s) 'shopzada_all_depts_parquet' retrieved from /opt/airflow/dags/shopzada_all_depts_parquet.py
[2025-11-27T13:13:14.703+0000] {logging_mixin.py:190} INFO - [2025-11-27T13:13:14.703+0000] {dag.py:3239} INFO - Sync 1 DAGs
[2025-11-27T13:13:14.721+0000] {logging_mixin.py:190} INFO - [2025-11-27T13:13:14.720+0000] {dag.py:4180} INFO - Setting next_dagrun for shopzada_all_depts_parquet to None, run_after=None
[2025-11-27T13:13:14.742+0000] {processor.py:208} INFO - Processing /opt/airflow/dags/shopzada_all_depts_parquet.py took 0.125 seconds
[2025-11-27T13:13:45.317+0000] {processor.py:186} INFO - Started process (PID=244) to work on /opt/airflow/dags/shopzada_all_depts_parquet.py
[2025-11-27T13:13:45.319+0000] {processor.py:914} INFO - Processing file /opt/airflow/dags/shopzada_all_depts_parquet.py for tasks to queue
[2025-11-27T13:13:45.322+0000] {logging_mixin.py:190} INFO - [2025-11-27T13:13:45.322+0000] {dagbag.py:588} INFO - Filling up the DagBag from /opt/airflow/dags/shopzada_all_depts_parquet.py
[2025-11-27T13:13:45.352+0000] {processor.py:925} INFO - DAG(s) 'shopzada_all_depts_parquet' retrieved from /opt/airflow/dags/shopzada_all_depts_parquet.py
[2025-11-27T13:13:45.384+0000] {logging_mixin.py:190} INFO - [2025-11-27T13:13:45.383+0000] {dag.py:3239} INFO - Sync 1 DAGs
[2025-11-27T13:13:45.399+0000] {logging_mixin.py:190} INFO - [2025-11-27T13:13:45.399+0000] {dag.py:4180} INFO - Setting next_dagrun for shopzada_all_depts_parquet to None, run_after=None
[2025-11-27T13:13:45.420+0000] {processor.py:208} INFO - Processing /opt/airflow/dags/shopzada_all_depts_parquet.py took 0.111 seconds
[2025-11-27T13:14:15.857+0000] {processor.py:186} INFO - Started process (PID=284) to work on /opt/airflow/dags/shopzada_all_depts_parquet.py
[2025-11-27T13:14:15.861+0000] {processor.py:914} INFO - Processing file /opt/airflow/dags/shopzada_all_depts_parquet.py for tasks to queue
[2025-11-27T13:14:15.865+0000] {logging_mixin.py:190} INFO - [2025-11-27T13:14:15.864+0000] {dagbag.py:588} INFO - Filling up the DagBag from /opt/airflow/dags/shopzada_all_depts_parquet.py
[2025-11-27T13:14:15.911+0000] {processor.py:925} INFO - DAG(s) 'shopzada_all_depts_parquet' retrieved from /opt/airflow/dags/shopzada_all_depts_parquet.py
[2025-11-27T13:14:15.961+0000] {logging_mixin.py:190} INFO - [2025-11-27T13:14:15.961+0000] {dag.py:3239} INFO - Sync 1 DAGs
[2025-11-27T13:14:15.985+0000] {logging_mixin.py:190} INFO - [2025-11-27T13:14:15.984+0000] {dag.py:4180} INFO - Setting next_dagrun for shopzada_all_depts_parquet to None, run_after=None
[2025-11-27T13:14:16.014+0000] {processor.py:208} INFO - Processing /opt/airflow/dags/shopzada_all_depts_parquet.py took 0.175 seconds
[2025-11-27T13:14:46.745+0000] {processor.py:186} INFO - Started process (PID=326) to work on /opt/airflow/dags/shopzada_all_depts_parquet.py
[2025-11-27T13:14:46.750+0000] {processor.py:914} INFO - Processing file /opt/airflow/dags/shopzada_all_depts_parquet.py for tasks to queue
[2025-11-27T13:14:46.762+0000] {logging_mixin.py:190} INFO - [2025-11-27T13:14:46.758+0000] {dagbag.py:588} INFO - Filling up the DagBag from /opt/airflow/dags/shopzada_all_depts_parquet.py
[2025-11-27T13:14:46.833+0000] {processor.py:925} INFO - DAG(s) 'shopzada_all_depts_parquet' retrieved from /opt/airflow/dags/shopzada_all_depts_parquet.py
[2025-11-27T13:14:46.888+0000] {logging_mixin.py:190} INFO - [2025-11-27T13:14:46.888+0000] {dag.py:3239} INFO - Sync 1 DAGs
[2025-11-27T13:14:46.919+0000] {logging_mixin.py:190} INFO - [2025-11-27T13:14:46.919+0000] {dag.py:4180} INFO - Setting next_dagrun for shopzada_all_depts_parquet to None, run_after=None
[2025-11-27T13:14:46.950+0000] {processor.py:208} INFO - Processing /opt/airflow/dags/shopzada_all_depts_parquet.py took 0.230 seconds
[2025-11-27T13:15:17.663+0000] {processor.py:186} INFO - Started process (PID=366) to work on /opt/airflow/dags/shopzada_all_depts_parquet.py
[2025-11-27T13:15:17.665+0000] {processor.py:914} INFO - Processing file /opt/airflow/dags/shopzada_all_depts_parquet.py for tasks to queue
[2025-11-27T13:15:17.668+0000] {logging_mixin.py:190} INFO - [2025-11-27T13:15:17.668+0000] {dagbag.py:588} INFO - Filling up the DagBag from /opt/airflow/dags/shopzada_all_depts_parquet.py
[2025-11-27T13:15:17.709+0000] {processor.py:925} INFO - DAG(s) 'shopzada_all_depts_parquet' retrieved from /opt/airflow/dags/shopzada_all_depts_parquet.py
[2025-11-27T13:15:17.747+0000] {logging_mixin.py:190} INFO - [2025-11-27T13:15:17.746+0000] {dag.py:3239} INFO - Sync 1 DAGs
[2025-11-27T13:15:17.768+0000] {logging_mixin.py:190} INFO - [2025-11-27T13:15:17.768+0000] {dag.py:4180} INFO - Setting next_dagrun for shopzada_all_depts_parquet to None, run_after=None
[2025-11-27T13:15:17.794+0000] {processor.py:208} INFO - Processing /opt/airflow/dags/shopzada_all_depts_parquet.py took 0.137 seconds
[2025-11-27T13:15:48.342+0000] {processor.py:186} INFO - Started process (PID=406) to work on /opt/airflow/dags/shopzada_all_depts_parquet.py
[2025-11-27T13:15:48.345+0000] {processor.py:914} INFO - Processing file /opt/airflow/dags/shopzada_all_depts_parquet.py for tasks to queue
[2025-11-27T13:15:48.351+0000] {logging_mixin.py:190} INFO - [2025-11-27T13:15:48.350+0000] {dagbag.py:588} INFO - Filling up the DagBag from /opt/airflow/dags/shopzada_all_depts_parquet.py
[2025-11-27T13:15:48.391+0000] {processor.py:925} INFO - DAG(s) 'shopzada_all_depts_parquet' retrieved from /opt/airflow/dags/shopzada_all_depts_parquet.py
[2025-11-27T13:15:48.444+0000] {logging_mixin.py:190} INFO - [2025-11-27T13:15:48.444+0000] {dag.py:3239} INFO - Sync 1 DAGs
[2025-11-27T13:15:48.470+0000] {logging_mixin.py:190} INFO - [2025-11-27T13:15:48.470+0000] {dag.py:4180} INFO - Setting next_dagrun for shopzada_all_depts_parquet to None, run_after=None
[2025-11-27T13:15:48.500+0000] {processor.py:208} INFO - Processing /opt/airflow/dags/shopzada_all_depts_parquet.py took 0.177 seconds
[2025-11-27T13:16:19.441+0000] {processor.py:186} INFO - Started process (PID=446) to work on /opt/airflow/dags/shopzada_all_depts_parquet.py
[2025-11-27T13:16:19.445+0000] {processor.py:914} INFO - Processing file /opt/airflow/dags/shopzada_all_depts_parquet.py for tasks to queue
[2025-11-27T13:16:19.457+0000] {logging_mixin.py:190} INFO - [2025-11-27T13:16:19.454+0000] {dagbag.py:588} INFO - Filling up the DagBag from /opt/airflow/dags/shopzada_all_depts_parquet.py
[2025-11-27T13:16:19.522+0000] {processor.py:925} INFO - DAG(s) 'shopzada_all_depts_parquet' retrieved from /opt/airflow/dags/shopzada_all_depts_parquet.py
[2025-11-27T13:16:19.598+0000] {logging_mixin.py:190} INFO - [2025-11-27T13:16:19.598+0000] {dag.py:3239} INFO - Sync 1 DAGs
[2025-11-27T13:16:19.663+0000] {logging_mixin.py:190} INFO - [2025-11-27T13:16:19.663+0000] {dag.py:4180} INFO - Setting next_dagrun for shopzada_all_depts_parquet to None, run_after=None
[2025-11-27T13:16:19.703+0000] {processor.py:208} INFO - Processing /opt/airflow/dags/shopzada_all_depts_parquet.py took 0.289 seconds
[2025-11-27T13:16:49.947+0000] {processor.py:186} INFO - Started process (PID=486) to work on /opt/airflow/dags/shopzada_all_depts_parquet.py
[2025-11-27T13:16:49.948+0000] {processor.py:914} INFO - Processing file /opt/airflow/dags/shopzada_all_depts_parquet.py for tasks to queue
[2025-11-27T13:16:49.953+0000] {logging_mixin.py:190} INFO - [2025-11-27T13:16:49.952+0000] {dagbag.py:588} INFO - Filling up the DagBag from /opt/airflow/dags/shopzada_all_depts_parquet.py
[2025-11-27T13:16:49.989+0000] {processor.py:925} INFO - DAG(s) 'shopzada_all_depts_parquet' retrieved from /opt/airflow/dags/shopzada_all_depts_parquet.py
[2025-11-27T13:16:50.042+0000] {logging_mixin.py:190} INFO - [2025-11-27T13:16:50.042+0000] {dag.py:3239} INFO - Sync 1 DAGs
[2025-11-27T13:16:50.071+0000] {logging_mixin.py:190} INFO - [2025-11-27T13:16:50.071+0000] {dag.py:4180} INFO - Setting next_dagrun for shopzada_all_depts_parquet to None, run_after=None
[2025-11-27T13:16:50.099+0000] {processor.py:208} INFO - Processing /opt/airflow/dags/shopzada_all_depts_parquet.py took 0.161 seconds
[2025-11-27T13:17:20.836+0000] {processor.py:186} INFO - Started process (PID=529) to work on /opt/airflow/dags/shopzada_all_depts_parquet.py
[2025-11-27T13:17:20.838+0000] {processor.py:914} INFO - Processing file /opt/airflow/dags/shopzada_all_depts_parquet.py for tasks to queue
[2025-11-27T13:17:20.841+0000] {logging_mixin.py:190} INFO - [2025-11-27T13:17:20.840+0000] {dagbag.py:588} INFO - Filling up the DagBag from /opt/airflow/dags/shopzada_all_depts_parquet.py
[2025-11-27T13:17:20.867+0000] {processor.py:925} INFO - DAG(s) 'shopzada_all_depts_parquet' retrieved from /opt/airflow/dags/shopzada_all_depts_parquet.py
[2025-11-27T13:17:20.898+0000] {logging_mixin.py:190} INFO - [2025-11-27T13:17:20.898+0000] {dag.py:3239} INFO - Sync 1 DAGs
[2025-11-27T13:17:20.920+0000] {logging_mixin.py:190} INFO - [2025-11-27T13:17:20.920+0000] {dag.py:4180} INFO - Setting next_dagrun for shopzada_all_depts_parquet to None, run_after=None
[2025-11-27T13:17:20.946+0000] {processor.py:208} INFO - Processing /opt/airflow/dags/shopzada_all_depts_parquet.py took 0.123 seconds
[2025-11-27T13:17:51.675+0000] {processor.py:186} INFO - Started process (PID=601) to work on /opt/airflow/dags/shopzada_all_depts_parquet.py
[2025-11-27T13:17:51.678+0000] {processor.py:914} INFO - Processing file /opt/airflow/dags/shopzada_all_depts_parquet.py for tasks to queue
[2025-11-27T13:17:51.687+0000] {logging_mixin.py:190} INFO - [2025-11-27T13:17:51.686+0000] {dagbag.py:588} INFO - Filling up the DagBag from /opt/airflow/dags/shopzada_all_depts_parquet.py
[2025-11-27T13:17:51.732+0000] {processor.py:925} INFO - DAG(s) 'shopzada_all_depts_parquet' retrieved from /opt/airflow/dags/shopzada_all_depts_parquet.py
[2025-11-27T13:17:51.809+0000] {logging_mixin.py:190} INFO - [2025-11-27T13:17:51.808+0000] {dag.py:3239} INFO - Sync 1 DAGs
[2025-11-27T13:17:51.853+0000] {logging_mixin.py:190} INFO - [2025-11-27T13:17:51.853+0000] {dag.py:4180} INFO - Setting next_dagrun for shopzada_all_depts_parquet to None, run_after=None
[2025-11-27T13:17:51.885+0000] {processor.py:208} INFO - Processing /opt/airflow/dags/shopzada_all_depts_parquet.py took 0.227 seconds
[2025-11-27T13:18:22.743+0000] {processor.py:186} INFO - Started process (PID=641) to work on /opt/airflow/dags/shopzada_all_depts_parquet.py
[2025-11-27T13:18:22.745+0000] {processor.py:914} INFO - Processing file /opt/airflow/dags/shopzada_all_depts_parquet.py for tasks to queue
[2025-11-27T13:18:22.749+0000] {logging_mixin.py:190} INFO - [2025-11-27T13:18:22.748+0000] {dagbag.py:588} INFO - Filling up the DagBag from /opt/airflow/dags/shopzada_all_depts_parquet.py
[2025-11-27T13:18:22.792+0000] {processor.py:925} INFO - DAG(s) 'shopzada_all_depts_parquet' retrieved from /opt/airflow/dags/shopzada_all_depts_parquet.py
[2025-11-27T13:18:22.851+0000] {logging_mixin.py:190} INFO - [2025-11-27T13:18:22.850+0000] {dag.py:3239} INFO - Sync 1 DAGs
[2025-11-27T13:18:22.873+0000] {logging_mixin.py:190} INFO - [2025-11-27T13:18:22.872+0000] {dag.py:4180} INFO - Setting next_dagrun for shopzada_all_depts_parquet to None, run_after=None
[2025-11-27T13:18:22.896+0000] {processor.py:208} INFO - Processing /opt/airflow/dags/shopzada_all_depts_parquet.py took 0.161 seconds
[2025-11-27T13:18:54.806+0000] {processor.py:186} INFO - Started process (PID=681) to work on /opt/airflow/dags/shopzada_all_depts_parquet.py
[2025-11-27T13:18:54.811+0000] {processor.py:914} INFO - Processing file /opt/airflow/dags/shopzada_all_depts_parquet.py for tasks to queue
[2025-11-27T13:18:54.824+0000] {logging_mixin.py:190} INFO - [2025-11-27T13:18:54.822+0000] {dagbag.py:588} INFO - Filling up the DagBag from /opt/airflow/dags/shopzada_all_depts_parquet.py
[2025-11-27T13:18:54.885+0000] {processor.py:925} INFO - DAG(s) 'shopzada_all_depts_parquet' retrieved from /opt/airflow/dags/shopzada_all_depts_parquet.py
[2025-11-27T13:18:54.950+0000] {logging_mixin.py:190} INFO - [2025-11-27T13:18:54.950+0000] {dag.py:3239} INFO - Sync 1 DAGs
[2025-11-27T13:18:54.989+0000] {logging_mixin.py:190} INFO - [2025-11-27T13:18:54.989+0000] {dag.py:4180} INFO - Setting next_dagrun for shopzada_all_depts_parquet to None, run_after=None
[2025-11-27T13:18:55.029+0000] {processor.py:208} INFO - Processing /opt/airflow/dags/shopzada_all_depts_parquet.py took 0.258 seconds
