[2025-11-27T13:13:14.957+0000] {processor.py:186} INFO - Started process (PID=191) to work on /opt/airflow/dags/shopzada_enterprise_dept.py
[2025-11-27T13:13:14.958+0000] {processor.py:914} INFO - Processing file /opt/airflow/dags/shopzada_enterprise_dept.py for tasks to queue
[2025-11-27T13:13:14.961+0000] {logging_mixin.py:190} INFO - [2025-11-27T13:13:14.960+0000] {dagbag.py:588} INFO - Filling up the DagBag from /opt/airflow/dags/shopzada_enterprise_dept.py
[2025-11-27T13:13:14.986+0000] {processor.py:925} INFO - DAG(s) 'shopzada_enterprise_dept_parquet' retrieved from /opt/airflow/dags/shopzada_enterprise_dept.py
[2025-11-27T13:13:15.010+0000] {logging_mixin.py:190} INFO - [2025-11-27T13:13:15.010+0000] {dag.py:3239} INFO - Sync 1 DAGs
[2025-11-27T13:13:15.025+0000] {logging_mixin.py:190} INFO - [2025-11-27T13:13:15.025+0000] {dag.py:4180} INFO - Setting next_dagrun for shopzada_enterprise_dept_parquet to None, run_after=None
[2025-11-27T13:13:15.044+0000] {processor.py:208} INFO - Processing /opt/airflow/dags/shopzada_enterprise_dept.py took 0.092 seconds
[2025-11-27T13:13:45.493+0000] {processor.py:186} INFO - Started process (PID=257) to work on /opt/airflow/dags/shopzada_enterprise_dept.py
[2025-11-27T13:13:45.495+0000] {processor.py:914} INFO - Processing file /opt/airflow/dags/shopzada_enterprise_dept.py for tasks to queue
[2025-11-27T13:13:45.497+0000] {logging_mixin.py:190} INFO - [2025-11-27T13:13:45.497+0000] {dagbag.py:588} INFO - Filling up the DagBag from /opt/airflow/dags/shopzada_enterprise_dept.py
[2025-11-27T13:13:45.523+0000] {processor.py:925} INFO - DAG(s) 'shopzada_enterprise_dept_parquet' retrieved from /opt/airflow/dags/shopzada_enterprise_dept.py
[2025-11-27T13:13:45.544+0000] {logging_mixin.py:190} INFO - [2025-11-27T13:13:45.544+0000] {dag.py:3239} INFO - Sync 1 DAGs
[2025-11-27T13:13:45.557+0000] {logging_mixin.py:190} INFO - [2025-11-27T13:13:45.557+0000] {dag.py:4180} INFO - Setting next_dagrun for shopzada_enterprise_dept_parquet to None, run_after=None
[2025-11-27T13:13:45.575+0000] {processor.py:208} INFO - Processing /opt/airflow/dags/shopzada_enterprise_dept.py took 0.088 seconds
[2025-11-27T13:14:16.243+0000] {processor.py:186} INFO - Started process (PID=299) to work on /opt/airflow/dags/shopzada_enterprise_dept.py
[2025-11-27T13:14:16.244+0000] {processor.py:914} INFO - Processing file /opt/airflow/dags/shopzada_enterprise_dept.py for tasks to queue
[2025-11-27T13:14:16.246+0000] {logging_mixin.py:190} INFO - [2025-11-27T13:14:16.246+0000] {dagbag.py:588} INFO - Filling up the DagBag from /opt/airflow/dags/shopzada_enterprise_dept.py
[2025-11-27T13:14:16.273+0000] {processor.py:925} INFO - DAG(s) 'shopzada_enterprise_dept_parquet' retrieved from /opt/airflow/dags/shopzada_enterprise_dept.py
[2025-11-27T13:14:16.301+0000] {logging_mixin.py:190} INFO - [2025-11-27T13:14:16.301+0000] {dag.py:3239} INFO - Sync 1 DAGs
[2025-11-27T13:14:16.319+0000] {logging_mixin.py:190} INFO - [2025-11-27T13:14:16.319+0000] {dag.py:4180} INFO - Setting next_dagrun for shopzada_enterprise_dept_parquet to None, run_after=None
[2025-11-27T13:14:16.339+0000] {processor.py:208} INFO - Processing /opt/airflow/dags/shopzada_enterprise_dept.py took 0.101 seconds
[2025-11-27T13:14:47.181+0000] {processor.py:186} INFO - Started process (PID=341) to work on /opt/airflow/dags/shopzada_enterprise_dept.py
[2025-11-27T13:14:47.183+0000] {processor.py:914} INFO - Processing file /opt/airflow/dags/shopzada_enterprise_dept.py for tasks to queue
[2025-11-27T13:14:47.186+0000] {logging_mixin.py:190} INFO - [2025-11-27T13:14:47.185+0000] {dagbag.py:588} INFO - Filling up the DagBag from /opt/airflow/dags/shopzada_enterprise_dept.py
[2025-11-27T13:14:47.220+0000] {processor.py:925} INFO - DAG(s) 'shopzada_enterprise_dept_parquet' retrieved from /opt/airflow/dags/shopzada_enterprise_dept.py
[2025-11-27T13:14:47.245+0000] {logging_mixin.py:190} INFO - [2025-11-27T13:14:47.245+0000] {dag.py:3239} INFO - Sync 1 DAGs
[2025-11-27T13:14:47.262+0000] {logging_mixin.py:190} INFO - [2025-11-27T13:14:47.261+0000] {dag.py:4180} INFO - Setting next_dagrun for shopzada_enterprise_dept_parquet to None, run_after=None
[2025-11-27T13:14:47.282+0000] {processor.py:208} INFO - Processing /opt/airflow/dags/shopzada_enterprise_dept.py took 0.106 seconds
[2025-11-27T13:15:18.024+0000] {processor.py:186} INFO - Started process (PID=381) to work on /opt/airflow/dags/shopzada_enterprise_dept.py
[2025-11-27T13:15:18.026+0000] {processor.py:914} INFO - Processing file /opt/airflow/dags/shopzada_enterprise_dept.py for tasks to queue
[2025-11-27T13:15:18.028+0000] {logging_mixin.py:190} INFO - [2025-11-27T13:15:18.028+0000] {dagbag.py:588} INFO - Filling up the DagBag from /opt/airflow/dags/shopzada_enterprise_dept.py
[2025-11-27T13:15:18.058+0000] {processor.py:925} INFO - DAG(s) 'shopzada_enterprise_dept_parquet' retrieved from /opt/airflow/dags/shopzada_enterprise_dept.py
[2025-11-27T13:15:18.082+0000] {logging_mixin.py:190} INFO - [2025-11-27T13:15:18.081+0000] {dag.py:3239} INFO - Sync 1 DAGs
[2025-11-27T13:15:18.094+0000] {logging_mixin.py:190} INFO - [2025-11-27T13:15:18.094+0000] {dag.py:4180} INFO - Setting next_dagrun for shopzada_enterprise_dept_parquet to None, run_after=None
[2025-11-27T13:15:18.120+0000] {processor.py:208} INFO - Processing /opt/airflow/dags/shopzada_enterprise_dept.py took 0.102 seconds
[2025-11-27T13:15:48.755+0000] {processor.py:186} INFO - Started process (PID=421) to work on /opt/airflow/dags/shopzada_enterprise_dept.py
[2025-11-27T13:15:48.757+0000] {processor.py:914} INFO - Processing file /opt/airflow/dags/shopzada_enterprise_dept.py for tasks to queue
[2025-11-27T13:15:48.761+0000] {logging_mixin.py:190} INFO - [2025-11-27T13:15:48.761+0000] {dagbag.py:588} INFO - Filling up the DagBag from /opt/airflow/dags/shopzada_enterprise_dept.py
[2025-11-27T13:15:48.790+0000] {processor.py:925} INFO - DAG(s) 'shopzada_enterprise_dept_parquet' retrieved from /opt/airflow/dags/shopzada_enterprise_dept.py
[2025-11-27T13:15:48.815+0000] {logging_mixin.py:190} INFO - [2025-11-27T13:15:48.814+0000] {dag.py:3239} INFO - Sync 1 DAGs
[2025-11-27T13:15:48.836+0000] {logging_mixin.py:190} INFO - [2025-11-27T13:15:48.836+0000] {dag.py:4180} INFO - Setting next_dagrun for shopzada_enterprise_dept_parquet to None, run_after=None
[2025-11-27T13:15:48.860+0000] {processor.py:208} INFO - Processing /opt/airflow/dags/shopzada_enterprise_dept.py took 0.113 seconds
[2025-11-27T13:16:19.950+0000] {processor.py:186} INFO - Started process (PID=461) to work on /opt/airflow/dags/shopzada_enterprise_dept.py
[2025-11-27T13:16:19.951+0000] {processor.py:914} INFO - Processing file /opt/airflow/dags/shopzada_enterprise_dept.py for tasks to queue
[2025-11-27T13:16:19.954+0000] {logging_mixin.py:190} INFO - [2025-11-27T13:16:19.954+0000] {dagbag.py:588} INFO - Filling up the DagBag from /opt/airflow/dags/shopzada_enterprise_dept.py
[2025-11-27T13:16:19.989+0000] {processor.py:925} INFO - DAG(s) 'shopzada_enterprise_dept_parquet' retrieved from /opt/airflow/dags/shopzada_enterprise_dept.py
[2025-11-27T13:16:20.015+0000] {logging_mixin.py:190} INFO - [2025-11-27T13:16:20.015+0000] {dag.py:3239} INFO - Sync 1 DAGs
[2025-11-27T13:16:20.032+0000] {logging_mixin.py:190} INFO - [2025-11-27T13:16:20.032+0000] {dag.py:4180} INFO - Setting next_dagrun for shopzada_enterprise_dept_parquet to None, run_after=None
[2025-11-27T13:16:20.062+0000] {processor.py:208} INFO - Processing /opt/airflow/dags/shopzada_enterprise_dept.py took 0.118 seconds
[2025-11-27T13:16:50.338+0000] {processor.py:186} INFO - Started process (PID=501) to work on /opt/airflow/dags/shopzada_enterprise_dept.py
[2025-11-27T13:16:50.339+0000] {processor.py:914} INFO - Processing file /opt/airflow/dags/shopzada_enterprise_dept.py for tasks to queue
[2025-11-27T13:16:50.342+0000] {logging_mixin.py:190} INFO - [2025-11-27T13:16:50.342+0000] {dagbag.py:588} INFO - Filling up the DagBag from /opt/airflow/dags/shopzada_enterprise_dept.py
[2025-11-27T13:16:50.370+0000] {processor.py:925} INFO - DAG(s) 'shopzada_enterprise_dept_parquet' retrieved from /opt/airflow/dags/shopzada_enterprise_dept.py
[2025-11-27T13:16:50.396+0000] {logging_mixin.py:190} INFO - [2025-11-27T13:16:50.396+0000] {dag.py:3239} INFO - Sync 1 DAGs
[2025-11-27T13:16:50.411+0000] {logging_mixin.py:190} INFO - [2025-11-27T13:16:50.411+0000] {dag.py:4180} INFO - Setting next_dagrun for shopzada_enterprise_dept_parquet to None, run_after=None
[2025-11-27T13:16:50.433+0000] {processor.py:208} INFO - Processing /opt/airflow/dags/shopzada_enterprise_dept.py took 0.102 seconds
[2025-11-27T13:17:21.151+0000] {processor.py:186} INFO - Started process (PID=544) to work on /opt/airflow/dags/shopzada_enterprise_dept.py
[2025-11-27T13:17:21.154+0000] {processor.py:914} INFO - Processing file /opt/airflow/dags/shopzada_enterprise_dept.py for tasks to queue
[2025-11-27T13:17:21.158+0000] {logging_mixin.py:190} INFO - [2025-11-27T13:17:21.158+0000] {dagbag.py:588} INFO - Filling up the DagBag from /opt/airflow/dags/shopzada_enterprise_dept.py
[2025-11-27T13:17:21.186+0000] {processor.py:925} INFO - DAG(s) 'shopzada_enterprise_dept_parquet' retrieved from /opt/airflow/dags/shopzada_enterprise_dept.py
[2025-11-27T13:17:21.221+0000] {logging_mixin.py:190} INFO - [2025-11-27T13:17:21.221+0000] {dag.py:3239} INFO - Sync 1 DAGs
[2025-11-27T13:17:21.241+0000] {logging_mixin.py:190} INFO - [2025-11-27T13:17:21.241+0000] {dag.py:4180} INFO - Setting next_dagrun for shopzada_enterprise_dept_parquet to None, run_after=None
[2025-11-27T13:17:21.264+0000] {processor.py:208} INFO - Processing /opt/airflow/dags/shopzada_enterprise_dept.py took 0.121 seconds
[2025-11-27T13:17:51.968+0000] {processor.py:186} INFO - Started process (PID=614) to work on /opt/airflow/dags/shopzada_enterprise_dept.py
[2025-11-27T13:17:51.970+0000] {processor.py:914} INFO - Processing file /opt/airflow/dags/shopzada_enterprise_dept.py for tasks to queue
[2025-11-27T13:17:51.973+0000] {logging_mixin.py:190} INFO - [2025-11-27T13:17:51.973+0000] {dagbag.py:588} INFO - Filling up the DagBag from /opt/airflow/dags/shopzada_enterprise_dept.py
[2025-11-27T13:17:52.011+0000] {processor.py:925} INFO - DAG(s) 'shopzada_enterprise_dept_parquet' retrieved from /opt/airflow/dags/shopzada_enterprise_dept.py
[2025-11-27T13:17:52.063+0000] {logging_mixin.py:190} INFO - [2025-11-27T13:17:52.062+0000] {dag.py:3239} INFO - Sync 1 DAGs
[2025-11-27T13:17:52.080+0000] {logging_mixin.py:190} INFO - [2025-11-27T13:17:52.080+0000] {dag.py:4180} INFO - Setting next_dagrun for shopzada_enterprise_dept_parquet to None, run_after=None
[2025-11-27T13:17:52.100+0000] {processor.py:208} INFO - Processing /opt/airflow/dags/shopzada_enterprise_dept.py took 0.140 seconds
[2025-11-27T13:18:22.987+0000] {processor.py:186} INFO - Started process (PID=654) to work on /opt/airflow/dags/shopzada_enterprise_dept.py
[2025-11-27T13:18:22.989+0000] {processor.py:914} INFO - Processing file /opt/airflow/dags/shopzada_enterprise_dept.py for tasks to queue
[2025-11-27T13:18:22.993+0000] {logging_mixin.py:190} INFO - [2025-11-27T13:18:22.993+0000] {dagbag.py:588} INFO - Filling up the DagBag from /opt/airflow/dags/shopzada_enterprise_dept.py
[2025-11-27T13:18:23.021+0000] {processor.py:925} INFO - DAG(s) 'shopzada_enterprise_dept_parquet' retrieved from /opt/airflow/dags/shopzada_enterprise_dept.py
[2025-11-27T13:18:23.045+0000] {logging_mixin.py:190} INFO - [2025-11-27T13:18:23.045+0000] {dag.py:3239} INFO - Sync 1 DAGs
[2025-11-27T13:18:23.063+0000] {logging_mixin.py:190} INFO - [2025-11-27T13:18:23.063+0000] {dag.py:4180} INFO - Setting next_dagrun for shopzada_enterprise_dept_parquet to None, run_after=None
[2025-11-27T13:18:23.089+0000] {processor.py:208} INFO - Processing /opt/airflow/dags/shopzada_enterprise_dept.py took 0.112 seconds
[2025-11-27T13:18:55.303+0000] {processor.py:186} INFO - Started process (PID=696) to work on /opt/airflow/dags/shopzada_enterprise_dept.py
[2025-11-27T13:18:55.305+0000] {processor.py:914} INFO - Processing file /opt/airflow/dags/shopzada_enterprise_dept.py for tasks to queue
[2025-11-27T13:18:55.307+0000] {logging_mixin.py:190} INFO - [2025-11-27T13:18:55.307+0000] {dagbag.py:588} INFO - Filling up the DagBag from /opt/airflow/dags/shopzada_enterprise_dept.py
[2025-11-27T13:18:55.347+0000] {processor.py:925} INFO - DAG(s) 'shopzada_enterprise_dept_parquet' retrieved from /opt/airflow/dags/shopzada_enterprise_dept.py
[2025-11-27T13:18:55.379+0000] {logging_mixin.py:190} INFO - [2025-11-27T13:18:55.378+0000] {dag.py:3239} INFO - Sync 1 DAGs
[2025-11-27T13:18:55.400+0000] {logging_mixin.py:190} INFO - [2025-11-27T13:18:55.400+0000] {dag.py:4180} INFO - Setting next_dagrun for shopzada_enterprise_dept_parquet to None, run_after=None
[2025-11-27T13:18:55.425+0000] {processor.py:208} INFO - Processing /opt/airflow/dags/shopzada_enterprise_dept.py took 0.128 seconds
