[2025-11-27T13:13:14.804+0000] {processor.py:186} INFO - Started process (PID=185) to work on /opt/airflow/dags/shopzada_etl_pipeline.py
[2025-11-27T13:13:14.805+0000] {processor.py:914} INFO - Processing file /opt/airflow/dags/shopzada_etl_pipeline.py for tasks to queue
[2025-11-27T13:13:14.808+0000] {logging_mixin.py:190} INFO - [2025-11-27T13:13:14.808+0000] {dagbag.py:588} INFO - Filling up the DagBag from /opt/airflow/dags/shopzada_etl_pipeline.py
[2025-11-27T13:13:14.840+0000] {processor.py:925} INFO - DAG(s) 'shopzada_etl_pipeline' retrieved from /opt/airflow/dags/shopzada_etl_pipeline.py
[2025-11-27T13:13:14.861+0000] {logging_mixin.py:190} INFO - [2025-11-27T13:13:14.861+0000] {dag.py:3239} INFO - Sync 1 DAGs
[2025-11-27T13:13:14.875+0000] {logging_mixin.py:190} INFO - [2025-11-27T13:13:14.875+0000] {dag.py:4180} INFO - Setting next_dagrun for shopzada_etl_pipeline to None, run_after=None
[2025-11-27T13:13:14.896+0000] {processor.py:208} INFO - Processing /opt/airflow/dags/shopzada_etl_pipeline.py took 0.097 seconds
[2025-11-27T13:13:45.475+0000] {processor.py:186} INFO - Started process (PID=254) to work on /opt/airflow/dags/shopzada_etl_pipeline.py
[2025-11-27T13:13:45.476+0000] {processor.py:914} INFO - Processing file /opt/airflow/dags/shopzada_etl_pipeline.py for tasks to queue
[2025-11-27T13:13:45.479+0000] {logging_mixin.py:190} INFO - [2025-11-27T13:13:45.479+0000] {dagbag.py:588} INFO - Filling up the DagBag from /opt/airflow/dags/shopzada_etl_pipeline.py
[2025-11-27T13:13:45.510+0000] {processor.py:925} INFO - DAG(s) 'shopzada_etl_pipeline' retrieved from /opt/airflow/dags/shopzada_etl_pipeline.py
[2025-11-27T13:13:45.532+0000] {logging_mixin.py:190} INFO - [2025-11-27T13:13:45.532+0000] {dag.py:3239} INFO - Sync 1 DAGs
[2025-11-27T13:13:45.545+0000] {logging_mixin.py:190} INFO - [2025-11-27T13:13:45.545+0000] {dag.py:4180} INFO - Setting next_dagrun for shopzada_etl_pipeline to None, run_after=None
[2025-11-27T13:13:45.565+0000] {processor.py:208} INFO - Processing /opt/airflow/dags/shopzada_etl_pipeline.py took 0.096 seconds
[2025-11-27T13:14:16.076+0000] {processor.py:186} INFO - Started process (PID=294) to work on /opt/airflow/dags/shopzada_etl_pipeline.py
[2025-11-27T13:14:16.077+0000] {processor.py:914} INFO - Processing file /opt/airflow/dags/shopzada_etl_pipeline.py for tasks to queue
[2025-11-27T13:14:16.080+0000] {logging_mixin.py:190} INFO - [2025-11-27T13:14:16.079+0000] {dagbag.py:588} INFO - Filling up the DagBag from /opt/airflow/dags/shopzada_etl_pipeline.py
[2025-11-27T13:14:16.110+0000] {processor.py:925} INFO - DAG(s) 'shopzada_etl_pipeline' retrieved from /opt/airflow/dags/shopzada_etl_pipeline.py
[2025-11-27T13:14:16.133+0000] {logging_mixin.py:190} INFO - [2025-11-27T13:14:16.133+0000] {dag.py:3239} INFO - Sync 1 DAGs
[2025-11-27T13:14:16.148+0000] {logging_mixin.py:190} INFO - [2025-11-27T13:14:16.147+0000] {dag.py:4180} INFO - Setting next_dagrun for shopzada_etl_pipeline to None, run_after=None
[2025-11-27T13:14:16.169+0000] {processor.py:208} INFO - Processing /opt/airflow/dags/shopzada_etl_pipeline.py took 0.099 seconds
[2025-11-27T13:14:47.024+0000] {processor.py:186} INFO - Started process (PID=336) to work on /opt/airflow/dags/shopzada_etl_pipeline.py
[2025-11-27T13:14:47.025+0000] {processor.py:914} INFO - Processing file /opt/airflow/dags/shopzada_etl_pipeline.py for tasks to queue
[2025-11-27T13:14:47.028+0000] {logging_mixin.py:190} INFO - [2025-11-27T13:14:47.028+0000] {dagbag.py:588} INFO - Filling up the DagBag from /opt/airflow/dags/shopzada_etl_pipeline.py
[2025-11-27T13:14:47.058+0000] {processor.py:925} INFO - DAG(s) 'shopzada_etl_pipeline' retrieved from /opt/airflow/dags/shopzada_etl_pipeline.py
[2025-11-27T13:14:47.083+0000] {logging_mixin.py:190} INFO - [2025-11-27T13:14:47.083+0000] {dag.py:3239} INFO - Sync 1 DAGs
[2025-11-27T13:14:47.096+0000] {logging_mixin.py:190} INFO - [2025-11-27T13:14:47.096+0000] {dag.py:4180} INFO - Setting next_dagrun for shopzada_etl_pipeline to None, run_after=None
[2025-11-27T13:14:47.116+0000] {processor.py:208} INFO - Processing /opt/airflow/dags/shopzada_etl_pipeline.py took 0.098 seconds
[2025-11-27T13:15:17.862+0000] {processor.py:186} INFO - Started process (PID=376) to work on /opt/airflow/dags/shopzada_etl_pipeline.py
[2025-11-27T13:15:17.864+0000] {processor.py:914} INFO - Processing file /opt/airflow/dags/shopzada_etl_pipeline.py for tasks to queue
[2025-11-27T13:15:17.867+0000] {logging_mixin.py:190} INFO - [2025-11-27T13:15:17.866+0000] {dagbag.py:588} INFO - Filling up the DagBag from /opt/airflow/dags/shopzada_etl_pipeline.py
[2025-11-27T13:15:17.902+0000] {processor.py:925} INFO - DAG(s) 'shopzada_etl_pipeline' retrieved from /opt/airflow/dags/shopzada_etl_pipeline.py
[2025-11-27T13:15:17.929+0000] {logging_mixin.py:190} INFO - [2025-11-27T13:15:17.929+0000] {dag.py:3239} INFO - Sync 1 DAGs
[2025-11-27T13:15:17.941+0000] {logging_mixin.py:190} INFO - [2025-11-27T13:15:17.941+0000] {dag.py:4180} INFO - Setting next_dagrun for shopzada_etl_pipeline to None, run_after=None
[2025-11-27T13:15:17.959+0000] {processor.py:208} INFO - Processing /opt/airflow/dags/shopzada_etl_pipeline.py took 0.104 seconds
[2025-11-27T13:15:48.562+0000] {processor.py:186} INFO - Started process (PID=416) to work on /opt/airflow/dags/shopzada_etl_pipeline.py
[2025-11-27T13:15:48.564+0000] {processor.py:914} INFO - Processing file /opt/airflow/dags/shopzada_etl_pipeline.py for tasks to queue
[2025-11-27T13:15:48.569+0000] {logging_mixin.py:190} INFO - [2025-11-27T13:15:48.569+0000] {dagbag.py:588} INFO - Filling up the DagBag from /opt/airflow/dags/shopzada_etl_pipeline.py
[2025-11-27T13:15:48.604+0000] {processor.py:925} INFO - DAG(s) 'shopzada_etl_pipeline' retrieved from /opt/airflow/dags/shopzada_etl_pipeline.py
[2025-11-27T13:15:48.646+0000] {logging_mixin.py:190} INFO - [2025-11-27T13:15:48.646+0000] {dag.py:3239} INFO - Sync 1 DAGs
[2025-11-27T13:15:48.666+0000] {logging_mixin.py:190} INFO - [2025-11-27T13:15:48.666+0000] {dag.py:4180} INFO - Setting next_dagrun for shopzada_etl_pipeline to None, run_after=None
[2025-11-27T13:15:48.691+0000] {processor.py:208} INFO - Processing /opt/airflow/dags/shopzada_etl_pipeline.py took 0.137 seconds
[2025-11-27T13:16:19.777+0000] {processor.py:186} INFO - Started process (PID=456) to work on /opt/airflow/dags/shopzada_etl_pipeline.py
[2025-11-27T13:16:19.779+0000] {processor.py:914} INFO - Processing file /opt/airflow/dags/shopzada_etl_pipeline.py for tasks to queue
[2025-11-27T13:16:19.783+0000] {logging_mixin.py:190} INFO - [2025-11-27T13:16:19.783+0000] {dagbag.py:588} INFO - Filling up the DagBag from /opt/airflow/dags/shopzada_etl_pipeline.py
[2025-11-27T13:16:19.818+0000] {processor.py:925} INFO - DAG(s) 'shopzada_etl_pipeline' retrieved from /opt/airflow/dags/shopzada_etl_pipeline.py
[2025-11-27T13:16:19.846+0000] {logging_mixin.py:190} INFO - [2025-11-27T13:16:19.845+0000] {dag.py:3239} INFO - Sync 1 DAGs
[2025-11-27T13:16:19.864+0000] {logging_mixin.py:190} INFO - [2025-11-27T13:16:19.864+0000] {dag.py:4180} INFO - Setting next_dagrun for shopzada_etl_pipeline to None, run_after=None
[2025-11-27T13:16:19.893+0000] {processor.py:208} INFO - Processing /opt/airflow/dags/shopzada_etl_pipeline.py took 0.122 seconds
[2025-11-27T13:16:50.176+0000] {processor.py:186} INFO - Started process (PID=496) to work on /opt/airflow/dags/shopzada_etl_pipeline.py
[2025-11-27T13:16:50.177+0000] {processor.py:914} INFO - Processing file /opt/airflow/dags/shopzada_etl_pipeline.py for tasks to queue
[2025-11-27T13:16:50.180+0000] {logging_mixin.py:190} INFO - [2025-11-27T13:16:50.179+0000] {dagbag.py:588} INFO - Filling up the DagBag from /opt/airflow/dags/shopzada_etl_pipeline.py
[2025-11-27T13:16:50.211+0000] {processor.py:925} INFO - DAG(s) 'shopzada_etl_pipeline' retrieved from /opt/airflow/dags/shopzada_etl_pipeline.py
[2025-11-27T13:16:50.244+0000] {logging_mixin.py:190} INFO - [2025-11-27T13:16:50.244+0000] {dag.py:3239} INFO - Sync 1 DAGs
[2025-11-27T13:16:50.262+0000] {logging_mixin.py:190} INFO - [2025-11-27T13:16:50.262+0000] {dag.py:4180} INFO - Setting next_dagrun for shopzada_etl_pipeline to None, run_after=None
[2025-11-27T13:16:50.281+0000] {processor.py:208} INFO - Processing /opt/airflow/dags/shopzada_etl_pipeline.py took 0.111 seconds
[2025-11-27T13:17:21.001+0000] {processor.py:186} INFO - Started process (PID=539) to work on /opt/airflow/dags/shopzada_etl_pipeline.py
[2025-11-27T13:17:21.002+0000] {processor.py:914} INFO - Processing file /opt/airflow/dags/shopzada_etl_pipeline.py for tasks to queue
[2025-11-27T13:17:21.005+0000] {logging_mixin.py:190} INFO - [2025-11-27T13:17:21.005+0000] {dagbag.py:588} INFO - Filling up the DagBag from /opt/airflow/dags/shopzada_etl_pipeline.py
[2025-11-27T13:17:21.031+0000] {processor.py:925} INFO - DAG(s) 'shopzada_etl_pipeline' retrieved from /opt/airflow/dags/shopzada_etl_pipeline.py
[2025-11-27T13:17:21.060+0000] {logging_mixin.py:190} INFO - [2025-11-27T13:17:21.060+0000] {dag.py:3239} INFO - Sync 1 DAGs
[2025-11-27T13:17:21.077+0000] {logging_mixin.py:190} INFO - [2025-11-27T13:17:21.077+0000] {dag.py:4180} INFO - Setting next_dagrun for shopzada_etl_pipeline to None, run_after=None
[2025-11-27T13:17:21.097+0000] {processor.py:208} INFO - Processing /opt/airflow/dags/shopzada_etl_pipeline.py took 0.103 seconds
[2025-11-27T13:17:51.951+0000] {processor.py:186} INFO - Started process (PID=611) to work on /opt/airflow/dags/shopzada_etl_pipeline.py
[2025-11-27T13:17:51.953+0000] {processor.py:914} INFO - Processing file /opt/airflow/dags/shopzada_etl_pipeline.py for tasks to queue
[2025-11-27T13:17:51.955+0000] {logging_mixin.py:190} INFO - [2025-11-27T13:17:51.955+0000] {dagbag.py:588} INFO - Filling up the DagBag from /opt/airflow/dags/shopzada_etl_pipeline.py
[2025-11-27T13:17:51.980+0000] {processor.py:925} INFO - DAG(s) 'shopzada_etl_pipeline' retrieved from /opt/airflow/dags/shopzada_etl_pipeline.py
[2025-11-27T13:17:52.021+0000] {logging_mixin.py:190} INFO - [2025-11-27T13:17:52.020+0000] {dag.py:3239} INFO - Sync 1 DAGs
[2025-11-27T13:17:52.061+0000] {logging_mixin.py:190} INFO - [2025-11-27T13:17:52.061+0000] {dag.py:4180} INFO - Setting next_dagrun for shopzada_etl_pipeline to None, run_after=None
[2025-11-27T13:17:52.083+0000] {processor.py:208} INFO - Processing /opt/airflow/dags/shopzada_etl_pipeline.py took 0.138 seconds
[2025-11-27T13:18:22.964+0000] {processor.py:186} INFO - Started process (PID=651) to work on /opt/airflow/dags/shopzada_etl_pipeline.py
[2025-11-27T13:18:22.966+0000] {processor.py:914} INFO - Processing file /opt/airflow/dags/shopzada_etl_pipeline.py for tasks to queue
[2025-11-27T13:18:22.968+0000] {logging_mixin.py:190} INFO - [2025-11-27T13:18:22.968+0000] {dagbag.py:588} INFO - Filling up the DagBag from /opt/airflow/dags/shopzada_etl_pipeline.py
[2025-11-27T13:18:23.002+0000] {processor.py:925} INFO - DAG(s) 'shopzada_etl_pipeline' retrieved from /opt/airflow/dags/shopzada_etl_pipeline.py
[2025-11-27T13:18:23.024+0000] {logging_mixin.py:190} INFO - [2025-11-27T13:18:23.024+0000] {dag.py:3239} INFO - Sync 1 DAGs
[2025-11-27T13:18:23.039+0000] {logging_mixin.py:190} INFO - [2025-11-27T13:18:23.039+0000] {dag.py:4180} INFO - Setting next_dagrun for shopzada_etl_pipeline to None, run_after=None
[2025-11-27T13:18:23.061+0000] {processor.py:208} INFO - Processing /opt/airflow/dags/shopzada_etl_pipeline.py took 0.103 seconds
[2025-11-27T13:18:55.112+0000] {processor.py:186} INFO - Started process (PID=691) to work on /opt/airflow/dags/shopzada_etl_pipeline.py
[2025-11-27T13:18:55.113+0000] {processor.py:914} INFO - Processing file /opt/airflow/dags/shopzada_etl_pipeline.py for tasks to queue
[2025-11-27T13:18:55.116+0000] {logging_mixin.py:190} INFO - [2025-11-27T13:18:55.116+0000] {dagbag.py:588} INFO - Filling up the DagBag from /opt/airflow/dags/shopzada_etl_pipeline.py
[2025-11-27T13:18:55.147+0000] {processor.py:925} INFO - DAG(s) 'shopzada_etl_pipeline' retrieved from /opt/airflow/dags/shopzada_etl_pipeline.py
[2025-11-27T13:18:55.180+0000] {logging_mixin.py:190} INFO - [2025-11-27T13:18:55.180+0000] {dag.py:3239} INFO - Sync 1 DAGs
[2025-11-27T13:18:55.204+0000] {logging_mixin.py:190} INFO - [2025-11-27T13:18:55.204+0000] {dag.py:4180} INFO - Setting next_dagrun for shopzada_etl_pipeline to None, run_after=None
[2025-11-27T13:18:55.228+0000] {processor.py:208} INFO - Processing /opt/airflow/dags/shopzada_etl_pipeline.py took 0.122 seconds
