[2025-11-22T01:04:52.186+0000] {processor.py:186} INFO - Started process (PID=522) to work on /opt/airflow/dags/shopzada_etl_pipeline.py
[2025-11-22T01:04:52.188+0000] {processor.py:914} INFO - Processing file /opt/airflow/dags/shopzada_etl_pipeline.py for tasks to queue
[2025-11-22T01:04:52.191+0000] {logging_mixin.py:190} INFO - [2025-11-22T01:04:52.191+0000] {dagbag.py:588} INFO - Filling up the DagBag from /opt/airflow/dags/shopzada_etl_pipeline.py
[2025-11-22T01:04:52.301+0000] {processor.py:925} INFO - DAG(s) 'shopzada_etl_pipeline' retrieved from /opt/airflow/dags/shopzada_etl_pipeline.py
[2025-11-22T01:04:52.675+0000] {logging_mixin.py:190} INFO - [2025-11-22T01:04:52.674+0000] {override.py:1900} INFO - Created Permission View: can delete on DAG:shopzada_etl_pipeline
[2025-11-22T01:04:52.688+0000] {logging_mixin.py:190} INFO - [2025-11-22T01:04:52.687+0000] {override.py:1900} INFO - Created Permission View: can read on DAG:shopzada_etl_pipeline
[2025-11-22T01:04:52.695+0000] {logging_mixin.py:190} INFO - [2025-11-22T01:04:52.695+0000] {override.py:1900} INFO - Created Permission View: can edit on DAG:shopzada_etl_pipeline
[2025-11-22T01:04:52.704+0000] {logging_mixin.py:190} INFO - [2025-11-22T01:04:52.704+0000] {override.py:1900} INFO - Created Permission View: can read on DAG Run:shopzada_etl_pipeline
[2025-11-22T01:04:52.712+0000] {logging_mixin.py:190} INFO - [2025-11-22T01:04:52.712+0000] {override.py:1900} INFO - Created Permission View: can delete on DAG Run:shopzada_etl_pipeline
[2025-11-22T01:04:52.719+0000] {logging_mixin.py:190} INFO - [2025-11-22T01:04:52.719+0000] {override.py:1900} INFO - Created Permission View: can create on DAG Run:shopzada_etl_pipeline
[2025-11-22T01:04:52.725+0000] {logging_mixin.py:190} INFO - [2025-11-22T01:04:52.725+0000] {override.py:1900} INFO - Created Permission View: menu access on DAG Run:shopzada_etl_pipeline
[2025-11-22T01:04:52.726+0000] {logging_mixin.py:190} INFO - [2025-11-22T01:04:52.726+0000] {dag.py:3239} INFO - Sync 1 DAGs
[2025-11-22T01:04:52.739+0000] {logging_mixin.py:190} INFO - [2025-11-22T01:04:52.739+0000] {dag.py:3262} INFO - Creating ORM DAG for shopzada_etl_pipeline
[2025-11-22T01:04:52.740+0000] {logging_mixin.py:190} INFO - [2025-11-22T01:04:52.740+0000] {dag.py:4180} INFO - Setting next_dagrun for shopzada_etl_pipeline to None, run_after=None
[2025-11-22T01:04:52.780+0000] {processor.py:208} INFO - Processing /opt/airflow/dags/shopzada_etl_pipeline.py took 0.607 seconds
[2025-11-22T01:05:23.184+0000] {processor.py:186} INFO - Started process (PID=562) to work on /opt/airflow/dags/shopzada_etl_pipeline.py
[2025-11-22T01:05:23.186+0000] {processor.py:914} INFO - Processing file /opt/airflow/dags/shopzada_etl_pipeline.py for tasks to queue
[2025-11-22T01:05:23.188+0000] {logging_mixin.py:190} INFO - [2025-11-22T01:05:23.188+0000] {dagbag.py:588} INFO - Filling up the DagBag from /opt/airflow/dags/shopzada_etl_pipeline.py
[2025-11-22T01:05:23.223+0000] {processor.py:925} INFO - DAG(s) 'shopzada_etl_pipeline' retrieved from /opt/airflow/dags/shopzada_etl_pipeline.py
[2025-11-22T01:05:23.245+0000] {logging_mixin.py:190} INFO - [2025-11-22T01:05:23.244+0000] {dag.py:3239} INFO - Sync 1 DAGs
[2025-11-22T01:05:23.255+0000] {logging_mixin.py:190} INFO - [2025-11-22T01:05:23.255+0000] {dag.py:4180} INFO - Setting next_dagrun for shopzada_etl_pipeline to None, run_after=None
[2025-11-22T01:05:23.276+0000] {processor.py:208} INFO - Processing /opt/airflow/dags/shopzada_etl_pipeline.py took 0.096 seconds
[2025-11-22T01:05:53.425+0000] {processor.py:186} INFO - Started process (PID=602) to work on /opt/airflow/dags/shopzada_etl_pipeline.py
[2025-11-22T01:05:53.427+0000] {processor.py:914} INFO - Processing file /opt/airflow/dags/shopzada_etl_pipeline.py for tasks to queue
[2025-11-22T01:05:53.428+0000] {logging_mixin.py:190} INFO - [2025-11-22T01:05:53.428+0000] {dagbag.py:588} INFO - Filling up the DagBag from /opt/airflow/dags/shopzada_etl_pipeline.py
[2025-11-22T01:05:53.443+0000] {processor.py:925} INFO - DAG(s) 'shopzada_etl_pipeline' retrieved from /opt/airflow/dags/shopzada_etl_pipeline.py
[2025-11-22T01:05:53.463+0000] {logging_mixin.py:190} INFO - [2025-11-22T01:05:53.463+0000] {dag.py:3239} INFO - Sync 1 DAGs
[2025-11-22T01:05:53.475+0000] {logging_mixin.py:190} INFO - [2025-11-22T01:05:53.475+0000] {dag.py:4180} INFO - Setting next_dagrun for shopzada_etl_pipeline to None, run_after=None
[2025-11-22T01:05:53.493+0000] {processor.py:208} INFO - Processing /opt/airflow/dags/shopzada_etl_pipeline.py took 0.072 seconds
[2025-11-22T01:06:24.003+0000] {processor.py:186} INFO - Started process (PID=642) to work on /opt/airflow/dags/shopzada_etl_pipeline.py
[2025-11-22T01:06:24.004+0000] {processor.py:914} INFO - Processing file /opt/airflow/dags/shopzada_etl_pipeline.py for tasks to queue
[2025-11-22T01:06:24.006+0000] {logging_mixin.py:190} INFO - [2025-11-22T01:06:24.006+0000] {dagbag.py:588} INFO - Filling up the DagBag from /opt/airflow/dags/shopzada_etl_pipeline.py
[2025-11-22T01:06:24.036+0000] {processor.py:925} INFO - DAG(s) 'shopzada_etl_pipeline' retrieved from /opt/airflow/dags/shopzada_etl_pipeline.py
[2025-11-22T01:06:24.057+0000] {logging_mixin.py:190} INFO - [2025-11-22T01:06:24.056+0000] {dag.py:3239} INFO - Sync 1 DAGs
[2025-11-22T01:06:24.068+0000] {logging_mixin.py:190} INFO - [2025-11-22T01:06:24.068+0000] {dag.py:4180} INFO - Setting next_dagrun for shopzada_etl_pipeline to None, run_after=None
[2025-11-22T01:06:24.090+0000] {processor.py:208} INFO - Processing /opt/airflow/dags/shopzada_etl_pipeline.py took 0.091 seconds
[2025-11-22T01:06:54.263+0000] {processor.py:186} INFO - Started process (PID=682) to work on /opt/airflow/dags/shopzada_etl_pipeline.py
[2025-11-22T01:06:54.269+0000] {processor.py:914} INFO - Processing file /opt/airflow/dags/shopzada_etl_pipeline.py for tasks to queue
[2025-11-22T01:06:54.274+0000] {logging_mixin.py:190} INFO - [2025-11-22T01:06:54.273+0000] {dagbag.py:588} INFO - Filling up the DagBag from /opt/airflow/dags/shopzada_etl_pipeline.py
[2025-11-22T01:06:54.375+0000] {processor.py:925} INFO - DAG(s) 'shopzada_etl_pipeline' retrieved from /opt/airflow/dags/shopzada_etl_pipeline.py
[2025-11-22T01:06:54.403+0000] {logging_mixin.py:190} INFO - [2025-11-22T01:06:54.403+0000] {dag.py:3239} INFO - Sync 1 DAGs
[2025-11-22T01:06:54.418+0000] {logging_mixin.py:190} INFO - [2025-11-22T01:06:54.418+0000] {dag.py:4180} INFO - Setting next_dagrun for shopzada_etl_pipeline to None, run_after=None
[2025-11-22T01:06:54.434+0000] {processor.py:208} INFO - Processing /opt/airflow/dags/shopzada_etl_pipeline.py took 0.175 seconds
[2025-11-22T01:07:25.055+0000] {processor.py:186} INFO - Started process (PID=722) to work on /opt/airflow/dags/shopzada_etl_pipeline.py
[2025-11-22T01:07:25.056+0000] {processor.py:914} INFO - Processing file /opt/airflow/dags/shopzada_etl_pipeline.py for tasks to queue
[2025-11-22T01:07:25.059+0000] {logging_mixin.py:190} INFO - [2025-11-22T01:07:25.059+0000] {dagbag.py:588} INFO - Filling up the DagBag from /opt/airflow/dags/shopzada_etl_pipeline.py
[2025-11-22T01:07:25.116+0000] {processor.py:925} INFO - DAG(s) 'shopzada_etl_pipeline' retrieved from /opt/airflow/dags/shopzada_etl_pipeline.py
[2025-11-22T01:07:25.137+0000] {logging_mixin.py:190} INFO - [2025-11-22T01:07:25.137+0000] {dag.py:3239} INFO - Sync 1 DAGs
[2025-11-22T01:07:25.148+0000] {logging_mixin.py:190} INFO - [2025-11-22T01:07:25.148+0000] {dag.py:4180} INFO - Setting next_dagrun for shopzada_etl_pipeline to None, run_after=None
[2025-11-22T01:07:25.166+0000] {processor.py:208} INFO - Processing /opt/airflow/dags/shopzada_etl_pipeline.py took 0.116 seconds
[2025-11-22T01:07:55.437+0000] {processor.py:186} INFO - Started process (PID=762) to work on /opt/airflow/dags/shopzada_etl_pipeline.py
[2025-11-22T01:07:55.439+0000] {processor.py:914} INFO - Processing file /opt/airflow/dags/shopzada_etl_pipeline.py for tasks to queue
[2025-11-22T01:07:55.441+0000] {logging_mixin.py:190} INFO - [2025-11-22T01:07:55.441+0000] {dagbag.py:588} INFO - Filling up the DagBag from /opt/airflow/dags/shopzada_etl_pipeline.py
[2025-11-22T01:07:55.485+0000] {processor.py:925} INFO - DAG(s) 'shopzada_etl_pipeline' retrieved from /opt/airflow/dags/shopzada_etl_pipeline.py
[2025-11-22T01:07:55.507+0000] {logging_mixin.py:190} INFO - [2025-11-22T01:07:55.507+0000] {dag.py:3239} INFO - Sync 1 DAGs
[2025-11-22T01:07:55.519+0000] {logging_mixin.py:190} INFO - [2025-11-22T01:07:55.519+0000] {dag.py:4180} INFO - Setting next_dagrun for shopzada_etl_pipeline to None, run_after=None
[2025-11-22T01:07:55.545+0000] {processor.py:208} INFO - Processing /opt/airflow/dags/shopzada_etl_pipeline.py took 0.115 seconds
[2025-11-22T01:08:26.148+0000] {processor.py:186} INFO - Started process (PID=802) to work on /opt/airflow/dags/shopzada_etl_pipeline.py
[2025-11-22T01:08:26.155+0000] {processor.py:914} INFO - Processing file /opt/airflow/dags/shopzada_etl_pipeline.py for tasks to queue
[2025-11-22T01:08:26.159+0000] {logging_mixin.py:190} INFO - [2025-11-22T01:08:26.159+0000] {dagbag.py:588} INFO - Filling up the DagBag from /opt/airflow/dags/shopzada_etl_pipeline.py
[2025-11-22T01:08:26.267+0000] {processor.py:925} INFO - DAG(s) 'shopzada_etl_pipeline' retrieved from /opt/airflow/dags/shopzada_etl_pipeline.py
[2025-11-22T01:08:26.298+0000] {logging_mixin.py:190} INFO - [2025-11-22T01:08:26.297+0000] {dag.py:3239} INFO - Sync 1 DAGs
[2025-11-22T01:08:26.324+0000] {logging_mixin.py:190} INFO - [2025-11-22T01:08:26.323+0000] {dag.py:4180} INFO - Setting next_dagrun for shopzada_etl_pipeline to None, run_after=None
[2025-11-22T01:08:26.348+0000] {processor.py:208} INFO - Processing /opt/airflow/dags/shopzada_etl_pipeline.py took 0.206 seconds
[2025-11-22T01:08:56.518+0000] {processor.py:186} INFO - Started process (PID=842) to work on /opt/airflow/dags/shopzada_etl_pipeline.py
[2025-11-22T01:08:56.520+0000] {processor.py:914} INFO - Processing file /opt/airflow/dags/shopzada_etl_pipeline.py for tasks to queue
[2025-11-22T01:08:56.523+0000] {logging_mixin.py:190} INFO - [2025-11-22T01:08:56.522+0000] {dagbag.py:588} INFO - Filling up the DagBag from /opt/airflow/dags/shopzada_etl_pipeline.py
[2025-11-22T01:08:56.554+0000] {processor.py:925} INFO - DAG(s) 'shopzada_etl_pipeline' retrieved from /opt/airflow/dags/shopzada_etl_pipeline.py
[2025-11-22T01:08:56.571+0000] {logging_mixin.py:190} INFO - [2025-11-22T01:08:56.571+0000] {dag.py:3239} INFO - Sync 1 DAGs
[2025-11-22T01:08:56.581+0000] {logging_mixin.py:190} INFO - [2025-11-22T01:08:56.581+0000] {dag.py:4180} INFO - Setting next_dagrun for shopzada_etl_pipeline to None, run_after=None
[2025-11-22T01:08:56.608+0000] {processor.py:208} INFO - Processing /opt/airflow/dags/shopzada_etl_pipeline.py took 0.094 seconds
[2025-11-22T01:09:27.436+0000] {processor.py:186} INFO - Started process (PID=882) to work on /opt/airflow/dags/shopzada_etl_pipeline.py
[2025-11-22T01:09:27.438+0000] {processor.py:914} INFO - Processing file /opt/airflow/dags/shopzada_etl_pipeline.py for tasks to queue
[2025-11-22T01:09:27.440+0000] {logging_mixin.py:190} INFO - [2025-11-22T01:09:27.440+0000] {dagbag.py:588} INFO - Filling up the DagBag from /opt/airflow/dags/shopzada_etl_pipeline.py
[2025-11-22T01:09:27.484+0000] {processor.py:925} INFO - DAG(s) 'shopzada_etl_pipeline' retrieved from /opt/airflow/dags/shopzada_etl_pipeline.py
[2025-11-22T01:09:27.506+0000] {logging_mixin.py:190} INFO - [2025-11-22T01:09:27.506+0000] {dag.py:3239} INFO - Sync 1 DAGs
[2025-11-22T01:09:27.516+0000] {logging_mixin.py:190} INFO - [2025-11-22T01:09:27.516+0000] {dag.py:4180} INFO - Setting next_dagrun for shopzada_etl_pipeline to None, run_after=None
[2025-11-22T01:09:27.539+0000] {processor.py:208} INFO - Processing /opt/airflow/dags/shopzada_etl_pipeline.py took 0.109 seconds
[2025-11-22T01:09:59.587+0000] {processor.py:186} INFO - Started process (PID=902) to work on /opt/airflow/dags/shopzada_etl_pipeline.py
[2025-11-22T01:09:59.588+0000] {processor.py:914} INFO - Processing file /opt/airflow/dags/shopzada_etl_pipeline.py for tasks to queue
[2025-11-22T01:09:59.591+0000] {logging_mixin.py:190} INFO - [2025-11-22T01:09:59.590+0000] {dagbag.py:588} INFO - Filling up the DagBag from /opt/airflow/dags/shopzada_etl_pipeline.py
[2025-11-22T01:09:59.623+0000] {processor.py:925} INFO - DAG(s) 'shopzada_etl_pipeline' retrieved from /opt/airflow/dags/shopzada_etl_pipeline.py
[2025-11-22T01:09:59.649+0000] {logging_mixin.py:190} INFO - [2025-11-22T01:09:59.649+0000] {dag.py:3239} INFO - Sync 1 DAGs
[2025-11-22T01:09:59.662+0000] {logging_mixin.py:190} INFO - [2025-11-22T01:09:59.662+0000] {dag.py:4180} INFO - Setting next_dagrun for shopzada_etl_pipeline to None, run_after=None
[2025-11-22T01:09:59.682+0000] {processor.py:208} INFO - Processing /opt/airflow/dags/shopzada_etl_pipeline.py took 0.100 seconds
[2025-11-22T01:10:32.064+0000] {processor.py:186} INFO - Started process (PID=942) to work on /opt/airflow/dags/shopzada_etl_pipeline.py
[2025-11-22T01:10:32.065+0000] {processor.py:914} INFO - Processing file /opt/airflow/dags/shopzada_etl_pipeline.py for tasks to queue
[2025-11-22T01:10:32.067+0000] {logging_mixin.py:190} INFO - [2025-11-22T01:10:32.067+0000] {dagbag.py:588} INFO - Filling up the DagBag from /opt/airflow/dags/shopzada_etl_pipeline.py
[2025-11-22T01:10:32.110+0000] {processor.py:925} INFO - DAG(s) 'shopzada_etl_pipeline' retrieved from /opt/airflow/dags/shopzada_etl_pipeline.py
[2025-11-22T01:10:32.133+0000] {logging_mixin.py:190} INFO - [2025-11-22T01:10:32.133+0000] {dag.py:3239} INFO - Sync 1 DAGs
[2025-11-22T01:10:32.145+0000] {logging_mixin.py:190} INFO - [2025-11-22T01:10:32.144+0000] {dag.py:4180} INFO - Setting next_dagrun for shopzada_etl_pipeline to None, run_after=None
[2025-11-22T01:10:32.172+0000] {processor.py:208} INFO - Processing /opt/airflow/dags/shopzada_etl_pipeline.py took 0.113 seconds
[2025-11-22T01:11:04.381+0000] {processor.py:186} INFO - Started process (PID=982) to work on /opt/airflow/dags/shopzada_etl_pipeline.py
[2025-11-22T01:11:04.383+0000] {processor.py:914} INFO - Processing file /opt/airflow/dags/shopzada_etl_pipeline.py for tasks to queue
[2025-11-22T01:11:04.386+0000] {logging_mixin.py:190} INFO - [2025-11-22T01:11:04.386+0000] {dagbag.py:588} INFO - Filling up the DagBag from /opt/airflow/dags/shopzada_etl_pipeline.py
[2025-11-22T01:11:04.443+0000] {processor.py:925} INFO - DAG(s) 'shopzada_etl_pipeline' retrieved from /opt/airflow/dags/shopzada_etl_pipeline.py
[2025-11-22T01:11:04.468+0000] {logging_mixin.py:190} INFO - [2025-11-22T01:11:04.467+0000] {dag.py:3239} INFO - Sync 1 DAGs
[2025-11-22T01:11:04.480+0000] {logging_mixin.py:190} INFO - [2025-11-22T01:11:04.479+0000] {dag.py:4180} INFO - Setting next_dagrun for shopzada_etl_pipeline to None, run_after=None
[2025-11-22T01:11:04.499+0000] {processor.py:208} INFO - Processing /opt/airflow/dags/shopzada_etl_pipeline.py took 0.124 seconds
[2025-11-22T01:11:37.740+0000] {processor.py:186} INFO - Started process (PID=1022) to work on /opt/airflow/dags/shopzada_etl_pipeline.py
[2025-11-22T01:11:37.741+0000] {processor.py:914} INFO - Processing file /opt/airflow/dags/shopzada_etl_pipeline.py for tasks to queue
[2025-11-22T01:11:37.743+0000] {logging_mixin.py:190} INFO - [2025-11-22T01:11:37.742+0000] {dagbag.py:588} INFO - Filling up the DagBag from /opt/airflow/dags/shopzada_etl_pipeline.py
[2025-11-22T01:11:37.769+0000] {processor.py:925} INFO - DAG(s) 'shopzada_etl_pipeline' retrieved from /opt/airflow/dags/shopzada_etl_pipeline.py
[2025-11-22T01:11:37.798+0000] {logging_mixin.py:190} INFO - [2025-11-22T01:11:37.797+0000] {dag.py:3239} INFO - Sync 1 DAGs
[2025-11-22T01:11:37.809+0000] {logging_mixin.py:190} INFO - [2025-11-22T01:11:37.809+0000] {dag.py:4180} INFO - Setting next_dagrun for shopzada_etl_pipeline to None, run_after=None
[2025-11-22T01:11:37.828+0000] {processor.py:208} INFO - Processing /opt/airflow/dags/shopzada_etl_pipeline.py took 0.093 seconds
[2025-11-22T01:12:09.946+0000] {processor.py:186} INFO - Started process (PID=1062) to work on /opt/airflow/dags/shopzada_etl_pipeline.py
[2025-11-22T01:12:09.947+0000] {processor.py:914} INFO - Processing file /opt/airflow/dags/shopzada_etl_pipeline.py for tasks to queue
[2025-11-22T01:12:09.949+0000] {logging_mixin.py:190} INFO - [2025-11-22T01:12:09.949+0000] {dagbag.py:588} INFO - Filling up the DagBag from /opt/airflow/dags/shopzada_etl_pipeline.py
[2025-11-22T01:12:09.988+0000] {processor.py:925} INFO - DAG(s) 'shopzada_etl_pipeline' retrieved from /opt/airflow/dags/shopzada_etl_pipeline.py
[2025-11-22T01:12:10.011+0000] {logging_mixin.py:190} INFO - [2025-11-22T01:12:10.011+0000] {dag.py:3239} INFO - Sync 1 DAGs
[2025-11-22T01:12:10.023+0000] {logging_mixin.py:190} INFO - [2025-11-22T01:12:10.023+0000] {dag.py:4180} INFO - Setting next_dagrun for shopzada_etl_pipeline to None, run_after=None
[2025-11-22T01:12:10.046+0000] {processor.py:208} INFO - Processing /opt/airflow/dags/shopzada_etl_pipeline.py took 0.105 seconds
[2025-11-22T01:12:40.810+0000] {processor.py:186} INFO - Started process (PID=1102) to work on /opt/airflow/dags/shopzada_etl_pipeline.py
[2025-11-22T01:12:40.811+0000] {processor.py:914} INFO - Processing file /opt/airflow/dags/shopzada_etl_pipeline.py for tasks to queue
[2025-11-22T01:12:40.813+0000] {logging_mixin.py:190} INFO - [2025-11-22T01:12:40.813+0000] {dagbag.py:588} INFO - Filling up the DagBag from /opt/airflow/dags/shopzada_etl_pipeline.py
[2025-11-22T01:12:42.505+0000] {processor.py:925} INFO - DAG(s) 'shopzada_etl_pipeline' retrieved from /opt/airflow/dags/shopzada_etl_pipeline.py
[2025-11-22T01:12:42.528+0000] {logging_mixin.py:190} INFO - [2025-11-22T01:12:42.528+0000] {dag.py:3239} INFO - Sync 1 DAGs
[2025-11-22T01:12:42.539+0000] {logging_mixin.py:190} INFO - [2025-11-22T01:12:42.539+0000] {dag.py:4180} INFO - Setting next_dagrun for shopzada_etl_pipeline to None, run_after=None
[2025-11-22T01:12:42.556+0000] {processor.py:208} INFO - Processing /opt/airflow/dags/shopzada_etl_pipeline.py took 0.087 seconds
[2025-11-22T01:13:15.781+0000] {processor.py:186} INFO - Started process (PID=1142) to work on /opt/airflow/dags/shopzada_etl_pipeline.py
[2025-11-22T01:13:15.785+0000] {processor.py:914} INFO - Processing file /opt/airflow/dags/shopzada_etl_pipeline.py for tasks to queue
[2025-11-22T01:13:15.795+0000] {logging_mixin.py:190} INFO - [2025-11-22T01:13:15.794+0000] {dagbag.py:588} INFO - Filling up the DagBag from /opt/airflow/dags/shopzada_etl_pipeline.py
[2025-11-22T01:13:15.846+0000] {processor.py:925} INFO - DAG(s) 'shopzada_etl_pipeline' retrieved from /opt/airflow/dags/shopzada_etl_pipeline.py
[2025-11-22T01:13:15.896+0000] {logging_mixin.py:190} INFO - [2025-11-22T01:13:15.895+0000] {dag.py:3239} INFO - Sync 1 DAGs
[2025-11-22T01:13:15.924+0000] {logging_mixin.py:190} INFO - [2025-11-22T01:13:15.924+0000] {dag.py:4180} INFO - Setting next_dagrun for shopzada_etl_pipeline to None, run_after=None
[2025-11-22T01:13:15.954+0000] {processor.py:208} INFO - Processing /opt/airflow/dags/shopzada_etl_pipeline.py took 0.197 seconds
[2025-11-22T01:13:48.481+0000] {processor.py:186} INFO - Started process (PID=1182) to work on /opt/airflow/dags/shopzada_etl_pipeline.py
[2025-11-22T01:13:48.483+0000] {processor.py:914} INFO - Processing file /opt/airflow/dags/shopzada_etl_pipeline.py for tasks to queue
[2025-11-22T01:13:48.486+0000] {logging_mixin.py:190} INFO - [2025-11-22T01:13:48.486+0000] {dagbag.py:588} INFO - Filling up the DagBag from /opt/airflow/dags/shopzada_etl_pipeline.py
[2025-11-22T01:13:48.561+0000] {processor.py:925} INFO - DAG(s) 'shopzada_etl_pipeline' retrieved from /opt/airflow/dags/shopzada_etl_pipeline.py
[2025-11-22T01:13:48.606+0000] {logging_mixin.py:190} INFO - [2025-11-22T01:13:48.606+0000] {dag.py:3239} INFO - Sync 1 DAGs
[2025-11-22T01:13:48.619+0000] {logging_mixin.py:190} INFO - [2025-11-22T01:13:48.618+0000] {dag.py:4180} INFO - Setting next_dagrun for shopzada_etl_pipeline to None, run_after=None
[2025-11-22T01:13:48.637+0000] {processor.py:208} INFO - Processing /opt/airflow/dags/shopzada_etl_pipeline.py took 0.164 seconds
[2025-11-22T01:14:21.097+0000] {processor.py:186} INFO - Started process (PID=1222) to work on /opt/airflow/dags/shopzada_etl_pipeline.py
[2025-11-22T01:14:21.100+0000] {processor.py:914} INFO - Processing file /opt/airflow/dags/shopzada_etl_pipeline.py for tasks to queue
[2025-11-22T01:14:21.102+0000] {logging_mixin.py:190} INFO - [2025-11-22T01:14:21.102+0000] {dagbag.py:588} INFO - Filling up the DagBag from /opt/airflow/dags/shopzada_etl_pipeline.py
[2025-11-22T01:14:21.149+0000] {processor.py:925} INFO - DAG(s) 'shopzada_etl_pipeline' retrieved from /opt/airflow/dags/shopzada_etl_pipeline.py
[2025-11-22T01:14:21.180+0000] {logging_mixin.py:190} INFO - [2025-11-22T01:14:21.180+0000] {dag.py:3239} INFO - Sync 1 DAGs
[2025-11-22T01:14:21.193+0000] {logging_mixin.py:190} INFO - [2025-11-22T01:14:21.193+0000] {dag.py:4180} INFO - Setting next_dagrun for shopzada_etl_pipeline to None, run_after=None
[2025-11-22T01:14:21.220+0000] {processor.py:208} INFO - Processing /opt/airflow/dags/shopzada_etl_pipeline.py took 0.137 seconds
[2025-11-22T01:14:53.682+0000] {processor.py:186} INFO - Started process (PID=1262) to work on /opt/airflow/dags/shopzada_etl_pipeline.py
[2025-11-22T01:14:53.684+0000] {processor.py:914} INFO - Processing file /opt/airflow/dags/shopzada_etl_pipeline.py for tasks to queue
[2025-11-22T01:14:53.688+0000] {logging_mixin.py:190} INFO - [2025-11-22T01:14:53.688+0000] {dagbag.py:588} INFO - Filling up the DagBag from /opt/airflow/dags/shopzada_etl_pipeline.py
[2025-11-22T01:14:53.730+0000] {processor.py:925} INFO - DAG(s) 'shopzada_etl_pipeline' retrieved from /opt/airflow/dags/shopzada_etl_pipeline.py
[2025-11-22T01:14:53.757+0000] {logging_mixin.py:190} INFO - [2025-11-22T01:14:53.757+0000] {dag.py:3239} INFO - Sync 1 DAGs
[2025-11-22T01:14:53.768+0000] {logging_mixin.py:190} INFO - [2025-11-22T01:14:53.768+0000] {dag.py:4180} INFO - Setting next_dagrun for shopzada_etl_pipeline to None, run_after=None
[2025-11-22T01:14:53.785+0000] {processor.py:208} INFO - Processing /opt/airflow/dags/shopzada_etl_pipeline.py took 0.107 seconds
[2025-11-22T01:15:24.628+0000] {processor.py:186} INFO - Started process (PID=1302) to work on /opt/airflow/dags/shopzada_etl_pipeline.py
[2025-11-22T01:15:24.630+0000] {processor.py:914} INFO - Processing file /opt/airflow/dags/shopzada_etl_pipeline.py for tasks to queue
[2025-11-22T01:15:24.632+0000] {logging_mixin.py:190} INFO - [2025-11-22T01:15:24.632+0000] {dagbag.py:588} INFO - Filling up the DagBag from /opt/airflow/dags/shopzada_etl_pipeline.py
[2025-11-22T01:15:24.660+0000] {processor.py:925} INFO - DAG(s) 'shopzada_etl_pipeline' retrieved from /opt/airflow/dags/shopzada_etl_pipeline.py
[2025-11-22T01:15:24.686+0000] {logging_mixin.py:190} INFO - [2025-11-22T01:15:24.685+0000] {dag.py:3239} INFO - Sync 1 DAGs
[2025-11-22T01:15:24.697+0000] {logging_mixin.py:190} INFO - [2025-11-22T01:15:24.697+0000] {dag.py:4180} INFO - Setting next_dagrun for shopzada_etl_pipeline to None, run_after=None
[2025-11-22T01:15:24.718+0000] {processor.py:208} INFO - Processing /opt/airflow/dags/shopzada_etl_pipeline.py took 0.095 seconds
[2025-11-22T01:15:55.008+0000] {processor.py:186} INFO - Started process (PID=1342) to work on /opt/airflow/dags/shopzada_etl_pipeline.py
[2025-11-22T01:15:55.010+0000] {processor.py:914} INFO - Processing file /opt/airflow/dags/shopzada_etl_pipeline.py for tasks to queue
[2025-11-22T01:15:55.015+0000] {logging_mixin.py:190} INFO - [2025-11-22T01:15:55.014+0000] {dagbag.py:588} INFO - Filling up the DagBag from /opt/airflow/dags/shopzada_etl_pipeline.py
[2025-11-22T01:15:55.071+0000] {processor.py:925} INFO - DAG(s) 'shopzada_etl_pipeline' retrieved from /opt/airflow/dags/shopzada_etl_pipeline.py
[2025-11-22T01:15:55.100+0000] {logging_mixin.py:190} INFO - [2025-11-22T01:15:55.100+0000] {dag.py:3239} INFO - Sync 1 DAGs
[2025-11-22T01:15:55.114+0000] {logging_mixin.py:190} INFO - [2025-11-22T01:15:55.114+0000] {dag.py:4180} INFO - Setting next_dagrun for shopzada_etl_pipeline to None, run_after=None
[2025-11-22T01:15:55.135+0000] {processor.py:208} INFO - Processing /opt/airflow/dags/shopzada_etl_pipeline.py took 0.135 seconds
[2025-11-22T01:16:25.224+0000] {processor.py:186} INFO - Started process (PID=1382) to work on /opt/airflow/dags/shopzada_etl_pipeline.py
[2025-11-22T01:16:25.225+0000] {processor.py:914} INFO - Processing file /opt/airflow/dags/shopzada_etl_pipeline.py for tasks to queue
[2025-11-22T01:16:25.227+0000] {logging_mixin.py:190} INFO - [2025-11-22T01:16:25.227+0000] {dagbag.py:588} INFO - Filling up the DagBag from /opt/airflow/dags/shopzada_etl_pipeline.py
[2025-11-22T01:16:25.259+0000] {processor.py:925} INFO - DAG(s) 'shopzada_etl_pipeline' retrieved from /opt/airflow/dags/shopzada_etl_pipeline.py
[2025-11-22T01:16:25.279+0000] {logging_mixin.py:190} INFO - [2025-11-22T01:16:25.279+0000] {dag.py:3239} INFO - Sync 1 DAGs
[2025-11-22T01:16:25.289+0000] {logging_mixin.py:190} INFO - [2025-11-22T01:16:25.289+0000] {dag.py:4180} INFO - Setting next_dagrun for shopzada_etl_pipeline to None, run_after=None
[2025-11-22T01:16:25.305+0000] {processor.py:208} INFO - Processing /opt/airflow/dags/shopzada_etl_pipeline.py took 0.085 seconds
[2025-11-22T01:16:55.388+0000] {processor.py:186} INFO - Started process (PID=1422) to work on /opt/airflow/dags/shopzada_etl_pipeline.py
[2025-11-22T01:16:55.389+0000] {processor.py:914} INFO - Processing file /opt/airflow/dags/shopzada_etl_pipeline.py for tasks to queue
[2025-11-22T01:16:55.391+0000] {logging_mixin.py:190} INFO - [2025-11-22T01:16:55.390+0000] {dagbag.py:588} INFO - Filling up the DagBag from /opt/airflow/dags/shopzada_etl_pipeline.py
[2025-11-22T01:16:55.406+0000] {processor.py:925} INFO - DAG(s) 'shopzada_etl_pipeline' retrieved from /opt/airflow/dags/shopzada_etl_pipeline.py
[2025-11-22T01:16:55.423+0000] {logging_mixin.py:190} INFO - [2025-11-22T01:16:55.423+0000] {dag.py:3239} INFO - Sync 1 DAGs
[2025-11-22T01:16:55.433+0000] {logging_mixin.py:190} INFO - [2025-11-22T01:16:55.433+0000] {dag.py:4180} INFO - Setting next_dagrun for shopzada_etl_pipeline to None, run_after=None
[2025-11-22T01:16:55.453+0000] {processor.py:208} INFO - Processing /opt/airflow/dags/shopzada_etl_pipeline.py took 0.070 seconds
[2025-11-22T01:17:26.004+0000] {processor.py:186} INFO - Started process (PID=1462) to work on /opt/airflow/dags/shopzada_etl_pipeline.py
[2025-11-22T01:17:26.007+0000] {processor.py:914} INFO - Processing file /opt/airflow/dags/shopzada_etl_pipeline.py for tasks to queue
[2025-11-22T01:17:26.010+0000] {logging_mixin.py:190} INFO - [2025-11-22T01:17:26.009+0000] {dagbag.py:588} INFO - Filling up the DagBag from /opt/airflow/dags/shopzada_etl_pipeline.py
[2025-11-22T01:17:26.109+0000] {processor.py:925} INFO - DAG(s) 'shopzada_etl_pipeline' retrieved from /opt/airflow/dags/shopzada_etl_pipeline.py
[2025-11-22T01:17:26.177+0000] {logging_mixin.py:190} INFO - [2025-11-22T01:17:26.177+0000] {dag.py:3239} INFO - Sync 1 DAGs
[2025-11-22T01:17:26.238+0000] {logging_mixin.py:190} INFO - [2025-11-22T01:17:26.238+0000] {dag.py:4180} INFO - Setting next_dagrun for shopzada_etl_pipeline to None, run_after=None
[2025-11-22T01:17:26.278+0000] {processor.py:208} INFO - Processing /opt/airflow/dags/shopzada_etl_pipeline.py took 0.302 seconds
[2025-11-22T01:17:57.053+0000] {processor.py:186} INFO - Started process (PID=1502) to work on /opt/airflow/dags/shopzada_etl_pipeline.py
[2025-11-22T01:17:57.055+0000] {processor.py:914} INFO - Processing file /opt/airflow/dags/shopzada_etl_pipeline.py for tasks to queue
[2025-11-22T01:17:57.061+0000] {logging_mixin.py:190} INFO - [2025-11-22T01:17:57.061+0000] {dagbag.py:588} INFO - Filling up the DagBag from /opt/airflow/dags/shopzada_etl_pipeline.py
[2025-11-22T01:17:57.108+0000] {processor.py:925} INFO - DAG(s) 'shopzada_etl_pipeline' retrieved from /opt/airflow/dags/shopzada_etl_pipeline.py
[2025-11-22T01:17:57.126+0000] {logging_mixin.py:190} INFO - [2025-11-22T01:17:57.126+0000] {dag.py:3239} INFO - Sync 1 DAGs
[2025-11-22T01:17:57.136+0000] {logging_mixin.py:190} INFO - [2025-11-22T01:17:57.136+0000] {dag.py:4180} INFO - Setting next_dagrun for shopzada_etl_pipeline to None, run_after=None
[2025-11-22T01:17:57.154+0000] {processor.py:208} INFO - Processing /opt/airflow/dags/shopzada_etl_pipeline.py took 0.104 seconds
[2025-11-22T01:18:27.705+0000] {processor.py:186} INFO - Started process (PID=1542) to work on /opt/airflow/dags/shopzada_etl_pipeline.py
[2025-11-22T01:18:27.706+0000] {processor.py:914} INFO - Processing file /opt/airflow/dags/shopzada_etl_pipeline.py for tasks to queue
[2025-11-22T01:18:27.708+0000] {logging_mixin.py:190} INFO - [2025-11-22T01:18:27.707+0000] {dagbag.py:588} INFO - Filling up the DagBag from /opt/airflow/dags/shopzada_etl_pipeline.py
[2025-11-22T01:18:27.722+0000] {processor.py:925} INFO - DAG(s) 'shopzada_etl_pipeline' retrieved from /opt/airflow/dags/shopzada_etl_pipeline.py
[2025-11-22T01:18:27.738+0000] {logging_mixin.py:190} INFO - [2025-11-22T01:18:27.738+0000] {dag.py:3239} INFO - Sync 1 DAGs
[2025-11-22T01:18:27.747+0000] {logging_mixin.py:190} INFO - [2025-11-22T01:18:27.747+0000] {dag.py:4180} INFO - Setting next_dagrun for shopzada_etl_pipeline to None, run_after=None
[2025-11-22T01:18:27.761+0000] {processor.py:208} INFO - Processing /opt/airflow/dags/shopzada_etl_pipeline.py took 0.060 seconds
[2025-11-22T01:18:58.637+0000] {processor.py:186} INFO - Started process (PID=1582) to work on /opt/airflow/dags/shopzada_etl_pipeline.py
[2025-11-22T01:18:58.638+0000] {processor.py:914} INFO - Processing file /opt/airflow/dags/shopzada_etl_pipeline.py for tasks to queue
[2025-11-22T01:18:58.639+0000] {logging_mixin.py:190} INFO - [2025-11-22T01:18:58.639+0000] {dagbag.py:588} INFO - Filling up the DagBag from /opt/airflow/dags/shopzada_etl_pipeline.py
[2025-11-22T01:18:58.651+0000] {processor.py:925} INFO - DAG(s) 'shopzada_etl_pipeline' retrieved from /opt/airflow/dags/shopzada_etl_pipeline.py
[2025-11-22T01:18:58.669+0000] {logging_mixin.py:190} INFO - [2025-11-22T01:18:58.669+0000] {dag.py:3239} INFO - Sync 1 DAGs
[2025-11-22T01:18:58.679+0000] {logging_mixin.py:190} INFO - [2025-11-22T01:18:58.679+0000] {dag.py:4180} INFO - Setting next_dagrun for shopzada_etl_pipeline to None, run_after=None
[2025-11-22T01:18:58.693+0000] {processor.py:208} INFO - Processing /opt/airflow/dags/shopzada_etl_pipeline.py took 0.060 seconds
[2025-11-22T01:19:29.235+0000] {processor.py:186} INFO - Started process (PID=1622) to work on /opt/airflow/dags/shopzada_etl_pipeline.py
[2025-11-22T01:19:29.237+0000] {processor.py:914} INFO - Processing file /opt/airflow/dags/shopzada_etl_pipeline.py for tasks to queue
[2025-11-22T01:19:29.239+0000] {logging_mixin.py:190} INFO - [2025-11-22T01:19:29.239+0000] {dagbag.py:588} INFO - Filling up the DagBag from /opt/airflow/dags/shopzada_etl_pipeline.py
[2025-11-22T01:19:29.258+0000] {processor.py:925} INFO - DAG(s) 'shopzada_etl_pipeline' retrieved from /opt/airflow/dags/shopzada_etl_pipeline.py
[2025-11-22T01:19:29.277+0000] {logging_mixin.py:190} INFO - [2025-11-22T01:19:29.277+0000] {dag.py:3239} INFO - Sync 1 DAGs
[2025-11-22T01:19:29.287+0000] {logging_mixin.py:190} INFO - [2025-11-22T01:19:29.287+0000] {dag.py:4180} INFO - Setting next_dagrun for shopzada_etl_pipeline to None, run_after=None
[2025-11-22T01:19:29.304+0000] {processor.py:208} INFO - Processing /opt/airflow/dags/shopzada_etl_pipeline.py took 0.073 seconds
[2025-11-22T01:19:59.812+0000] {processor.py:186} INFO - Started process (PID=1662) to work on /opt/airflow/dags/shopzada_etl_pipeline.py
[2025-11-22T01:19:59.815+0000] {processor.py:914} INFO - Processing file /opt/airflow/dags/shopzada_etl_pipeline.py for tasks to queue
[2025-11-22T01:19:59.818+0000] {logging_mixin.py:190} INFO - [2025-11-22T01:19:59.817+0000] {dagbag.py:588} INFO - Filling up the DagBag from /opt/airflow/dags/shopzada_etl_pipeline.py
[2025-11-22T01:19:59.878+0000] {processor.py:925} INFO - DAG(s) 'shopzada_etl_pipeline' retrieved from /opt/airflow/dags/shopzada_etl_pipeline.py
[2025-11-22T01:19:59.898+0000] {logging_mixin.py:190} INFO - [2025-11-22T01:19:59.898+0000] {dag.py:3239} INFO - Sync 1 DAGs
[2025-11-22T01:19:59.908+0000] {logging_mixin.py:190} INFO - [2025-11-22T01:19:59.907+0000] {dag.py:4180} INFO - Setting next_dagrun for shopzada_etl_pipeline to None, run_after=None
[2025-11-22T01:19:59.934+0000] {processor.py:208} INFO - Processing /opt/airflow/dags/shopzada_etl_pipeline.py took 0.133 seconds
[2025-11-22T01:20:30.801+0000] {processor.py:186} INFO - Started process (PID=1702) to work on /opt/airflow/dags/shopzada_etl_pipeline.py
[2025-11-22T01:20:30.802+0000] {processor.py:914} INFO - Processing file /opt/airflow/dags/shopzada_etl_pipeline.py for tasks to queue
[2025-11-22T01:20:30.804+0000] {logging_mixin.py:190} INFO - [2025-11-22T01:20:30.804+0000] {dagbag.py:588} INFO - Filling up the DagBag from /opt/airflow/dags/shopzada_etl_pipeline.py
[2025-11-22T01:20:30.843+0000] {processor.py:925} INFO - DAG(s) 'shopzada_etl_pipeline' retrieved from /opt/airflow/dags/shopzada_etl_pipeline.py
[2025-11-22T01:20:30.862+0000] {logging_mixin.py:190} INFO - [2025-11-22T01:20:30.862+0000] {dag.py:3239} INFO - Sync 1 DAGs
[2025-11-22T01:20:30.873+0000] {logging_mixin.py:190} INFO - [2025-11-22T01:20:30.873+0000] {dag.py:4180} INFO - Setting next_dagrun for shopzada_etl_pipeline to None, run_after=None
[2025-11-22T01:20:30.887+0000] {processor.py:208} INFO - Processing /opt/airflow/dags/shopzada_etl_pipeline.py took 0.090 seconds
[2025-11-22T01:21:01.769+0000] {processor.py:186} INFO - Started process (PID=1742) to work on /opt/airflow/dags/shopzada_etl_pipeline.py
[2025-11-22T01:21:01.771+0000] {processor.py:914} INFO - Processing file /opt/airflow/dags/shopzada_etl_pipeline.py for tasks to queue
[2025-11-22T01:21:01.775+0000] {logging_mixin.py:190} INFO - [2025-11-22T01:21:01.775+0000] {dagbag.py:588} INFO - Filling up the DagBag from /opt/airflow/dags/shopzada_etl_pipeline.py
[2025-11-22T01:21:01.821+0000] {processor.py:925} INFO - DAG(s) 'shopzada_etl_pipeline' retrieved from /opt/airflow/dags/shopzada_etl_pipeline.py
[2025-11-22T01:21:01.852+0000] {logging_mixin.py:190} INFO - [2025-11-22T01:21:01.852+0000] {dag.py:3239} INFO - Sync 1 DAGs
[2025-11-22T01:21:01.867+0000] {logging_mixin.py:190} INFO - [2025-11-22T01:21:01.866+0000] {dag.py:4180} INFO - Setting next_dagrun for shopzada_etl_pipeline to None, run_after=None
[2025-11-22T01:21:01.887+0000] {processor.py:208} INFO - Processing /opt/airflow/dags/shopzada_etl_pipeline.py took 0.129 seconds
[2025-11-22T01:21:31.970+0000] {processor.py:186} INFO - Started process (PID=1797) to work on /opt/airflow/dags/shopzada_etl_pipeline.py
[2025-11-22T01:21:31.971+0000] {processor.py:914} INFO - Processing file /opt/airflow/dags/shopzada_etl_pipeline.py for tasks to queue
[2025-11-22T01:21:31.973+0000] {logging_mixin.py:190} INFO - [2025-11-22T01:21:31.972+0000] {dagbag.py:588} INFO - Filling up the DagBag from /opt/airflow/dags/shopzada_etl_pipeline.py
[2025-11-22T01:21:31.996+0000] {processor.py:925} INFO - DAG(s) 'shopzada_etl_pipeline' retrieved from /opt/airflow/dags/shopzada_etl_pipeline.py
[2025-11-22T01:21:32.018+0000] {logging_mixin.py:190} INFO - [2025-11-22T01:21:32.018+0000] {dag.py:3239} INFO - Sync 1 DAGs
[2025-11-22T01:21:32.030+0000] {logging_mixin.py:190} INFO - [2025-11-22T01:21:32.030+0000] {dag.py:4180} INFO - Setting next_dagrun for shopzada_etl_pipeline to None, run_after=None
[2025-11-22T01:21:32.048+0000] {processor.py:208} INFO - Processing /opt/airflow/dags/shopzada_etl_pipeline.py took 0.084 seconds
[2025-11-22T01:22:02.793+0000] {processor.py:186} INFO - Started process (PID=1842) to work on /opt/airflow/dags/shopzada_etl_pipeline.py
[2025-11-22T01:22:02.794+0000] {processor.py:914} INFO - Processing file /opt/airflow/dags/shopzada_etl_pipeline.py for tasks to queue
[2025-11-22T01:22:02.796+0000] {logging_mixin.py:190} INFO - [2025-11-22T01:22:02.796+0000] {dagbag.py:588} INFO - Filling up the DagBag from /opt/airflow/dags/shopzada_etl_pipeline.py
[2025-11-22T01:22:02.817+0000] {processor.py:925} INFO - DAG(s) 'shopzada_etl_pipeline' retrieved from /opt/airflow/dags/shopzada_etl_pipeline.py
[2025-11-22T01:22:02.838+0000] {logging_mixin.py:190} INFO - [2025-11-22T01:22:02.838+0000] {dag.py:3239} INFO - Sync 1 DAGs
[2025-11-22T01:22:02.850+0000] {logging_mixin.py:190} INFO - [2025-11-22T01:22:02.850+0000] {dag.py:4180} INFO - Setting next_dagrun for shopzada_etl_pipeline to None, run_after=None
[2025-11-22T01:22:02.869+0000] {processor.py:208} INFO - Processing /opt/airflow/dags/shopzada_etl_pipeline.py took 0.080 seconds
[2025-11-22T01:22:33.488+0000] {processor.py:186} INFO - Started process (PID=1882) to work on /opt/airflow/dags/shopzada_etl_pipeline.py
[2025-11-22T01:22:33.490+0000] {processor.py:914} INFO - Processing file /opt/airflow/dags/shopzada_etl_pipeline.py for tasks to queue
[2025-11-22T01:22:33.492+0000] {logging_mixin.py:190} INFO - [2025-11-22T01:22:33.492+0000] {dagbag.py:588} INFO - Filling up the DagBag from /opt/airflow/dags/shopzada_etl_pipeline.py
[2025-11-22T01:22:33.538+0000] {processor.py:925} INFO - DAG(s) 'shopzada_etl_pipeline' retrieved from /opt/airflow/dags/shopzada_etl_pipeline.py
[2025-11-22T01:22:33.558+0000] {logging_mixin.py:190} INFO - [2025-11-22T01:22:33.558+0000] {dag.py:3239} INFO - Sync 1 DAGs
[2025-11-22T01:22:33.568+0000] {logging_mixin.py:190} INFO - [2025-11-22T01:22:33.568+0000] {dag.py:4180} INFO - Setting next_dagrun for shopzada_etl_pipeline to None, run_after=None
[2025-11-22T01:22:33.582+0000] {processor.py:208} INFO - Processing /opt/airflow/dags/shopzada_etl_pipeline.py took 0.098 seconds
[2025-11-22T01:23:05.359+0000] {processor.py:186} INFO - Started process (PID=1922) to work on /opt/airflow/dags/shopzada_etl_pipeline.py
[2025-11-22T01:23:05.360+0000] {processor.py:914} INFO - Processing file /opt/airflow/dags/shopzada_etl_pipeline.py for tasks to queue
[2025-11-22T01:23:05.363+0000] {logging_mixin.py:190} INFO - [2025-11-22T01:23:05.362+0000] {dagbag.py:588} INFO - Filling up the DagBag from /opt/airflow/dags/shopzada_etl_pipeline.py
[2025-11-22T01:23:05.397+0000] {processor.py:925} INFO - DAG(s) 'shopzada_etl_pipeline' retrieved from /opt/airflow/dags/shopzada_etl_pipeline.py
[2025-11-22T01:23:05.419+0000] {logging_mixin.py:190} INFO - [2025-11-22T01:23:05.418+0000] {dag.py:3239} INFO - Sync 1 DAGs
[2025-11-22T01:23:05.431+0000] {logging_mixin.py:190} INFO - [2025-11-22T01:23:05.431+0000] {dag.py:4180} INFO - Setting next_dagrun for shopzada_etl_pipeline to None, run_after=None
[2025-11-22T01:23:05.449+0000] {processor.py:208} INFO - Processing /opt/airflow/dags/shopzada_etl_pipeline.py took 0.095 seconds
[2025-11-22T01:23:36.169+0000] {processor.py:186} INFO - Started process (PID=1957) to work on /opt/airflow/dags/shopzada_etl_pipeline.py
[2025-11-22T01:23:36.170+0000] {processor.py:914} INFO - Processing file /opt/airflow/dags/shopzada_etl_pipeline.py for tasks to queue
[2025-11-22T01:23:36.172+0000] {logging_mixin.py:190} INFO - [2025-11-22T01:23:36.172+0000] {dagbag.py:588} INFO - Filling up the DagBag from /opt/airflow/dags/shopzada_etl_pipeline.py
[2025-11-22T01:23:36.200+0000] {processor.py:925} INFO - DAG(s) 'shopzada_etl_pipeline' retrieved from /opt/airflow/dags/shopzada_etl_pipeline.py
[2025-11-22T01:23:37.906+0000] {logging_mixin.py:190} INFO - [2025-11-22T01:23:37.906+0000] {dag.py:3239} INFO - Sync 1 DAGs
[2025-11-22T01:23:37.922+0000] {logging_mixin.py:190} INFO - [2025-11-22T01:23:37.922+0000] {dag.py:4180} INFO - Setting next_dagrun for shopzada_etl_pipeline to None, run_after=None
[2025-11-22T01:23:37.948+0000] {processor.py:208} INFO - Processing /opt/airflow/dags/shopzada_etl_pipeline.py took 0.116 seconds
[2025-11-22T01:24:08.978+0000] {processor.py:186} INFO - Started process (PID=1997) to work on /opt/airflow/dags/shopzada_etl_pipeline.py
[2025-11-22T01:24:08.979+0000] {processor.py:914} INFO - Processing file /opt/airflow/dags/shopzada_etl_pipeline.py for tasks to queue
[2025-11-22T01:24:08.981+0000] {logging_mixin.py:190} INFO - [2025-11-22T01:24:08.981+0000] {dagbag.py:588} INFO - Filling up the DagBag from /opt/airflow/dags/shopzada_etl_pipeline.py
[2025-11-22T01:24:10.669+0000] {processor.py:925} INFO - DAG(s) 'shopzada_etl_pipeline' retrieved from /opt/airflow/dags/shopzada_etl_pipeline.py
[2025-11-22T01:24:10.693+0000] {logging_mixin.py:190} INFO - [2025-11-22T01:24:10.692+0000] {dag.py:3239} INFO - Sync 1 DAGs
[2025-11-22T01:24:10.706+0000] {logging_mixin.py:190} INFO - [2025-11-22T01:24:10.706+0000] {dag.py:4180} INFO - Setting next_dagrun for shopzada_etl_pipeline to None, run_after=None
[2025-11-22T01:24:10.732+0000] {processor.py:208} INFO - Processing /opt/airflow/dags/shopzada_etl_pipeline.py took 0.093 seconds
[2025-11-22T01:24:41.787+0000] {processor.py:186} INFO - Started process (PID=2040) to work on /opt/airflow/dags/shopzada_etl_pipeline.py
[2025-11-22T01:24:41.789+0000] {processor.py:914} INFO - Processing file /opt/airflow/dags/shopzada_etl_pipeline.py for tasks to queue
[2025-11-22T01:24:43.463+0000] {logging_mixin.py:190} INFO - [2025-11-22T01:24:43.462+0000] {dagbag.py:588} INFO - Filling up the DagBag from /opt/airflow/dags/shopzada_etl_pipeline.py
[2025-11-22T01:24:43.484+0000] {processor.py:925} INFO - DAG(s) 'shopzada_etl_pipeline' retrieved from /opt/airflow/dags/shopzada_etl_pipeline.py
[2025-11-22T01:24:43.505+0000] {logging_mixin.py:190} INFO - [2025-11-22T01:24:43.504+0000] {dag.py:3239} INFO - Sync 1 DAGs
[2025-11-22T01:24:43.517+0000] {logging_mixin.py:190} INFO - [2025-11-22T01:24:43.517+0000] {dag.py:4180} INFO - Setting next_dagrun for shopzada_etl_pipeline to None, run_after=None
[2025-11-22T01:24:43.537+0000] {processor.py:208} INFO - Processing /opt/airflow/dags/shopzada_etl_pipeline.py took 0.086 seconds
[2025-11-22T01:25:16.441+0000] {processor.py:186} INFO - Started process (PID=2080) to work on /opt/airflow/dags/shopzada_etl_pipeline.py
[2025-11-22T01:25:16.443+0000] {processor.py:914} INFO - Processing file /opt/airflow/dags/shopzada_etl_pipeline.py for tasks to queue
[2025-11-22T01:25:16.445+0000] {logging_mixin.py:190} INFO - [2025-11-22T01:25:16.445+0000] {dagbag.py:588} INFO - Filling up the DagBag from /opt/airflow/dags/shopzada_etl_pipeline.py
[2025-11-22T01:25:16.473+0000] {processor.py:925} INFO - DAG(s) 'shopzada_etl_pipeline' retrieved from /opt/airflow/dags/shopzada_etl_pipeline.py
[2025-11-22T01:25:16.496+0000] {logging_mixin.py:190} INFO - [2025-11-22T01:25:16.495+0000] {dag.py:3239} INFO - Sync 1 DAGs
[2025-11-22T01:25:16.508+0000] {logging_mixin.py:190} INFO - [2025-11-22T01:25:16.508+0000] {dag.py:4180} INFO - Setting next_dagrun for shopzada_etl_pipeline to None, run_after=None
[2025-11-22T01:25:16.527+0000] {processor.py:208} INFO - Processing /opt/airflow/dags/shopzada_etl_pipeline.py took 0.091 seconds
[2025-11-22T01:25:49.286+0000] {processor.py:186} INFO - Started process (PID=2120) to work on /opt/airflow/dags/shopzada_etl_pipeline.py
[2025-11-22T01:25:49.287+0000] {processor.py:914} INFO - Processing file /opt/airflow/dags/shopzada_etl_pipeline.py for tasks to queue
[2025-11-22T01:25:49.290+0000] {logging_mixin.py:190} INFO - [2025-11-22T01:25:49.289+0000] {dagbag.py:588} INFO - Filling up the DagBag from /opt/airflow/dags/shopzada_etl_pipeline.py
[2025-11-22T01:25:49.309+0000] {processor.py:925} INFO - DAG(s) 'shopzada_etl_pipeline' retrieved from /opt/airflow/dags/shopzada_etl_pipeline.py
[2025-11-22T01:25:49.327+0000] {logging_mixin.py:190} INFO - [2025-11-22T01:25:49.326+0000] {dag.py:3239} INFO - Sync 1 DAGs
[2025-11-22T01:25:49.336+0000] {logging_mixin.py:190} INFO - [2025-11-22T01:25:49.336+0000] {dag.py:4180} INFO - Setting next_dagrun for shopzada_etl_pipeline to None, run_after=None
[2025-11-22T01:25:49.354+0000] {processor.py:208} INFO - Processing /opt/airflow/dags/shopzada_etl_pipeline.py took 0.074 seconds
[2025-11-22T01:26:22.083+0000] {processor.py:186} INFO - Started process (PID=2160) to work on /opt/airflow/dags/shopzada_etl_pipeline.py
[2025-11-22T01:26:22.085+0000] {processor.py:914} INFO - Processing file /opt/airflow/dags/shopzada_etl_pipeline.py for tasks to queue
[2025-11-22T01:26:22.087+0000] {logging_mixin.py:190} INFO - [2025-11-22T01:26:22.087+0000] {dagbag.py:588} INFO - Filling up the DagBag from /opt/airflow/dags/shopzada_etl_pipeline.py
[2025-11-22T01:26:22.118+0000] {processor.py:925} INFO - DAG(s) 'shopzada_etl_pipeline' retrieved from /opt/airflow/dags/shopzada_etl_pipeline.py
[2025-11-22T01:26:22.137+0000] {logging_mixin.py:190} INFO - [2025-11-22T01:26:22.137+0000] {dag.py:3239} INFO - Sync 1 DAGs
[2025-11-22T01:26:22.147+0000] {logging_mixin.py:190} INFO - [2025-11-22T01:26:22.147+0000] {dag.py:4180} INFO - Setting next_dagrun for shopzada_etl_pipeline to None, run_after=None
[2025-11-22T01:26:22.163+0000] {processor.py:208} INFO - Processing /opt/airflow/dags/shopzada_etl_pipeline.py took 0.085 seconds
[2025-11-22T01:26:54.891+0000] {processor.py:186} INFO - Started process (PID=2200) to work on /opt/airflow/dags/shopzada_etl_pipeline.py
[2025-11-22T01:26:54.892+0000] {processor.py:914} INFO - Processing file /opt/airflow/dags/shopzada_etl_pipeline.py for tasks to queue
[2025-11-22T01:26:54.894+0000] {logging_mixin.py:190} INFO - [2025-11-22T01:26:54.894+0000] {dagbag.py:588} INFO - Filling up the DagBag from /opt/airflow/dags/shopzada_etl_pipeline.py
[2025-11-22T01:26:54.915+0000] {processor.py:925} INFO - DAG(s) 'shopzada_etl_pipeline' retrieved from /opt/airflow/dags/shopzada_etl_pipeline.py
[2025-11-22T01:26:54.937+0000] {logging_mixin.py:190} INFO - [2025-11-22T01:26:54.936+0000] {dag.py:3239} INFO - Sync 1 DAGs
[2025-11-22T01:26:54.950+0000] {logging_mixin.py:190} INFO - [2025-11-22T01:26:54.950+0000] {dag.py:4180} INFO - Setting next_dagrun for shopzada_etl_pipeline to None, run_after=None
[2025-11-22T01:26:54.968+0000] {processor.py:208} INFO - Processing /opt/airflow/dags/shopzada_etl_pipeline.py took 0.081 seconds
[2025-11-22T01:27:27.728+0000] {processor.py:186} INFO - Started process (PID=2240) to work on /opt/airflow/dags/shopzada_etl_pipeline.py
[2025-11-22T01:27:27.729+0000] {processor.py:914} INFO - Processing file /opt/airflow/dags/shopzada_etl_pipeline.py for tasks to queue
[2025-11-22T01:27:27.732+0000] {logging_mixin.py:190} INFO - [2025-11-22T01:27:27.732+0000] {dagbag.py:588} INFO - Filling up the DagBag from /opt/airflow/dags/shopzada_etl_pipeline.py
[2025-11-22T01:27:27.761+0000] {processor.py:925} INFO - DAG(s) 'shopzada_etl_pipeline' retrieved from /opt/airflow/dags/shopzada_etl_pipeline.py
[2025-11-22T01:27:27.786+0000] {logging_mixin.py:190} INFO - [2025-11-22T01:27:27.785+0000] {dag.py:3239} INFO - Sync 1 DAGs
[2025-11-22T01:27:27.798+0000] {logging_mixin.py:190} INFO - [2025-11-22T01:27:27.798+0000] {dag.py:4180} INFO - Setting next_dagrun for shopzada_etl_pipeline to None, run_after=None
[2025-11-22T01:27:27.821+0000] {processor.py:208} INFO - Processing /opt/airflow/dags/shopzada_etl_pipeline.py took 0.098 seconds
[2025-11-22T01:28:00.584+0000] {processor.py:186} INFO - Started process (PID=2280) to work on /opt/airflow/dags/shopzada_etl_pipeline.py
[2025-11-22T01:28:00.585+0000] {processor.py:914} INFO - Processing file /opt/airflow/dags/shopzada_etl_pipeline.py for tasks to queue
[2025-11-22T01:28:00.588+0000] {logging_mixin.py:190} INFO - [2025-11-22T01:28:00.587+0000] {dagbag.py:588} INFO - Filling up the DagBag from /opt/airflow/dags/shopzada_etl_pipeline.py
[2025-11-22T01:28:00.608+0000] {processor.py:925} INFO - DAG(s) 'shopzada_etl_pipeline' retrieved from /opt/airflow/dags/shopzada_etl_pipeline.py
[2025-11-22T01:28:00.629+0000] {logging_mixin.py:190} INFO - [2025-11-22T01:28:00.629+0000] {dag.py:3239} INFO - Sync 1 DAGs
[2025-11-22T01:28:00.641+0000] {logging_mixin.py:190} INFO - [2025-11-22T01:28:00.641+0000] {dag.py:4180} INFO - Setting next_dagrun for shopzada_etl_pipeline to None, run_after=None
[2025-11-22T01:28:00.663+0000] {processor.py:208} INFO - Processing /opt/airflow/dags/shopzada_etl_pipeline.py took 0.083 seconds
[2025-11-22T01:28:33.386+0000] {processor.py:186} INFO - Started process (PID=2320) to work on /opt/airflow/dags/shopzada_etl_pipeline.py
[2025-11-22T01:28:33.387+0000] {processor.py:914} INFO - Processing file /opt/airflow/dags/shopzada_etl_pipeline.py for tasks to queue
[2025-11-22T01:28:33.389+0000] {logging_mixin.py:190} INFO - [2025-11-22T01:28:33.389+0000] {dagbag.py:588} INFO - Filling up the DagBag from /opt/airflow/dags/shopzada_etl_pipeline.py
[2025-11-22T01:28:33.416+0000] {processor.py:925} INFO - DAG(s) 'shopzada_etl_pipeline' retrieved from /opt/airflow/dags/shopzada_etl_pipeline.py
[2025-11-22T01:28:33.440+0000] {logging_mixin.py:190} INFO - [2025-11-22T01:28:33.440+0000] {dag.py:3239} INFO - Sync 1 DAGs
[2025-11-22T01:28:33.452+0000] {logging_mixin.py:190} INFO - [2025-11-22T01:28:33.452+0000] {dag.py:4180} INFO - Setting next_dagrun for shopzada_etl_pipeline to None, run_after=None
[2025-11-22T01:28:33.470+0000] {processor.py:208} INFO - Processing /opt/airflow/dags/shopzada_etl_pipeline.py took 0.090 seconds
[2025-11-22T01:29:06.167+0000] {processor.py:186} INFO - Started process (PID=2360) to work on /opt/airflow/dags/shopzada_etl_pipeline.py
[2025-11-22T01:29:06.168+0000] {processor.py:914} INFO - Processing file /opt/airflow/dags/shopzada_etl_pipeline.py for tasks to queue
[2025-11-22T01:29:06.170+0000] {logging_mixin.py:190} INFO - [2025-11-22T01:29:06.169+0000] {dagbag.py:588} INFO - Filling up the DagBag from /opt/airflow/dags/shopzada_etl_pipeline.py
[2025-11-22T01:29:06.187+0000] {processor.py:925} INFO - DAG(s) 'shopzada_etl_pipeline' retrieved from /opt/airflow/dags/shopzada_etl_pipeline.py
[2025-11-22T01:29:06.206+0000] {logging_mixin.py:190} INFO - [2025-11-22T01:29:06.206+0000] {dag.py:3239} INFO - Sync 1 DAGs
[2025-11-22T01:29:06.215+0000] {logging_mixin.py:190} INFO - [2025-11-22T01:29:06.215+0000] {dag.py:4180} INFO - Setting next_dagrun for shopzada_etl_pipeline to None, run_after=None
[2025-11-22T01:29:06.233+0000] {processor.py:208} INFO - Processing /opt/airflow/dags/shopzada_etl_pipeline.py took 0.070 seconds
[2025-11-22T01:29:38.941+0000] {processor.py:186} INFO - Started process (PID=2400) to work on /opt/airflow/dags/shopzada_etl_pipeline.py
[2025-11-22T01:29:38.943+0000] {processor.py:914} INFO - Processing file /opt/airflow/dags/shopzada_etl_pipeline.py for tasks to queue
[2025-11-22T01:29:38.945+0000] {logging_mixin.py:190} INFO - [2025-11-22T01:29:38.945+0000] {dagbag.py:588} INFO - Filling up the DagBag from /opt/airflow/dags/shopzada_etl_pipeline.py
[2025-11-22T01:29:38.974+0000] {processor.py:925} INFO - DAG(s) 'shopzada_etl_pipeline' retrieved from /opt/airflow/dags/shopzada_etl_pipeline.py
[2025-11-22T01:29:38.995+0000] {logging_mixin.py:190} INFO - [2025-11-22T01:29:38.995+0000] {dag.py:3239} INFO - Sync 1 DAGs
[2025-11-22T01:29:39.008+0000] {logging_mixin.py:190} INFO - [2025-11-22T01:29:39.008+0000] {dag.py:4180} INFO - Setting next_dagrun for shopzada_etl_pipeline to None, run_after=None
[2025-11-22T01:29:39.031+0000] {processor.py:208} INFO - Processing /opt/airflow/dags/shopzada_etl_pipeline.py took 0.095 seconds
[2025-11-22T01:30:11.986+0000] {processor.py:186} INFO - Started process (PID=2440) to work on /opt/airflow/dags/shopzada_etl_pipeline.py
[2025-11-22T01:30:11.988+0000] {processor.py:914} INFO - Processing file /opt/airflow/dags/shopzada_etl_pipeline.py for tasks to queue
[2025-11-22T01:30:11.991+0000] {logging_mixin.py:190} INFO - [2025-11-22T01:30:11.991+0000] {dagbag.py:588} INFO - Filling up the DagBag from /opt/airflow/dags/shopzada_etl_pipeline.py
[2025-11-22T01:30:12.033+0000] {processor.py:925} INFO - DAG(s) 'shopzada_etl_pipeline' retrieved from /opt/airflow/dags/shopzada_etl_pipeline.py
[2025-11-22T01:30:12.056+0000] {logging_mixin.py:190} INFO - [2025-11-22T01:30:12.056+0000] {dag.py:3239} INFO - Sync 1 DAGs
[2025-11-22T01:30:12.069+0000] {logging_mixin.py:190} INFO - [2025-11-22T01:30:12.069+0000] {dag.py:4180} INFO - Setting next_dagrun for shopzada_etl_pipeline to None, run_after=None
[2025-11-22T01:30:12.088+0000] {processor.py:208} INFO - Processing /opt/airflow/dags/shopzada_etl_pipeline.py took 0.108 seconds
[2025-11-22T01:30:44.779+0000] {processor.py:186} INFO - Started process (PID=2480) to work on /opt/airflow/dags/shopzada_etl_pipeline.py
[2025-11-22T01:30:44.781+0000] {processor.py:914} INFO - Processing file /opt/airflow/dags/shopzada_etl_pipeline.py for tasks to queue
[2025-11-22T01:30:44.784+0000] {logging_mixin.py:190} INFO - [2025-11-22T01:30:44.784+0000] {dagbag.py:588} INFO - Filling up the DagBag from /opt/airflow/dags/shopzada_etl_pipeline.py
[2025-11-22T01:30:44.812+0000] {processor.py:925} INFO - DAG(s) 'shopzada_etl_pipeline' retrieved from /opt/airflow/dags/shopzada_etl_pipeline.py
[2025-11-22T01:30:44.835+0000] {logging_mixin.py:190} INFO - [2025-11-22T01:30:44.835+0000] {dag.py:3239} INFO - Sync 1 DAGs
[2025-11-22T01:30:44.848+0000] {logging_mixin.py:190} INFO - [2025-11-22T01:30:44.848+0000] {dag.py:4180} INFO - Setting next_dagrun for shopzada_etl_pipeline to None, run_after=None
[2025-11-22T01:30:44.868+0000] {processor.py:208} INFO - Processing /opt/airflow/dags/shopzada_etl_pipeline.py took 0.094 seconds
[2025-11-22T01:31:17.508+0000] {processor.py:186} INFO - Started process (PID=2525) to work on /opt/airflow/dags/shopzada_etl_pipeline.py
[2025-11-22T01:31:17.509+0000] {processor.py:914} INFO - Processing file /opt/airflow/dags/shopzada_etl_pipeline.py for tasks to queue
[2025-11-22T01:31:17.511+0000] {logging_mixin.py:190} INFO - [2025-11-22T01:31:17.511+0000] {dagbag.py:588} INFO - Filling up the DagBag from /opt/airflow/dags/shopzada_etl_pipeline.py
[2025-11-22T01:31:17.526+0000] {processor.py:925} INFO - DAG(s) 'shopzada_etl_pipeline' retrieved from /opt/airflow/dags/shopzada_etl_pipeline.py
[2025-11-22T01:31:17.542+0000] {logging_mixin.py:190} INFO - [2025-11-22T01:31:17.542+0000] {dag.py:3239} INFO - Sync 1 DAGs
[2025-11-22T01:31:17.551+0000] {logging_mixin.py:190} INFO - [2025-11-22T01:31:17.551+0000] {dag.py:4180} INFO - Setting next_dagrun for shopzada_etl_pipeline to None, run_after=None
[2025-11-22T01:31:17.564+0000] {processor.py:208} INFO - Processing /opt/airflow/dags/shopzada_etl_pipeline.py took 0.060 seconds
[2025-11-22T01:31:50.269+0000] {processor.py:186} INFO - Started process (PID=2565) to work on /opt/airflow/dags/shopzada_etl_pipeline.py
[2025-11-22T01:31:50.270+0000] {processor.py:914} INFO - Processing file /opt/airflow/dags/shopzada_etl_pipeline.py for tasks to queue
[2025-11-22T01:31:50.273+0000] {logging_mixin.py:190} INFO - [2025-11-22T01:31:50.273+0000] {dagbag.py:588} INFO - Filling up the DagBag from /opt/airflow/dags/shopzada_etl_pipeline.py
[2025-11-22T01:31:50.306+0000] {processor.py:925} INFO - DAG(s) 'shopzada_etl_pipeline' retrieved from /opt/airflow/dags/shopzada_etl_pipeline.py
[2025-11-22T01:31:50.323+0000] {logging_mixin.py:190} INFO - [2025-11-22T01:31:50.323+0000] {dag.py:3239} INFO - Sync 1 DAGs
[2025-11-22T01:31:50.333+0000] {logging_mixin.py:190} INFO - [2025-11-22T01:31:50.333+0000] {dag.py:4180} INFO - Setting next_dagrun for shopzada_etl_pipeline to None, run_after=None
[2025-11-22T01:31:50.346+0000] {processor.py:208} INFO - Processing /opt/airflow/dags/shopzada_etl_pipeline.py took 0.082 seconds
[2025-11-22T01:32:22.882+0000] {processor.py:186} INFO - Started process (PID=2605) to work on /opt/airflow/dags/shopzada_etl_pipeline.py
[2025-11-22T01:32:22.884+0000] {processor.py:914} INFO - Processing file /opt/airflow/dags/shopzada_etl_pipeline.py for tasks to queue
[2025-11-22T01:32:22.886+0000] {logging_mixin.py:190} INFO - [2025-11-22T01:32:22.886+0000] {dagbag.py:588} INFO - Filling up the DagBag from /opt/airflow/dags/shopzada_etl_pipeline.py
[2025-11-22T01:32:22.913+0000] {processor.py:925} INFO - DAG(s) 'shopzada_etl_pipeline' retrieved from /opt/airflow/dags/shopzada_etl_pipeline.py
[2025-11-22T01:32:22.936+0000] {logging_mixin.py:190} INFO - [2025-11-22T01:32:22.936+0000] {dag.py:3239} INFO - Sync 1 DAGs
[2025-11-22T01:32:22.950+0000] {logging_mixin.py:190} INFO - [2025-11-22T01:32:22.950+0000] {dag.py:4180} INFO - Setting next_dagrun for shopzada_etl_pipeline to None, run_after=None
[2025-11-22T01:32:22.968+0000] {processor.py:208} INFO - Processing /opt/airflow/dags/shopzada_etl_pipeline.py took 0.091 seconds
[2025-11-22T01:32:56.153+0000] {processor.py:186} INFO - Started process (PID=2652) to work on /opt/airflow/dags/shopzada_etl_pipeline.py
[2025-11-22T01:32:56.154+0000] {processor.py:914} INFO - Processing file /opt/airflow/dags/shopzada_etl_pipeline.py for tasks to queue
[2025-11-22T01:32:56.156+0000] {logging_mixin.py:190} INFO - [2025-11-22T01:32:56.156+0000] {dagbag.py:588} INFO - Filling up the DagBag from /opt/airflow/dags/shopzada_etl_pipeline.py
[2025-11-22T01:32:56.182+0000] {processor.py:925} INFO - DAG(s) 'shopzada_etl_pipeline' retrieved from /opt/airflow/dags/shopzada_etl_pipeline.py
[2025-11-22T01:32:56.200+0000] {logging_mixin.py:190} INFO - [2025-11-22T01:32:56.200+0000] {dag.py:3239} INFO - Sync 1 DAGs
[2025-11-22T01:32:56.211+0000] {logging_mixin.py:190} INFO - [2025-11-22T01:32:56.211+0000] {dag.py:4180} INFO - Setting next_dagrun for shopzada_etl_pipeline to None, run_after=None
[2025-11-22T01:32:56.227+0000] {processor.py:208} INFO - Processing /opt/airflow/dags/shopzada_etl_pipeline.py took 0.079 seconds
[2025-11-22T01:33:28.933+0000] {processor.py:186} INFO - Started process (PID=2692) to work on /opt/airflow/dags/shopzada_etl_pipeline.py
[2025-11-22T01:33:28.935+0000] {processor.py:914} INFO - Processing file /opt/airflow/dags/shopzada_etl_pipeline.py for tasks to queue
[2025-11-22T01:33:28.938+0000] {logging_mixin.py:190} INFO - [2025-11-22T01:33:28.938+0000] {dagbag.py:588} INFO - Filling up the DagBag from /opt/airflow/dags/shopzada_etl_pipeline.py
[2025-11-22T01:33:28.963+0000] {processor.py:925} INFO - DAG(s) 'shopzada_etl_pipeline' retrieved from /opt/airflow/dags/shopzada_etl_pipeline.py
[2025-11-22T01:33:28.982+0000] {logging_mixin.py:190} INFO - [2025-11-22T01:33:28.982+0000] {dag.py:3239} INFO - Sync 1 DAGs
[2025-11-22T01:33:28.992+0000] {logging_mixin.py:190} INFO - [2025-11-22T01:33:28.992+0000] {dag.py:4180} INFO - Setting next_dagrun for shopzada_etl_pipeline to None, run_after=None
[2025-11-22T01:33:29.007+0000] {processor.py:208} INFO - Processing /opt/airflow/dags/shopzada_etl_pipeline.py took 0.079 seconds
[2025-11-22T01:34:01.699+0000] {processor.py:186} INFO - Started process (PID=2732) to work on /opt/airflow/dags/shopzada_etl_pipeline.py
[2025-11-22T01:34:01.700+0000] {processor.py:914} INFO - Processing file /opt/airflow/dags/shopzada_etl_pipeline.py for tasks to queue
[2025-11-22T01:34:01.702+0000] {logging_mixin.py:190} INFO - [2025-11-22T01:34:01.702+0000] {dagbag.py:588} INFO - Filling up the DagBag from /opt/airflow/dags/shopzada_etl_pipeline.py
[2025-11-22T01:34:01.724+0000] {processor.py:925} INFO - DAG(s) 'shopzada_etl_pipeline' retrieved from /opt/airflow/dags/shopzada_etl_pipeline.py
[2025-11-22T01:34:01.741+0000] {logging_mixin.py:190} INFO - [2025-11-22T01:34:01.740+0000] {dag.py:3239} INFO - Sync 1 DAGs
[2025-11-22T01:34:01.750+0000] {logging_mixin.py:190} INFO - [2025-11-22T01:34:01.750+0000] {dag.py:4180} INFO - Setting next_dagrun for shopzada_etl_pipeline to None, run_after=None
[2025-11-22T01:34:01.764+0000] {processor.py:208} INFO - Processing /opt/airflow/dags/shopzada_etl_pipeline.py took 0.069 seconds
[2025-11-22T01:34:34.639+0000] {processor.py:186} INFO - Started process (PID=2772) to work on /opt/airflow/dags/shopzada_etl_pipeline.py
[2025-11-22T01:34:34.640+0000] {processor.py:914} INFO - Processing file /opt/airflow/dags/shopzada_etl_pipeline.py for tasks to queue
[2025-11-22T01:34:34.643+0000] {logging_mixin.py:190} INFO - [2025-11-22T01:34:34.643+0000] {dagbag.py:588} INFO - Filling up the DagBag from /opt/airflow/dags/shopzada_etl_pipeline.py
[2025-11-22T01:34:34.662+0000] {processor.py:925} INFO - DAG(s) 'shopzada_etl_pipeline' retrieved from /opt/airflow/dags/shopzada_etl_pipeline.py
[2025-11-22T01:34:34.678+0000] {logging_mixin.py:190} INFO - [2025-11-22T01:34:34.678+0000] {dag.py:3239} INFO - Sync 1 DAGs
[2025-11-22T01:34:34.687+0000] {logging_mixin.py:190} INFO - [2025-11-22T01:34:34.687+0000] {dag.py:4180} INFO - Setting next_dagrun for shopzada_etl_pipeline to None, run_after=None
[2025-11-22T01:34:34.702+0000] {processor.py:208} INFO - Processing /opt/airflow/dags/shopzada_etl_pipeline.py took 0.070 seconds
[2025-11-22T01:35:06.692+0000] {processor.py:186} INFO - Started process (PID=2812) to work on /opt/airflow/dags/shopzada_etl_pipeline.py
[2025-11-22T01:35:06.694+0000] {processor.py:914} INFO - Processing file /opt/airflow/dags/shopzada_etl_pipeline.py for tasks to queue
[2025-11-22T01:35:06.697+0000] {logging_mixin.py:190} INFO - [2025-11-22T01:35:06.696+0000] {dagbag.py:588} INFO - Filling up the DagBag from /opt/airflow/dags/shopzada_etl_pipeline.py
[2025-11-22T01:35:06.733+0000] {processor.py:925} INFO - DAG(s) 'shopzada_etl_pipeline' retrieved from /opt/airflow/dags/shopzada_etl_pipeline.py
[2025-11-22T01:35:06.751+0000] {logging_mixin.py:190} INFO - [2025-11-22T01:35:06.751+0000] {dag.py:3239} INFO - Sync 1 DAGs
[2025-11-22T01:35:06.761+0000] {logging_mixin.py:190} INFO - [2025-11-22T01:35:06.761+0000] {dag.py:4180} INFO - Setting next_dagrun for shopzada_etl_pipeline to None, run_after=None
[2025-11-22T01:35:06.779+0000] {processor.py:208} INFO - Processing /opt/airflow/dags/shopzada_etl_pipeline.py took 0.092 seconds
[2025-11-22T01:35:39.585+0000] {processor.py:186} INFO - Started process (PID=2852) to work on /opt/airflow/dags/shopzada_etl_pipeline.py
[2025-11-22T01:35:39.586+0000] {processor.py:914} INFO - Processing file /opt/airflow/dags/shopzada_etl_pipeline.py for tasks to queue
[2025-11-22T01:35:39.588+0000] {logging_mixin.py:190} INFO - [2025-11-22T01:35:39.588+0000] {dagbag.py:588} INFO - Filling up the DagBag from /opt/airflow/dags/shopzada_etl_pipeline.py
[2025-11-22T01:35:39.617+0000] {processor.py:925} INFO - DAG(s) 'shopzada_etl_pipeline' retrieved from /opt/airflow/dags/shopzada_etl_pipeline.py
[2025-11-22T01:35:39.634+0000] {logging_mixin.py:190} INFO - [2025-11-22T01:35:39.634+0000] {dag.py:3239} INFO - Sync 1 DAGs
[2025-11-22T01:35:39.643+0000] {logging_mixin.py:190} INFO - [2025-11-22T01:35:39.643+0000] {dag.py:4180} INFO - Setting next_dagrun for shopzada_etl_pipeline to None, run_after=None
[2025-11-22T01:35:39.657+0000] {processor.py:208} INFO - Processing /opt/airflow/dags/shopzada_etl_pipeline.py took 0.077 seconds
[2025-11-22T01:36:12.568+0000] {processor.py:186} INFO - Started process (PID=2892) to work on /opt/airflow/dags/shopzada_etl_pipeline.py
[2025-11-22T01:36:12.569+0000] {processor.py:914} INFO - Processing file /opt/airflow/dags/shopzada_etl_pipeline.py for tasks to queue
[2025-11-22T01:36:12.571+0000] {logging_mixin.py:190} INFO - [2025-11-22T01:36:12.571+0000] {dagbag.py:588} INFO - Filling up the DagBag from /opt/airflow/dags/shopzada_etl_pipeline.py
[2025-11-22T01:36:12.594+0000] {processor.py:925} INFO - DAG(s) 'shopzada_etl_pipeline' retrieved from /opt/airflow/dags/shopzada_etl_pipeline.py
[2025-11-22T01:36:12.610+0000] {logging_mixin.py:190} INFO - [2025-11-22T01:36:12.610+0000] {dag.py:3239} INFO - Sync 1 DAGs
[2025-11-22T01:36:12.619+0000] {logging_mixin.py:190} INFO - [2025-11-22T01:36:12.619+0000] {dag.py:4180} INFO - Setting next_dagrun for shopzada_etl_pipeline to None, run_after=None
[2025-11-22T01:36:12.636+0000] {processor.py:208} INFO - Processing /opt/airflow/dags/shopzada_etl_pipeline.py took 0.072 seconds
[2025-11-22T01:36:45.388+0000] {processor.py:186} INFO - Started process (PID=2932) to work on /opt/airflow/dags/shopzada_etl_pipeline.py
[2025-11-22T01:36:45.389+0000] {processor.py:914} INFO - Processing file /opt/airflow/dags/shopzada_etl_pipeline.py for tasks to queue
[2025-11-22T01:36:45.391+0000] {logging_mixin.py:190} INFO - [2025-11-22T01:36:45.391+0000] {dagbag.py:588} INFO - Filling up the DagBag from /opt/airflow/dags/shopzada_etl_pipeline.py
[2025-11-22T01:36:45.418+0000] {processor.py:925} INFO - DAG(s) 'shopzada_etl_pipeline' retrieved from /opt/airflow/dags/shopzada_etl_pipeline.py
[2025-11-22T01:36:45.439+0000] {logging_mixin.py:190} INFO - [2025-11-22T01:36:45.439+0000] {dag.py:3239} INFO - Sync 1 DAGs
[2025-11-22T01:36:45.448+0000] {logging_mixin.py:190} INFO - [2025-11-22T01:36:45.448+0000] {dag.py:4180} INFO - Setting next_dagrun for shopzada_etl_pipeline to None, run_after=None
[2025-11-22T01:36:45.463+0000] {processor.py:208} INFO - Processing /opt/airflow/dags/shopzada_etl_pipeline.py took 0.081 seconds
[2025-11-22T01:37:18.159+0000] {processor.py:186} INFO - Started process (PID=2972) to work on /opt/airflow/dags/shopzada_etl_pipeline.py
[2025-11-22T01:37:18.160+0000] {processor.py:914} INFO - Processing file /opt/airflow/dags/shopzada_etl_pipeline.py for tasks to queue
[2025-11-22T01:37:18.162+0000] {logging_mixin.py:190} INFO - [2025-11-22T01:37:18.162+0000] {dagbag.py:588} INFO - Filling up the DagBag from /opt/airflow/dags/shopzada_etl_pipeline.py
[2025-11-22T01:37:18.189+0000] {processor.py:925} INFO - DAG(s) 'shopzada_etl_pipeline' retrieved from /opt/airflow/dags/shopzada_etl_pipeline.py
[2025-11-22T01:37:18.205+0000] {logging_mixin.py:190} INFO - [2025-11-22T01:37:18.205+0000] {dag.py:3239} INFO - Sync 1 DAGs
[2025-11-22T01:37:18.214+0000] {logging_mixin.py:190} INFO - [2025-11-22T01:37:18.214+0000] {dag.py:4180} INFO - Setting next_dagrun for shopzada_etl_pipeline to None, run_after=None
[2025-11-22T01:37:18.231+0000] {processor.py:208} INFO - Processing /opt/airflow/dags/shopzada_etl_pipeline.py took 0.076 seconds
[2025-11-22T01:37:50.827+0000] {processor.py:186} INFO - Started process (PID=3012) to work on /opt/airflow/dags/shopzada_etl_pipeline.py
[2025-11-22T01:37:50.827+0000] {processor.py:914} INFO - Processing file /opt/airflow/dags/shopzada_etl_pipeline.py for tasks to queue
[2025-11-22T01:37:50.829+0000] {logging_mixin.py:190} INFO - [2025-11-22T01:37:50.829+0000] {dagbag.py:588} INFO - Filling up the DagBag from /opt/airflow/dags/shopzada_etl_pipeline.py
[2025-11-22T01:37:50.851+0000] {processor.py:925} INFO - DAG(s) 'shopzada_etl_pipeline' retrieved from /opt/airflow/dags/shopzada_etl_pipeline.py
[2025-11-22T01:37:50.869+0000] {logging_mixin.py:190} INFO - [2025-11-22T01:37:50.869+0000] {dag.py:3239} INFO - Sync 1 DAGs
[2025-11-22T01:37:50.879+0000] {logging_mixin.py:190} INFO - [2025-11-22T01:37:50.878+0000] {dag.py:4180} INFO - Setting next_dagrun for shopzada_etl_pipeline to None, run_after=None
[2025-11-22T01:37:50.896+0000] {processor.py:208} INFO - Processing /opt/airflow/dags/shopzada_etl_pipeline.py took 0.074 seconds
[2025-11-22T01:38:21.932+0000] {processor.py:186} INFO - Started process (PID=3052) to work on /opt/airflow/dags/shopzada_etl_pipeline.py
[2025-11-22T01:38:21.933+0000] {processor.py:914} INFO - Processing file /opt/airflow/dags/shopzada_etl_pipeline.py for tasks to queue
[2025-11-22T01:38:21.935+0000] {logging_mixin.py:190} INFO - [2025-11-22T01:38:21.934+0000] {dagbag.py:588} INFO - Filling up the DagBag from /opt/airflow/dags/shopzada_etl_pipeline.py
[2025-11-22T01:38:21.967+0000] {processor.py:925} INFO - DAG(s) 'shopzada_etl_pipeline' retrieved from /opt/airflow/dags/shopzada_etl_pipeline.py
[2025-11-22T01:38:21.986+0000] {logging_mixin.py:190} INFO - [2025-11-22T01:38:21.985+0000] {dag.py:3239} INFO - Sync 1 DAGs
[2025-11-22T01:38:21.995+0000] {logging_mixin.py:190} INFO - [2025-11-22T01:38:21.995+0000] {dag.py:4180} INFO - Setting next_dagrun for shopzada_etl_pipeline to None, run_after=None
[2025-11-22T01:38:22.010+0000] {processor.py:208} INFO - Processing /opt/airflow/dags/shopzada_etl_pipeline.py took 0.083 seconds
[2025-11-22T01:38:52.131+0000] {processor.py:186} INFO - Started process (PID=3092) to work on /opt/airflow/dags/shopzada_etl_pipeline.py
[2025-11-22T01:38:52.132+0000] {processor.py:914} INFO - Processing file /opt/airflow/dags/shopzada_etl_pipeline.py for tasks to queue
[2025-11-22T01:38:52.135+0000] {logging_mixin.py:190} INFO - [2025-11-22T01:38:52.134+0000] {dagbag.py:588} INFO - Filling up the DagBag from /opt/airflow/dags/shopzada_etl_pipeline.py
[2025-11-22T01:38:52.166+0000] {processor.py:925} INFO - DAG(s) 'shopzada_etl_pipeline' retrieved from /opt/airflow/dags/shopzada_etl_pipeline.py
[2025-11-22T01:38:52.186+0000] {logging_mixin.py:190} INFO - [2025-11-22T01:38:52.186+0000] {dag.py:3239} INFO - Sync 1 DAGs
[2025-11-22T01:38:52.197+0000] {logging_mixin.py:190} INFO - [2025-11-22T01:38:52.197+0000] {dag.py:4180} INFO - Setting next_dagrun for shopzada_etl_pipeline to None, run_after=None
[2025-11-22T01:38:52.216+0000] {processor.py:208} INFO - Processing /opt/airflow/dags/shopzada_etl_pipeline.py took 0.091 seconds
[2025-11-22T01:39:22.669+0000] {processor.py:186} INFO - Started process (PID=3132) to work on /opt/airflow/dags/shopzada_etl_pipeline.py
[2025-11-22T01:39:22.670+0000] {processor.py:914} INFO - Processing file /opt/airflow/dags/shopzada_etl_pipeline.py for tasks to queue
[2025-11-22T01:39:22.672+0000] {logging_mixin.py:190} INFO - [2025-11-22T01:39:22.672+0000] {dagbag.py:588} INFO - Filling up the DagBag from /opt/airflow/dags/shopzada_etl_pipeline.py
[2025-11-22T01:39:22.712+0000] {processor.py:925} INFO - DAG(s) 'shopzada_etl_pipeline' retrieved from /opt/airflow/dags/shopzada_etl_pipeline.py
[2025-11-22T01:39:22.732+0000] {logging_mixin.py:190} INFO - [2025-11-22T01:39:22.732+0000] {dag.py:3239} INFO - Sync 1 DAGs
[2025-11-22T01:39:22.741+0000] {logging_mixin.py:190} INFO - [2025-11-22T01:39:22.741+0000] {dag.py:4180} INFO - Setting next_dagrun for shopzada_etl_pipeline to None, run_after=None
[2025-11-22T01:39:22.757+0000] {processor.py:208} INFO - Processing /opt/airflow/dags/shopzada_etl_pipeline.py took 0.099 seconds
[2025-11-22T01:39:53.346+0000] {processor.py:186} INFO - Started process (PID=3172) to work on /opt/airflow/dags/shopzada_etl_pipeline.py
[2025-11-22T01:39:53.347+0000] {processor.py:914} INFO - Processing file /opt/airflow/dags/shopzada_etl_pipeline.py for tasks to queue
[2025-11-22T01:39:53.350+0000] {logging_mixin.py:190} INFO - [2025-11-22T01:39:53.349+0000] {dagbag.py:588} INFO - Filling up the DagBag from /opt/airflow/dags/shopzada_etl_pipeline.py
[2025-11-22T01:39:53.372+0000] {processor.py:925} INFO - DAG(s) 'shopzada_etl_pipeline' retrieved from /opt/airflow/dags/shopzada_etl_pipeline.py
[2025-11-22T01:39:53.392+0000] {logging_mixin.py:190} INFO - [2025-11-22T01:39:53.392+0000] {dag.py:3239} INFO - Sync 1 DAGs
[2025-11-22T01:39:53.403+0000] {logging_mixin.py:190} INFO - [2025-11-22T01:39:53.402+0000] {dag.py:4180} INFO - Setting next_dagrun for shopzada_etl_pipeline to None, run_after=None
[2025-11-22T01:39:53.422+0000] {processor.py:208} INFO - Processing /opt/airflow/dags/shopzada_etl_pipeline.py took 0.081 seconds
[2025-11-22T01:40:23.583+0000] {processor.py:186} INFO - Started process (PID=3212) to work on /opt/airflow/dags/shopzada_etl_pipeline.py
[2025-11-22T01:40:23.584+0000] {processor.py:914} INFO - Processing file /opt/airflow/dags/shopzada_etl_pipeline.py for tasks to queue
[2025-11-22T01:40:23.587+0000] {logging_mixin.py:190} INFO - [2025-11-22T01:40:23.586+0000] {dagbag.py:588} INFO - Filling up the DagBag from /opt/airflow/dags/shopzada_etl_pipeline.py
[2025-11-22T01:40:23.607+0000] {processor.py:925} INFO - DAG(s) 'shopzada_etl_pipeline' retrieved from /opt/airflow/dags/shopzada_etl_pipeline.py
[2025-11-22T01:40:23.625+0000] {logging_mixin.py:190} INFO - [2025-11-22T01:40:23.625+0000] {dag.py:3239} INFO - Sync 1 DAGs
[2025-11-22T01:40:23.635+0000] {logging_mixin.py:190} INFO - [2025-11-22T01:40:23.634+0000] {dag.py:4180} INFO - Setting next_dagrun for shopzada_etl_pipeline to None, run_after=None
[2025-11-22T01:40:23.659+0000] {processor.py:208} INFO - Processing /opt/airflow/dags/shopzada_etl_pipeline.py took 0.081 seconds
[2025-11-22T01:40:53.849+0000] {processor.py:186} INFO - Started process (PID=3252) to work on /opt/airflow/dags/shopzada_etl_pipeline.py
[2025-11-22T01:40:53.850+0000] {processor.py:914} INFO - Processing file /opt/airflow/dags/shopzada_etl_pipeline.py for tasks to queue
[2025-11-22T01:40:53.853+0000] {logging_mixin.py:190} INFO - [2025-11-22T01:40:53.853+0000] {dagbag.py:588} INFO - Filling up the DagBag from /opt/airflow/dags/shopzada_etl_pipeline.py
[2025-11-22T01:40:53.875+0000] {processor.py:925} INFO - DAG(s) 'shopzada_etl_pipeline' retrieved from /opt/airflow/dags/shopzada_etl_pipeline.py
[2025-11-22T01:40:53.897+0000] {logging_mixin.py:190} INFO - [2025-11-22T01:40:53.896+0000] {dag.py:3239} INFO - Sync 1 DAGs
[2025-11-22T01:40:53.907+0000] {logging_mixin.py:190} INFO - [2025-11-22T01:40:53.906+0000] {dag.py:4180} INFO - Setting next_dagrun for shopzada_etl_pipeline to None, run_after=None
[2025-11-22T01:40:53.922+0000] {processor.py:208} INFO - Processing /opt/airflow/dags/shopzada_etl_pipeline.py took 0.078 seconds
[2025-11-22T01:41:24.066+0000] {processor.py:186} INFO - Started process (PID=3292) to work on /opt/airflow/dags/shopzada_etl_pipeline.py
[2025-11-22T01:41:24.068+0000] {processor.py:914} INFO - Processing file /opt/airflow/dags/shopzada_etl_pipeline.py for tasks to queue
[2025-11-22T01:41:24.070+0000] {logging_mixin.py:190} INFO - [2025-11-22T01:41:24.069+0000] {dagbag.py:588} INFO - Filling up the DagBag from /opt/airflow/dags/shopzada_etl_pipeline.py
[2025-11-22T01:41:24.103+0000] {processor.py:925} INFO - DAG(s) 'shopzada_etl_pipeline' retrieved from /opt/airflow/dags/shopzada_etl_pipeline.py
[2025-11-22T01:41:24.125+0000] {logging_mixin.py:190} INFO - [2025-11-22T01:41:24.124+0000] {dag.py:3239} INFO - Sync 1 DAGs
[2025-11-22T01:41:24.136+0000] {logging_mixin.py:190} INFO - [2025-11-22T01:41:24.136+0000] {dag.py:4180} INFO - Setting next_dagrun for shopzada_etl_pipeline to None, run_after=None
[2025-11-22T01:41:24.157+0000] {processor.py:208} INFO - Processing /opt/airflow/dags/shopzada_etl_pipeline.py took 0.096 seconds
[2025-11-22T01:41:54.749+0000] {processor.py:186} INFO - Started process (PID=3332) to work on /opt/airflow/dags/shopzada_etl_pipeline.py
[2025-11-22T01:41:54.751+0000] {processor.py:914} INFO - Processing file /opt/airflow/dags/shopzada_etl_pipeline.py for tasks to queue
[2025-11-22T01:41:54.754+0000] {logging_mixin.py:190} INFO - [2025-11-22T01:41:54.754+0000] {dagbag.py:588} INFO - Filling up the DagBag from /opt/airflow/dags/shopzada_etl_pipeline.py
[2025-11-22T01:41:54.809+0000] {processor.py:925} INFO - DAG(s) 'shopzada_etl_pipeline' retrieved from /opt/airflow/dags/shopzada_etl_pipeline.py
[2025-11-22T01:41:54.834+0000] {logging_mixin.py:190} INFO - [2025-11-22T01:41:54.833+0000] {dag.py:3239} INFO - Sync 1 DAGs
[2025-11-22T01:41:54.845+0000] {logging_mixin.py:190} INFO - [2025-11-22T01:41:54.845+0000] {dag.py:4180} INFO - Setting next_dagrun for shopzada_etl_pipeline to None, run_after=None
[2025-11-22T01:41:54.875+0000] {processor.py:208} INFO - Processing /opt/airflow/dags/shopzada_etl_pipeline.py took 0.134 seconds
[2025-11-22T01:42:25.593+0000] {processor.py:186} INFO - Started process (PID=3372) to work on /opt/airflow/dags/shopzada_etl_pipeline.py
[2025-11-22T01:42:25.594+0000] {processor.py:914} INFO - Processing file /opt/airflow/dags/shopzada_etl_pipeline.py for tasks to queue
[2025-11-22T01:42:25.596+0000] {logging_mixin.py:190} INFO - [2025-11-22T01:42:25.596+0000] {dagbag.py:588} INFO - Filling up the DagBag from /opt/airflow/dags/shopzada_etl_pipeline.py
[2025-11-22T01:42:25.661+0000] {processor.py:925} INFO - DAG(s) 'shopzada_etl_pipeline' retrieved from /opt/airflow/dags/shopzada_etl_pipeline.py
[2025-11-22T01:42:25.708+0000] {logging_mixin.py:190} INFO - [2025-11-22T01:42:25.708+0000] {dag.py:3239} INFO - Sync 1 DAGs
[2025-11-22T01:42:25.720+0000] {logging_mixin.py:190} INFO - [2025-11-22T01:42:25.719+0000] {dag.py:4180} INFO - Setting next_dagrun for shopzada_etl_pipeline to None, run_after=None
[2025-11-22T01:42:25.740+0000] {processor.py:208} INFO - Processing /opt/airflow/dags/shopzada_etl_pipeline.py took 0.152 seconds
[2025-11-22T01:42:56.172+0000] {processor.py:186} INFO - Started process (PID=3412) to work on /opt/airflow/dags/shopzada_etl_pipeline.py
[2025-11-22T01:42:56.175+0000] {processor.py:914} INFO - Processing file /opt/airflow/dags/shopzada_etl_pipeline.py for tasks to queue
[2025-11-22T01:42:56.182+0000] {logging_mixin.py:190} INFO - [2025-11-22T01:42:56.182+0000] {dagbag.py:588} INFO - Filling up the DagBag from /opt/airflow/dags/shopzada_etl_pipeline.py
[2025-11-22T01:42:56.228+0000] {processor.py:925} INFO - DAG(s) 'shopzada_etl_pipeline' retrieved from /opt/airflow/dags/shopzada_etl_pipeline.py
[2025-11-22T01:42:56.269+0000] {logging_mixin.py:190} INFO - [2025-11-22T01:42:56.269+0000] {dag.py:3239} INFO - Sync 1 DAGs
[2025-11-22T01:42:56.284+0000] {logging_mixin.py:190} INFO - [2025-11-22T01:42:56.284+0000] {dag.py:4180} INFO - Setting next_dagrun for shopzada_etl_pipeline to None, run_after=None
[2025-11-22T01:42:56.302+0000] {processor.py:208} INFO - Processing /opt/airflow/dags/shopzada_etl_pipeline.py took 0.144 seconds
[2025-11-22T01:43:26.698+0000] {processor.py:186} INFO - Started process (PID=3452) to work on /opt/airflow/dags/shopzada_etl_pipeline.py
[2025-11-22T01:43:26.699+0000] {processor.py:914} INFO - Processing file /opt/airflow/dags/shopzada_etl_pipeline.py for tasks to queue
[2025-11-22T01:43:26.701+0000] {logging_mixin.py:190} INFO - [2025-11-22T01:43:26.701+0000] {dagbag.py:588} INFO - Filling up the DagBag from /opt/airflow/dags/shopzada_etl_pipeline.py
[2025-11-22T01:43:26.743+0000] {processor.py:925} INFO - DAG(s) 'shopzada_etl_pipeline' retrieved from /opt/airflow/dags/shopzada_etl_pipeline.py
[2025-11-22T01:43:26.765+0000] {logging_mixin.py:190} INFO - [2025-11-22T01:43:26.765+0000] {dag.py:3239} INFO - Sync 1 DAGs
[2025-11-22T01:43:26.776+0000] {logging_mixin.py:190} INFO - [2025-11-22T01:43:26.776+0000] {dag.py:4180} INFO - Setting next_dagrun for shopzada_etl_pipeline to None, run_after=None
[2025-11-22T01:43:26.794+0000] {processor.py:208} INFO - Processing /opt/airflow/dags/shopzada_etl_pipeline.py took 0.101 seconds
[2025-11-22T01:43:57.485+0000] {processor.py:186} INFO - Started process (PID=3492) to work on /opt/airflow/dags/shopzada_etl_pipeline.py
[2025-11-22T01:43:57.490+0000] {processor.py:914} INFO - Processing file /opt/airflow/dags/shopzada_etl_pipeline.py for tasks to queue
[2025-11-22T01:43:57.497+0000] {logging_mixin.py:190} INFO - [2025-11-22T01:43:57.496+0000] {dagbag.py:588} INFO - Filling up the DagBag from /opt/airflow/dags/shopzada_etl_pipeline.py
[2025-11-22T01:43:57.561+0000] {processor.py:925} INFO - DAG(s) 'shopzada_etl_pipeline' retrieved from /opt/airflow/dags/shopzada_etl_pipeline.py
[2025-11-22T01:43:57.600+0000] {logging_mixin.py:190} INFO - [2025-11-22T01:43:57.599+0000] {dag.py:3239} INFO - Sync 1 DAGs
[2025-11-22T01:43:57.631+0000] {logging_mixin.py:190} INFO - [2025-11-22T01:43:57.630+0000] {dag.py:4180} INFO - Setting next_dagrun for shopzada_etl_pipeline to None, run_after=None
[2025-11-22T01:43:57.669+0000] {processor.py:208} INFO - Processing /opt/airflow/dags/shopzada_etl_pipeline.py took 0.197 seconds
