[2025-11-21T16:06:37.195+0000] {processor.py:186} INFO - Started process (PID=172) to work on /opt/airflow/dags/shopzada_ingest.py
[2025-11-21T16:06:37.196+0000] {processor.py:914} INFO - Processing file /opt/airflow/dags/shopzada_ingest.py for tasks to queue
[2025-11-21T16:06:37.198+0000] {logging_mixin.py:190} INFO - [2025-11-21T16:06:37.198+0000] {dagbag.py:588} INFO - Filling up the DagBag from /opt/airflow/dags/shopzada_ingest.py
[2025-11-21T16:06:37.268+0000] {processor.py:925} INFO - DAG(s) 'shopzada_ingestion' retrieved from /opt/airflow/dags/shopzada_ingest.py
[2025-11-21T16:06:37.407+0000] {logging_mixin.py:190} INFO - [2025-11-21T16:06:37.407+0000] {override.py:1900} INFO - Created Permission View: can edit on DAG:shopzada_ingestion
[2025-11-21T16:06:37.414+0000] {logging_mixin.py:190} INFO - [2025-11-21T16:06:37.413+0000] {override.py:1900} INFO - Created Permission View: can delete on DAG:shopzada_ingestion
[2025-11-21T16:06:37.418+0000] {logging_mixin.py:190} INFO - [2025-11-21T16:06:37.418+0000] {override.py:1900} INFO - Created Permission View: can read on DAG:shopzada_ingestion
[2025-11-21T16:06:37.423+0000] {logging_mixin.py:190} INFO - [2025-11-21T16:06:37.423+0000] {override.py:1900} INFO - Created Permission View: menu access on DAG Run:shopzada_ingestion
[2025-11-21T16:06:37.427+0000] {logging_mixin.py:190} INFO - [2025-11-21T16:06:37.427+0000] {override.py:1900} INFO - Created Permission View: can create on DAG Run:shopzada_ingestion
[2025-11-21T16:06:37.432+0000] {logging_mixin.py:190} INFO - [2025-11-21T16:06:37.432+0000] {override.py:1900} INFO - Created Permission View: can delete on DAG Run:shopzada_ingestion
[2025-11-21T16:06:37.437+0000] {logging_mixin.py:190} INFO - [2025-11-21T16:06:37.437+0000] {override.py:1900} INFO - Created Permission View: can read on DAG Run:shopzada_ingestion
[2025-11-21T16:06:37.438+0000] {logging_mixin.py:190} INFO - [2025-11-21T16:06:37.438+0000] {dag.py:3239} INFO - Sync 1 DAGs
[2025-11-21T16:06:37.447+0000] {logging_mixin.py:190} INFO - [2025-11-21T16:06:37.447+0000] {dag.py:3262} INFO - Creating ORM DAG for shopzada_ingestion
[2025-11-21T16:06:37.454+0000] {logging_mixin.py:190} INFO - [2025-11-21T16:06:37.454+0000] {dag.py:4180} INFO - Setting next_dagrun for shopzada_ingestion to 2025-11-20 00:00:00+00:00, run_after=2025-11-21 00:00:00+00:00
[2025-11-21T16:06:37.475+0000] {processor.py:208} INFO - Processing /opt/airflow/dags/shopzada_ingest.py took 0.284 seconds
[2025-11-21T16:07:07.573+0000] {processor.py:186} INFO - Started process (PID=209) to work on /opt/airflow/dags/shopzada_ingest.py
[2025-11-21T16:07:07.574+0000] {processor.py:914} INFO - Processing file /opt/airflow/dags/shopzada_ingest.py for tasks to queue
[2025-11-21T16:07:07.576+0000] {logging_mixin.py:190} INFO - [2025-11-21T16:07:07.576+0000] {dagbag.py:588} INFO - Filling up the DagBag from /opt/airflow/dags/shopzada_ingest.py
[2025-11-21T16:07:07.597+0000] {processor.py:925} INFO - DAG(s) 'shopzada_ingestion' retrieved from /opt/airflow/dags/shopzada_ingest.py
[2025-11-21T16:07:07.617+0000] {logging_mixin.py:190} INFO - [2025-11-21T16:07:07.617+0000] {dag.py:3239} INFO - Sync 1 DAGs
[2025-11-21T16:07:07.648+0000] {processor.py:208} INFO - Processing /opt/airflow/dags/shopzada_ingest.py took 0.080 seconds
[2025-11-21T16:07:38.301+0000] {processor.py:186} INFO - Started process (PID=215) to work on /opt/airflow/dags/shopzada_ingest.py
[2025-11-21T16:07:38.302+0000] {processor.py:914} INFO - Processing file /opt/airflow/dags/shopzada_ingest.py for tasks to queue
[2025-11-21T16:07:38.305+0000] {logging_mixin.py:190} INFO - [2025-11-21T16:07:38.304+0000] {dagbag.py:588} INFO - Filling up the DagBag from /opt/airflow/dags/shopzada_ingest.py
[2025-11-21T16:07:38.331+0000] {processor.py:925} INFO - DAG(s) 'shopzada_ingestion' retrieved from /opt/airflow/dags/shopzada_ingest.py
[2025-11-21T16:07:38.357+0000] {logging_mixin.py:190} INFO - [2025-11-21T16:07:38.357+0000] {dag.py:3239} INFO - Sync 1 DAGs
[2025-11-21T16:07:38.389+0000] {processor.py:208} INFO - Processing /opt/airflow/dags/shopzada_ingest.py took 0.093 seconds
[2025-11-21T16:08:08.944+0000] {processor.py:186} INFO - Started process (PID=220) to work on /opt/airflow/dags/shopzada_ingest.py
[2025-11-21T16:08:08.945+0000] {processor.py:914} INFO - Processing file /opt/airflow/dags/shopzada_ingest.py for tasks to queue
[2025-11-21T16:08:08.949+0000] {logging_mixin.py:190} INFO - [2025-11-21T16:08:08.947+0000] {dagbag.py:588} INFO - Filling up the DagBag from /opt/airflow/dags/shopzada_ingest.py
[2025-11-21T16:08:08.992+0000] {processor.py:925} INFO - DAG(s) 'shopzada_ingestion' retrieved from /opt/airflow/dags/shopzada_ingest.py
[2025-11-21T16:08:09.032+0000] {logging_mixin.py:190} INFO - [2025-11-21T16:08:09.032+0000] {dag.py:3239} INFO - Sync 1 DAGs
[2025-11-21T16:08:09.079+0000] {processor.py:208} INFO - Processing /opt/airflow/dags/shopzada_ingest.py took 0.141 seconds
[2025-11-21T16:08:39.422+0000] {processor.py:186} INFO - Started process (PID=226) to work on /opt/airflow/dags/shopzada_ingest.py
[2025-11-21T16:08:39.426+0000] {processor.py:914} INFO - Processing file /opt/airflow/dags/shopzada_ingest.py for tasks to queue
[2025-11-21T16:08:39.436+0000] {logging_mixin.py:190} INFO - [2025-11-21T16:08:39.434+0000] {dagbag.py:588} INFO - Filling up the DagBag from /opt/airflow/dags/shopzada_ingest.py
[2025-11-21T16:08:39.497+0000] {processor.py:925} INFO - DAG(s) 'shopzada_ingestion' retrieved from /opt/airflow/dags/shopzada_ingest.py
[2025-11-21T16:08:39.545+0000] {logging_mixin.py:190} INFO - [2025-11-21T16:08:39.545+0000] {dag.py:3239} INFO - Sync 1 DAGs
[2025-11-21T16:08:39.594+0000] {processor.py:208} INFO - Processing /opt/airflow/dags/shopzada_ingest.py took 0.189 seconds
[2025-11-21T16:09:09.882+0000] {processor.py:186} INFO - Started process (PID=231) to work on /opt/airflow/dags/shopzada_ingest.py
[2025-11-21T16:09:09.884+0000] {processor.py:914} INFO - Processing file /opt/airflow/dags/shopzada_ingest.py for tasks to queue
[2025-11-21T16:09:09.886+0000] {logging_mixin.py:190} INFO - [2025-11-21T16:09:09.886+0000] {dagbag.py:588} INFO - Filling up the DagBag from /opt/airflow/dags/shopzada_ingest.py
[2025-11-21T16:09:09.965+0000] {processor.py:925} INFO - DAG(s) 'shopzada_ingestion' retrieved from /opt/airflow/dags/shopzada_ingest.py
[2025-11-21T16:09:10.024+0000] {logging_mixin.py:190} INFO - [2025-11-21T16:09:10.024+0000] {dag.py:3239} INFO - Sync 1 DAGs
[2025-11-21T16:09:10.077+0000] {processor.py:208} INFO - Processing /opt/airflow/dags/shopzada_ingest.py took 0.200 seconds
[2025-11-21T16:09:40.466+0000] {processor.py:186} INFO - Started process (PID=239) to work on /opt/airflow/dags/shopzada_ingest.py
[2025-11-21T16:09:40.467+0000] {processor.py:914} INFO - Processing file /opt/airflow/dags/shopzada_ingest.py for tasks to queue
[2025-11-21T16:09:40.469+0000] {logging_mixin.py:190} INFO - [2025-11-21T16:09:40.469+0000] {dagbag.py:588} INFO - Filling up the DagBag from /opt/airflow/dags/shopzada_ingest.py
[2025-11-21T16:09:40.513+0000] {processor.py:925} INFO - DAG(s) 'shopzada_ingestion' retrieved from /opt/airflow/dags/shopzada_ingest.py
[2025-11-21T16:09:40.534+0000] {logging_mixin.py:190} INFO - [2025-11-21T16:09:40.534+0000] {dag.py:3239} INFO - Sync 1 DAGs
[2025-11-21T16:09:40.550+0000] {logging_mixin.py:190} INFO - [2025-11-21T16:09:40.550+0000] {dag.py:4180} INFO - Setting next_dagrun for shopzada_ingestion to 2025-11-21 00:00:00+00:00, run_after=2025-11-22 00:00:00+00:00
[2025-11-21T16:09:40.578+0000] {processor.py:208} INFO - Processing /opt/airflow/dags/shopzada_ingest.py took 0.117 seconds
[2025-11-21T16:10:11.041+0000] {processor.py:186} INFO - Started process (PID=244) to work on /opt/airflow/dags/shopzada_ingest.py
[2025-11-21T16:10:11.042+0000] {processor.py:914} INFO - Processing file /opt/airflow/dags/shopzada_ingest.py for tasks to queue
[2025-11-21T16:10:11.046+0000] {logging_mixin.py:190} INFO - [2025-11-21T16:10:11.046+0000] {dagbag.py:588} INFO - Filling up the DagBag from /opt/airflow/dags/shopzada_ingest.py
[2025-11-21T16:10:11.079+0000] {processor.py:925} INFO - DAG(s) 'shopzada_ingestion' retrieved from /opt/airflow/dags/shopzada_ingest.py
[2025-11-21T16:10:11.109+0000] {logging_mixin.py:190} INFO - [2025-11-21T16:10:11.109+0000] {dag.py:3239} INFO - Sync 1 DAGs
[2025-11-21T16:10:11.134+0000] {logging_mixin.py:190} INFO - [2025-11-21T16:10:11.134+0000] {dag.py:4180} INFO - Setting next_dagrun for shopzada_ingestion to 2025-11-21 00:00:00+00:00, run_after=2025-11-22 00:00:00+00:00
[2025-11-21T16:10:11.153+0000] {processor.py:208} INFO - Processing /opt/airflow/dags/shopzada_ingest.py took 0.121 seconds
[2025-11-21T16:10:41.634+0000] {processor.py:186} INFO - Started process (PID=249) to work on /opt/airflow/dags/shopzada_ingest.py
[2025-11-21T16:10:41.636+0000] {processor.py:914} INFO - Processing file /opt/airflow/dags/shopzada_ingest.py for tasks to queue
[2025-11-21T16:10:41.638+0000] {logging_mixin.py:190} INFO - [2025-11-21T16:10:41.638+0000] {dagbag.py:588} INFO - Filling up the DagBag from /opt/airflow/dags/shopzada_ingest.py
[2025-11-21T16:10:41.668+0000] {processor.py:925} INFO - DAG(s) 'shopzada_ingestion' retrieved from /opt/airflow/dags/shopzada_ingest.py
[2025-11-21T16:10:41.694+0000] {logging_mixin.py:190} INFO - [2025-11-21T16:10:41.694+0000] {dag.py:3239} INFO - Sync 1 DAGs
[2025-11-21T16:10:41.714+0000] {logging_mixin.py:190} INFO - [2025-11-21T16:10:41.714+0000] {dag.py:4180} INFO - Setting next_dagrun for shopzada_ingestion to 2025-11-21 00:00:00+00:00, run_after=2025-11-22 00:00:00+00:00
[2025-11-21T16:10:41.733+0000] {processor.py:208} INFO - Processing /opt/airflow/dags/shopzada_ingest.py took 0.105 seconds
[2025-11-21T16:11:12.156+0000] {processor.py:186} INFO - Started process (PID=254) to work on /opt/airflow/dags/shopzada_ingest.py
[2025-11-21T16:11:12.156+0000] {processor.py:914} INFO - Processing file /opt/airflow/dags/shopzada_ingest.py for tasks to queue
[2025-11-21T16:11:12.158+0000] {logging_mixin.py:190} INFO - [2025-11-21T16:11:12.158+0000] {dagbag.py:588} INFO - Filling up the DagBag from /opt/airflow/dags/shopzada_ingest.py
[2025-11-21T16:11:12.187+0000] {processor.py:925} INFO - DAG(s) 'shopzada_ingestion' retrieved from /opt/airflow/dags/shopzada_ingest.py
[2025-11-21T16:11:12.207+0000] {logging_mixin.py:190} INFO - [2025-11-21T16:11:12.207+0000] {dag.py:3239} INFO - Sync 1 DAGs
[2025-11-21T16:11:12.223+0000] {logging_mixin.py:190} INFO - [2025-11-21T16:11:12.223+0000] {dag.py:4180} INFO - Setting next_dagrun for shopzada_ingestion to 2025-11-21 00:00:00+00:00, run_after=2025-11-22 00:00:00+00:00
[2025-11-21T16:11:12.238+0000] {processor.py:208} INFO - Processing /opt/airflow/dags/shopzada_ingest.py took 0.087 seconds
[2025-11-21T16:11:42.704+0000] {processor.py:186} INFO - Started process (PID=259) to work on /opt/airflow/dags/shopzada_ingest.py
[2025-11-21T16:11:42.705+0000] {processor.py:914} INFO - Processing file /opt/airflow/dags/shopzada_ingest.py for tasks to queue
[2025-11-21T16:11:42.708+0000] {logging_mixin.py:190} INFO - [2025-11-21T16:11:42.707+0000] {dagbag.py:588} INFO - Filling up the DagBag from /opt/airflow/dags/shopzada_ingest.py
[2025-11-21T16:11:42.743+0000] {processor.py:925} INFO - DAG(s) 'shopzada_ingestion' retrieved from /opt/airflow/dags/shopzada_ingest.py
[2025-11-21T16:11:42.766+0000] {logging_mixin.py:190} INFO - [2025-11-21T16:11:42.766+0000] {dag.py:3239} INFO - Sync 1 DAGs
[2025-11-21T16:11:42.784+0000] {logging_mixin.py:190} INFO - [2025-11-21T16:11:42.784+0000] {dag.py:4180} INFO - Setting next_dagrun for shopzada_ingestion to 2025-11-21 00:00:00+00:00, run_after=2025-11-22 00:00:00+00:00
[2025-11-21T16:11:42.799+0000] {processor.py:208} INFO - Processing /opt/airflow/dags/shopzada_ingest.py took 0.099 seconds
[2025-11-21T16:12:13.281+0000] {processor.py:186} INFO - Started process (PID=264) to work on /opt/airflow/dags/shopzada_ingest.py
[2025-11-21T16:12:13.282+0000] {processor.py:914} INFO - Processing file /opt/airflow/dags/shopzada_ingest.py for tasks to queue
[2025-11-21T16:12:13.289+0000] {logging_mixin.py:190} INFO - [2025-11-21T16:12:13.288+0000] {dagbag.py:588} INFO - Filling up the DagBag from /opt/airflow/dags/shopzada_ingest.py
[2025-11-21T16:12:13.326+0000] {processor.py:925} INFO - DAG(s) 'shopzada_ingestion' retrieved from /opt/airflow/dags/shopzada_ingest.py
[2025-11-21T16:12:13.373+0000] {logging_mixin.py:190} INFO - [2025-11-21T16:12:13.373+0000] {dag.py:3239} INFO - Sync 1 DAGs
[2025-11-21T16:12:13.401+0000] {logging_mixin.py:190} INFO - [2025-11-21T16:12:13.400+0000] {dag.py:4180} INFO - Setting next_dagrun for shopzada_ingestion to 2025-11-21 00:00:00+00:00, run_after=2025-11-22 00:00:00+00:00
[2025-11-21T16:12:13.423+0000] {processor.py:208} INFO - Processing /opt/airflow/dags/shopzada_ingest.py took 0.153 seconds
[2025-11-21T16:12:43.554+0000] {processor.py:186} INFO - Started process (PID=269) to work on /opt/airflow/dags/shopzada_ingest.py
[2025-11-21T16:12:43.557+0000] {processor.py:914} INFO - Processing file /opt/airflow/dags/shopzada_ingest.py for tasks to queue
[2025-11-21T16:12:43.559+0000] {logging_mixin.py:190} INFO - [2025-11-21T16:12:43.559+0000] {dagbag.py:588} INFO - Filling up the DagBag from /opt/airflow/dags/shopzada_ingest.py
[2025-11-21T16:12:45.083+0000] {processor.py:925} INFO - DAG(s) 'shopzada_ingestion' retrieved from /opt/airflow/dags/shopzada_ingest.py
[2025-11-21T16:12:45.113+0000] {logging_mixin.py:190} INFO - [2025-11-21T16:12:45.113+0000] {dag.py:3239} INFO - Sync 1 DAGs
[2025-11-21T16:12:46.074+0000] {logging_mixin.py:190} INFO - [2025-11-21T16:12:46.074+0000] {dag.py:4180} INFO - Setting next_dagrun for shopzada_ingestion to 2025-11-21 00:00:00+00:00, run_after=2025-11-22 00:00:00+00:00
[2025-11-21T16:12:46.097+0000] {processor.py:208} INFO - Processing /opt/airflow/dags/shopzada_ingest.py took 1.072 seconds
[2025-11-21T23:40:10.343+0000] {processor.py:186} INFO - Started process (PID=172) to work on /opt/airflow/dags/shopzada_ingest.py
[2025-11-21T23:40:10.345+0000] {processor.py:914} INFO - Processing file /opt/airflow/dags/shopzada_ingest.py for tasks to queue
[2025-11-21T23:40:10.347+0000] {logging_mixin.py:190} INFO - [2025-11-21T23:40:10.347+0000] {dagbag.py:588} INFO - Filling up the DagBag from /opt/airflow/dags/shopzada_ingest.py
[2025-11-21T23:40:10.447+0000] {processor.py:925} INFO - DAG(s) 'shopzada_ingestion' retrieved from /opt/airflow/dags/shopzada_ingest.py
[2025-11-21T23:40:10.479+0000] {logging_mixin.py:190} INFO - [2025-11-21T23:40:10.479+0000] {dag.py:3239} INFO - Sync 1 DAGs
[2025-11-21T23:40:10.506+0000] {logging_mixin.py:190} INFO - [2025-11-21T23:40:10.506+0000] {dag.py:4180} INFO - Setting next_dagrun for shopzada_ingestion to 2025-11-21 00:00:00+00:00, run_after=2025-11-22 00:00:00+00:00
[2025-11-21T23:40:10.534+0000] {processor.py:208} INFO - Processing /opt/airflow/dags/shopzada_ingest.py took 0.199 seconds
[2025-11-21T23:40:41.259+0000] {processor.py:186} INFO - Started process (PID=177) to work on /opt/airflow/dags/shopzada_ingest.py
[2025-11-21T23:40:41.265+0000] {processor.py:914} INFO - Processing file /opt/airflow/dags/shopzada_ingest.py for tasks to queue
[2025-11-21T23:40:41.278+0000] {logging_mixin.py:190} INFO - [2025-11-21T23:40:41.277+0000] {dagbag.py:588} INFO - Filling up the DagBag from /opt/airflow/dags/shopzada_ingest.py
[2025-11-21T23:40:41.443+0000] {processor.py:925} INFO - DAG(s) 'shopzada_ingestion' retrieved from /opt/airflow/dags/shopzada_ingest.py
[2025-11-21T23:40:41.504+0000] {logging_mixin.py:190} INFO - [2025-11-21T23:40:41.504+0000] {dag.py:3239} INFO - Sync 1 DAGs
[2025-11-21T23:40:41.534+0000] {logging_mixin.py:190} INFO - [2025-11-21T23:40:41.533+0000] {dag.py:4180} INFO - Setting next_dagrun for shopzada_ingestion to 2025-11-21 00:00:00+00:00, run_after=2025-11-22 00:00:00+00:00
[2025-11-21T23:40:41.561+0000] {processor.py:208} INFO - Processing /opt/airflow/dags/shopzada_ingest.py took 0.324 seconds
[2025-11-21T23:41:12.221+0000] {processor.py:186} INFO - Started process (PID=182) to work on /opt/airflow/dags/shopzada_ingest.py
[2025-11-21T23:41:12.223+0000] {processor.py:914} INFO - Processing file /opt/airflow/dags/shopzada_ingest.py for tasks to queue
[2025-11-21T23:41:12.227+0000] {logging_mixin.py:190} INFO - [2025-11-21T23:41:12.226+0000] {dagbag.py:588} INFO - Filling up the DagBag from /opt/airflow/dags/shopzada_ingest.py
[2025-11-21T23:41:12.263+0000] {processor.py:925} INFO - DAG(s) 'shopzada_ingestion' retrieved from /opt/airflow/dags/shopzada_ingest.py
[2025-11-21T23:41:12.289+0000] {logging_mixin.py:190} INFO - [2025-11-21T23:41:12.289+0000] {dag.py:3239} INFO - Sync 1 DAGs
[2025-11-21T23:41:12.308+0000] {logging_mixin.py:190} INFO - [2025-11-21T23:41:12.308+0000] {dag.py:4180} INFO - Setting next_dagrun for shopzada_ingestion to 2025-11-21 00:00:00+00:00, run_after=2025-11-22 00:00:00+00:00
[2025-11-21T23:41:12.326+0000] {processor.py:208} INFO - Processing /opt/airflow/dags/shopzada_ingest.py took 0.112 seconds
[2025-11-21T23:41:43.082+0000] {processor.py:186} INFO - Started process (PID=187) to work on /opt/airflow/dags/shopzada_ingest.py
[2025-11-21T23:41:43.087+0000] {processor.py:914} INFO - Processing file /opt/airflow/dags/shopzada_ingest.py for tasks to queue
[2025-11-21T23:41:43.096+0000] {logging_mixin.py:190} INFO - [2025-11-21T23:41:43.095+0000] {dagbag.py:588} INFO - Filling up the DagBag from /opt/airflow/dags/shopzada_ingest.py
[2025-11-21T23:41:43.150+0000] {processor.py:925} INFO - DAG(s) 'shopzada_ingestion' retrieved from /opt/airflow/dags/shopzada_ingest.py
[2025-11-21T23:41:43.209+0000] {logging_mixin.py:190} INFO - [2025-11-21T23:41:43.209+0000] {dag.py:3239} INFO - Sync 1 DAGs
[2025-11-21T23:41:43.246+0000] {logging_mixin.py:190} INFO - [2025-11-21T23:41:43.246+0000] {dag.py:4180} INFO - Setting next_dagrun for shopzada_ingestion to 2025-11-21 00:00:00+00:00, run_after=2025-11-22 00:00:00+00:00
[2025-11-21T23:41:43.271+0000] {processor.py:208} INFO - Processing /opt/airflow/dags/shopzada_ingest.py took 0.196 seconds
[2025-11-21T23:42:13.386+0000] {processor.py:186} INFO - Started process (PID=192) to work on /opt/airflow/dags/shopzada_ingest.py
[2025-11-21T23:42:13.388+0000] {processor.py:914} INFO - Processing file /opt/airflow/dags/shopzada_ingest.py for tasks to queue
[2025-11-21T23:42:13.390+0000] {logging_mixin.py:190} INFO - [2025-11-21T23:42:13.390+0000] {dagbag.py:588} INFO - Filling up the DagBag from /opt/airflow/dags/shopzada_ingest.py
[2025-11-21T23:42:13.447+0000] {processor.py:925} INFO - DAG(s) 'shopzada_ingestion' retrieved from /opt/airflow/dags/shopzada_ingest.py
[2025-11-21T23:42:13.487+0000] {logging_mixin.py:190} INFO - [2025-11-21T23:42:13.487+0000] {dag.py:3239} INFO - Sync 1 DAGs
[2025-11-21T23:42:13.517+0000] {logging_mixin.py:190} INFO - [2025-11-21T23:42:13.517+0000] {dag.py:4180} INFO - Setting next_dagrun for shopzada_ingestion to 2025-11-21 00:00:00+00:00, run_after=2025-11-22 00:00:00+00:00
[2025-11-21T23:42:13.538+0000] {processor.py:208} INFO - Processing /opt/airflow/dags/shopzada_ingest.py took 0.162 seconds
[2025-11-21T23:42:44.216+0000] {processor.py:186} INFO - Started process (PID=197) to work on /opt/airflow/dags/shopzada_ingest.py
[2025-11-21T23:42:44.217+0000] {processor.py:914} INFO - Processing file /opt/airflow/dags/shopzada_ingest.py for tasks to queue
[2025-11-21T23:42:44.220+0000] {logging_mixin.py:190} INFO - [2025-11-21T23:42:44.219+0000] {dagbag.py:588} INFO - Filling up the DagBag from /opt/airflow/dags/shopzada_ingest.py
[2025-11-21T23:42:44.281+0000] {processor.py:925} INFO - DAG(s) 'shopzada_ingestion' retrieved from /opt/airflow/dags/shopzada_ingest.py
[2025-11-21T23:42:44.326+0000] {logging_mixin.py:190} INFO - [2025-11-21T23:42:44.325+0000] {dag.py:3239} INFO - Sync 1 DAGs
[2025-11-21T23:42:44.350+0000] {logging_mixin.py:190} INFO - [2025-11-21T23:42:44.350+0000] {dag.py:4180} INFO - Setting next_dagrun for shopzada_ingestion to 2025-11-21 00:00:00+00:00, run_after=2025-11-22 00:00:00+00:00
[2025-11-21T23:42:44.369+0000] {processor.py:208} INFO - Processing /opt/airflow/dags/shopzada_ingest.py took 0.159 seconds
[2025-11-21T23:43:16.952+0000] {processor.py:186} INFO - Started process (PID=202) to work on /opt/airflow/dags/shopzada_ingest.py
[2025-11-21T23:43:16.954+0000] {processor.py:914} INFO - Processing file /opt/airflow/dags/shopzada_ingest.py for tasks to queue
[2025-11-21T23:43:16.958+0000] {logging_mixin.py:190} INFO - [2025-11-21T23:43:16.957+0000] {dagbag.py:588} INFO - Filling up the DagBag from /opt/airflow/dags/shopzada_ingest.py
[2025-11-21T23:43:17.012+0000] {processor.py:925} INFO - DAG(s) 'shopzada_ingestion' retrieved from /opt/airflow/dags/shopzada_ingest.py
[2025-11-21T23:43:17.042+0000] {logging_mixin.py:190} INFO - [2025-11-21T23:43:17.041+0000] {dag.py:3239} INFO - Sync 1 DAGs
[2025-11-21T23:43:17.064+0000] {logging_mixin.py:190} INFO - [2025-11-21T23:43:17.064+0000] {dag.py:4180} INFO - Setting next_dagrun for shopzada_ingestion to 2025-11-21 00:00:00+00:00, run_after=2025-11-22 00:00:00+00:00
[2025-11-21T23:43:17.094+0000] {processor.py:208} INFO - Processing /opt/airflow/dags/shopzada_ingest.py took 0.149 seconds
[2025-11-21T23:43:48.062+0000] {processor.py:186} INFO - Started process (PID=207) to work on /opt/airflow/dags/shopzada_ingest.py
[2025-11-21T23:43:48.063+0000] {processor.py:914} INFO - Processing file /opt/airflow/dags/shopzada_ingest.py for tasks to queue
[2025-11-21T23:43:48.068+0000] {logging_mixin.py:190} INFO - [2025-11-21T23:43:48.067+0000] {dagbag.py:588} INFO - Filling up the DagBag from /opt/airflow/dags/shopzada_ingest.py
[2025-11-21T23:43:48.110+0000] {processor.py:925} INFO - DAG(s) 'shopzada_ingestion' retrieved from /opt/airflow/dags/shopzada_ingest.py
[2025-11-21T23:43:48.147+0000] {logging_mixin.py:190} INFO - [2025-11-21T23:43:48.147+0000] {dag.py:3239} INFO - Sync 1 DAGs
[2025-11-21T23:43:48.175+0000] {logging_mixin.py:190} INFO - [2025-11-21T23:43:48.175+0000] {dag.py:4180} INFO - Setting next_dagrun for shopzada_ingestion to 2025-11-21 00:00:00+00:00, run_after=2025-11-22 00:00:00+00:00
[2025-11-21T23:43:48.198+0000] {processor.py:208} INFO - Processing /opt/airflow/dags/shopzada_ingest.py took 0.166 seconds
[2025-11-21T23:44:18.721+0000] {processor.py:186} INFO - Started process (PID=212) to work on /opt/airflow/dags/shopzada_ingest.py
[2025-11-21T23:44:18.723+0000] {processor.py:914} INFO - Processing file /opt/airflow/dags/shopzada_ingest.py for tasks to queue
[2025-11-21T23:44:18.726+0000] {logging_mixin.py:190} INFO - [2025-11-21T23:44:18.726+0000] {dagbag.py:588} INFO - Filling up the DagBag from /opt/airflow/dags/shopzada_ingest.py
[2025-11-21T23:44:18.785+0000] {processor.py:925} INFO - DAG(s) 'shopzada_ingestion' retrieved from /opt/airflow/dags/shopzada_ingest.py
[2025-11-21T23:44:18.817+0000] {logging_mixin.py:190} INFO - [2025-11-21T23:44:18.817+0000] {dag.py:3239} INFO - Sync 1 DAGs
[2025-11-21T23:44:18.031+0000] {logging_mixin.py:190} INFO - [2025-11-21T23:44:18.031+0000] {dag.py:4180} INFO - Setting next_dagrun for shopzada_ingestion to 2025-11-21 00:00:00+00:00, run_after=2025-11-22 00:00:00+00:00
[2025-11-21T23:44:18.050+0000] {processor.py:208} INFO - Processing /opt/airflow/dags/shopzada_ingest.py took 0.156 seconds
[2025-11-21T23:44:48.872+0000] {processor.py:186} INFO - Started process (PID=217) to work on /opt/airflow/dags/shopzada_ingest.py
[2025-11-21T23:44:48.874+0000] {processor.py:914} INFO - Processing file /opt/airflow/dags/shopzada_ingest.py for tasks to queue
[2025-11-21T23:44:48.878+0000] {logging_mixin.py:190} INFO - [2025-11-21T23:44:48.877+0000] {dagbag.py:588} INFO - Filling up the DagBag from /opt/airflow/dags/shopzada_ingest.py
[2025-11-21T23:44:48.932+0000] {processor.py:925} INFO - DAG(s) 'shopzada_ingestion' retrieved from /opt/airflow/dags/shopzada_ingest.py
[2025-11-21T23:44:48.975+0000] {logging_mixin.py:190} INFO - [2025-11-21T23:44:48.975+0000] {dag.py:3239} INFO - Sync 1 DAGs
[2025-11-21T23:44:49.006+0000] {logging_mixin.py:190} INFO - [2025-11-21T23:44:49.006+0000] {dag.py:4180} INFO - Setting next_dagrun for shopzada_ingestion to 2025-11-21 00:00:00+00:00, run_after=2025-11-22 00:00:00+00:00
[2025-11-21T23:44:49.031+0000] {processor.py:208} INFO - Processing /opt/airflow/dags/shopzada_ingest.py took 0.165 seconds
[2025-11-21T23:45:19.502+0000] {processor.py:186} INFO - Started process (PID=222) to work on /opt/airflow/dags/shopzada_ingest.py
[2025-11-21T23:45:19.505+0000] {processor.py:914} INFO - Processing file /opt/airflow/dags/shopzada_ingest.py for tasks to queue
[2025-11-21T23:45:19.509+0000] {logging_mixin.py:190} INFO - [2025-11-21T23:45:19.508+0000] {dagbag.py:588} INFO - Filling up the DagBag from /opt/airflow/dags/shopzada_ingest.py
[2025-11-21T23:45:19.553+0000] {processor.py:925} INFO - DAG(s) 'shopzada_ingestion' retrieved from /opt/airflow/dags/shopzada_ingest.py
[2025-11-21T23:45:19.595+0000] {logging_mixin.py:190} INFO - [2025-11-21T23:45:19.595+0000] {dag.py:3239} INFO - Sync 1 DAGs
[2025-11-21T23:45:19.634+0000] {logging_mixin.py:190} INFO - [2025-11-21T23:45:19.634+0000] {dag.py:4180} INFO - Setting next_dagrun for shopzada_ingestion to 2025-11-21 00:00:00+00:00, run_after=2025-11-22 00:00:00+00:00
[2025-11-21T23:45:19.655+0000] {processor.py:208} INFO - Processing /opt/airflow/dags/shopzada_ingest.py took 0.163 seconds
[2025-11-21T23:45:50.230+0000] {processor.py:186} INFO - Started process (PID=227) to work on /opt/airflow/dags/shopzada_ingest.py
[2025-11-21T23:45:50.232+0000] {processor.py:914} INFO - Processing file /opt/airflow/dags/shopzada_ingest.py for tasks to queue
[2025-11-21T23:45:50.237+0000] {logging_mixin.py:190} INFO - [2025-11-21T23:45:50.236+0000] {dagbag.py:588} INFO - Filling up the DagBag from /opt/airflow/dags/shopzada_ingest.py
[2025-11-21T23:45:50.302+0000] {processor.py:925} INFO - DAG(s) 'shopzada_ingestion' retrieved from /opt/airflow/dags/shopzada_ingest.py
[2025-11-21T23:45:50.336+0000] {logging_mixin.py:190} INFO - [2025-11-21T23:45:50.335+0000] {dag.py:3239} INFO - Sync 1 DAGs
[2025-11-21T23:45:50.364+0000] {logging_mixin.py:190} INFO - [2025-11-21T23:45:50.363+0000] {dag.py:4180} INFO - Setting next_dagrun for shopzada_ingestion to 2025-11-21 00:00:00+00:00, run_after=2025-11-22 00:00:00+00:00
[2025-11-21T23:45:50.388+0000] {processor.py:208} INFO - Processing /opt/airflow/dags/shopzada_ingest.py took 0.168 seconds
[2025-11-21T23:46:20.788+0000] {processor.py:186} INFO - Started process (PID=232) to work on /opt/airflow/dags/shopzada_ingest.py
[2025-11-21T23:46:20.794+0000] {processor.py:914} INFO - Processing file /opt/airflow/dags/shopzada_ingest.py for tasks to queue
[2025-11-21T23:46:20.799+0000] {logging_mixin.py:190} INFO - [2025-11-21T23:46:20.798+0000] {dagbag.py:588} INFO - Filling up the DagBag from /opt/airflow/dags/shopzada_ingest.py
[2025-11-21T23:46:20.874+0000] {processor.py:925} INFO - DAG(s) 'shopzada_ingestion' retrieved from /opt/airflow/dags/shopzada_ingest.py
[2025-11-21T23:46:20.909+0000] {logging_mixin.py:190} INFO - [2025-11-21T23:46:20.909+0000] {dag.py:3239} INFO - Sync 1 DAGs
[2025-11-21T23:46:20.932+0000] {logging_mixin.py:190} INFO - [2025-11-21T23:46:20.931+0000] {dag.py:4180} INFO - Setting next_dagrun for shopzada_ingestion to 2025-11-21 00:00:00+00:00, run_after=2025-11-22 00:00:00+00:00
[2025-11-21T23:46:20.979+0000] {processor.py:208} INFO - Processing /opt/airflow/dags/shopzada_ingest.py took 0.201 seconds
[2025-11-21T23:46:51.535+0000] {processor.py:186} INFO - Started process (PID=269) to work on /opt/airflow/dags/shopzada_ingest.py
[2025-11-21T23:46:51.536+0000] {processor.py:914} INFO - Processing file /opt/airflow/dags/shopzada_ingest.py for tasks to queue
[2025-11-21T23:46:51.539+0000] {logging_mixin.py:190} INFO - [2025-11-21T23:46:51.539+0000] {dagbag.py:588} INFO - Filling up the DagBag from /opt/airflow/dags/shopzada_ingest.py
[2025-11-21T23:46:51.603+0000] {processor.py:925} INFO - DAG(s) 'shopzada_ingestion' retrieved from /opt/airflow/dags/shopzada_ingest.py
[2025-11-21T23:46:51.628+0000] {logging_mixin.py:190} INFO - [2025-11-21T23:46:51.627+0000] {dag.py:3239} INFO - Sync 1 DAGs
[2025-11-21T23:46:51.665+0000] {processor.py:208} INFO - Processing /opt/airflow/dags/shopzada_ingest.py took 0.135 seconds
[2025-11-21T23:47:22.101+0000] {processor.py:186} INFO - Started process (PID=274) to work on /opt/airflow/dags/shopzada_ingest.py
[2025-11-21T23:47:22.103+0000] {processor.py:914} INFO - Processing file /opt/airflow/dags/shopzada_ingest.py for tasks to queue
[2025-11-21T23:47:22.105+0000] {logging_mixin.py:190} INFO - [2025-11-21T23:47:22.105+0000] {dagbag.py:588} INFO - Filling up the DagBag from /opt/airflow/dags/shopzada_ingest.py
[2025-11-21T23:47:22.141+0000] {processor.py:925} INFO - DAG(s) 'shopzada_ingestion' retrieved from /opt/airflow/dags/shopzada_ingest.py
[2025-11-21T23:47:22.167+0000] {logging_mixin.py:190} INFO - [2025-11-21T23:47:22.167+0000] {dag.py:3239} INFO - Sync 1 DAGs
[2025-11-21T23:47:22.207+0000] {processor.py:208} INFO - Processing /opt/airflow/dags/shopzada_ingest.py took 0.113 seconds
[2025-11-21T23:47:52.510+0000] {processor.py:186} INFO - Started process (PID=279) to work on /opt/airflow/dags/shopzada_ingest.py
[2025-11-21T23:47:52.512+0000] {processor.py:914} INFO - Processing file /opt/airflow/dags/shopzada_ingest.py for tasks to queue
[2025-11-21T23:47:52.518+0000] {logging_mixin.py:190} INFO - [2025-11-21T23:47:52.518+0000] {dagbag.py:588} INFO - Filling up the DagBag from /opt/airflow/dags/shopzada_ingest.py
[2025-11-21T23:47:52.581+0000] {processor.py:925} INFO - DAG(s) 'shopzada_ingestion' retrieved from /opt/airflow/dags/shopzada_ingest.py
[2025-11-21T23:47:52.630+0000] {logging_mixin.py:190} INFO - [2025-11-21T23:47:52.630+0000] {dag.py:3239} INFO - Sync 1 DAGs
[2025-11-21T23:47:52.695+0000] {processor.py:208} INFO - Processing /opt/airflow/dags/shopzada_ingest.py took 0.201 seconds
[2025-11-21T23:48:23.076+0000] {processor.py:186} INFO - Started process (PID=290) to work on /opt/airflow/dags/shopzada_ingest.py
[2025-11-21T23:48:23.079+0000] {processor.py:914} INFO - Processing file /opt/airflow/dags/shopzada_ingest.py for tasks to queue
[2025-11-21T23:48:23.088+0000] {logging_mixin.py:190} INFO - [2025-11-21T23:48:23.087+0000] {dagbag.py:588} INFO - Filling up the DagBag from /opt/airflow/dags/shopzada_ingest.py
[2025-11-21T23:48:23.175+0000] {processor.py:925} INFO - DAG(s) 'shopzada_ingestion' retrieved from /opt/airflow/dags/shopzada_ingest.py
[2025-11-21T23:48:23.237+0000] {logging_mixin.py:190} INFO - [2025-11-21T23:48:23.237+0000] {dag.py:3239} INFO - Sync 1 DAGs
[2025-11-21T23:48:23.358+0000] {processor.py:208} INFO - Processing /opt/airflow/dags/shopzada_ingest.py took 0.294 seconds
[2025-11-21T23:48:53.725+0000] {processor.py:186} INFO - Started process (PID=295) to work on /opt/airflow/dags/shopzada_ingest.py
[2025-11-21T23:48:53.730+0000] {processor.py:914} INFO - Processing file /opt/airflow/dags/shopzada_ingest.py for tasks to queue
[2025-11-21T23:48:53.738+0000] {logging_mixin.py:190} INFO - [2025-11-21T23:48:53.737+0000] {dagbag.py:588} INFO - Filling up the DagBag from /opt/airflow/dags/shopzada_ingest.py
[2025-11-21T23:48:53.840+0000] {processor.py:925} INFO - DAG(s) 'shopzada_ingestion' retrieved from /opt/airflow/dags/shopzada_ingest.py
[2025-11-21T23:48:53.885+0000] {logging_mixin.py:190} INFO - [2025-11-21T23:48:53.885+0000] {dag.py:3239} INFO - Sync 1 DAGs
[2025-11-21T23:48:53.940+0000] {processor.py:208} INFO - Processing /opt/airflow/dags/shopzada_ingest.py took 0.236 seconds
[2025-11-21T23:49:24.604+0000] {processor.py:186} INFO - Started process (PID=300) to work on /opt/airflow/dags/shopzada_ingest.py
[2025-11-21T23:49:24.606+0000] {processor.py:914} INFO - Processing file /opt/airflow/dags/shopzada_ingest.py for tasks to queue
[2025-11-21T23:49:24.615+0000] {logging_mixin.py:190} INFO - [2025-11-21T23:49:24.613+0000] {dagbag.py:588} INFO - Filling up the DagBag from /opt/airflow/dags/shopzada_ingest.py
[2025-11-21T23:49:24.698+0000] {processor.py:925} INFO - DAG(s) 'shopzada_ingestion' retrieved from /opt/airflow/dags/shopzada_ingest.py
[2025-11-21T23:49:24.754+0000] {logging_mixin.py:190} INFO - [2025-11-21T23:49:24.754+0000] {dag.py:3239} INFO - Sync 1 DAGs
[2025-11-21T23:49:24.855+0000] {processor.py:208} INFO - Processing /opt/airflow/dags/shopzada_ingest.py took 0.267 seconds
[2025-11-21T23:49:55.028+0000] {processor.py:186} INFO - Started process (PID=305) to work on /opt/airflow/dags/shopzada_ingest.py
[2025-11-21T23:49:55.031+0000] {processor.py:914} INFO - Processing file /opt/airflow/dags/shopzada_ingest.py for tasks to queue
[2025-11-21T23:49:55.035+0000] {logging_mixin.py:190} INFO - [2025-11-21T23:49:55.034+0000] {dagbag.py:588} INFO - Filling up the DagBag from /opt/airflow/dags/shopzada_ingest.py
[2025-11-21T23:49:55.090+0000] {processor.py:925} INFO - DAG(s) 'shopzada_ingestion' retrieved from /opt/airflow/dags/shopzada_ingest.py
[2025-11-21T23:49:55.144+0000] {logging_mixin.py:190} INFO - [2025-11-21T23:49:55.144+0000] {dag.py:3239} INFO - Sync 1 DAGs
[2025-11-21T23:49:55.207+0000] {processor.py:208} INFO - Processing /opt/airflow/dags/shopzada_ingest.py took 0.185 seconds
[2025-11-21T23:50:25.419+0000] {processor.py:186} INFO - Started process (PID=310) to work on /opt/airflow/dags/shopzada_ingest.py
[2025-11-21T23:50:25.421+0000] {processor.py:914} INFO - Processing file /opt/airflow/dags/shopzada_ingest.py for tasks to queue
[2025-11-21T23:50:25.428+0000] {logging_mixin.py:190} INFO - [2025-11-21T23:50:25.427+0000] {dagbag.py:588} INFO - Filling up the DagBag from /opt/airflow/dags/shopzada_ingest.py
[2025-11-21T23:50:25.530+0000] {processor.py:925} INFO - DAG(s) 'shopzada_ingestion' retrieved from /opt/airflow/dags/shopzada_ingest.py
[2025-11-21T23:50:25.607+0000] {logging_mixin.py:190} INFO - [2025-11-21T23:50:25.607+0000] {dag.py:3239} INFO - Sync 1 DAGs
[2025-11-21T23:50:25.722+0000] {processor.py:208} INFO - Processing /opt/airflow/dags/shopzada_ingest.py took 0.318 seconds
[2025-11-21T23:50:56.288+0000] {processor.py:186} INFO - Started process (PID=318) to work on /opt/airflow/dags/shopzada_ingest.py
[2025-11-21T23:50:56.290+0000] {processor.py:914} INFO - Processing file /opt/airflow/dags/shopzada_ingest.py for tasks to queue
[2025-11-21T23:50:56.294+0000] {logging_mixin.py:190} INFO - [2025-11-21T23:50:56.293+0000] {dagbag.py:588} INFO - Filling up the DagBag from /opt/airflow/dags/shopzada_ingest.py
[2025-11-21T23:50:56.365+0000] {processor.py:925} INFO - DAG(s) 'shopzada_ingestion' retrieved from /opt/airflow/dags/shopzada_ingest.py
[2025-11-21T23:50:56.403+0000] {logging_mixin.py:190} INFO - [2025-11-21T23:50:56.403+0000] {dag.py:3239} INFO - Sync 1 DAGs
[2025-11-21T23:50:56.431+0000] {logging_mixin.py:190} INFO - [2025-11-21T23:50:56.430+0000] {dag.py:4180} INFO - Setting next_dagrun for shopzada_ingestion to 2025-11-21 00:00:00+00:00, run_after=2025-11-22 00:00:00+00:00
[2025-11-21T23:50:56.459+0000] {processor.py:208} INFO - Processing /opt/airflow/dags/shopzada_ingest.py took 0.180 seconds
[2025-11-21T23:51:26.953+0000] {processor.py:186} INFO - Started process (PID=323) to work on /opt/airflow/dags/shopzada_ingest.py
[2025-11-21T23:51:26.957+0000] {processor.py:914} INFO - Processing file /opt/airflow/dags/shopzada_ingest.py for tasks to queue
[2025-11-21T23:51:26.961+0000] {logging_mixin.py:190} INFO - [2025-11-21T23:51:26.960+0000] {dagbag.py:588} INFO - Filling up the DagBag from /opt/airflow/dags/shopzada_ingest.py
[2025-11-21T23:51:27.006+0000] {processor.py:925} INFO - DAG(s) 'shopzada_ingestion' retrieved from /opt/airflow/dags/shopzada_ingest.py
[2025-11-21T23:51:27.033+0000] {logging_mixin.py:190} INFO - [2025-11-21T23:51:27.032+0000] {dag.py:3239} INFO - Sync 1 DAGs
[2025-11-21T23:51:27.053+0000] {logging_mixin.py:190} INFO - [2025-11-21T23:51:27.053+0000] {dag.py:4180} INFO - Setting next_dagrun for shopzada_ingestion to 2025-11-21 00:00:00+00:00, run_after=2025-11-22 00:00:00+00:00
[2025-11-21T23:51:27.117+0000] {processor.py:208} INFO - Processing /opt/airflow/dags/shopzada_ingest.py took 0.172 seconds
[2025-11-21T23:51:57.783+0000] {processor.py:186} INFO - Started process (PID=328) to work on /opt/airflow/dags/shopzada_ingest.py
[2025-11-21T23:51:57.787+0000] {processor.py:914} INFO - Processing file /opt/airflow/dags/shopzada_ingest.py for tasks to queue
[2025-11-21T23:51:57.792+0000] {logging_mixin.py:190} INFO - [2025-11-21T23:51:57.791+0000] {dagbag.py:588} INFO - Filling up the DagBag from /opt/airflow/dags/shopzada_ingest.py
[2025-11-21T23:51:57.914+0000] {processor.py:925} INFO - DAG(s) 'shopzada_ingestion' retrieved from /opt/airflow/dags/shopzada_ingest.py
[2025-11-21T23:51:57.955+0000] {logging_mixin.py:190} INFO - [2025-11-21T23:51:57.955+0000] {dag.py:3239} INFO - Sync 1 DAGs
[2025-11-21T23:51:57.994+0000] {logging_mixin.py:190} INFO - [2025-11-21T23:51:57.994+0000] {dag.py:4180} INFO - Setting next_dagrun for shopzada_ingestion to 2025-11-21 00:00:00+00:00, run_after=2025-11-22 00:00:00+00:00
[2025-11-21T23:51:58.025+0000] {processor.py:208} INFO - Processing /opt/airflow/dags/shopzada_ingest.py took 0.247 seconds
[2025-11-21T23:52:28.213+0000] {processor.py:186} INFO - Started process (PID=333) to work on /opt/airflow/dags/shopzada_ingest.py
[2025-11-21T23:52:28.216+0000] {processor.py:914} INFO - Processing file /opt/airflow/dags/shopzada_ingest.py for tasks to queue
[2025-11-21T23:52:28.219+0000] {logging_mixin.py:190} INFO - [2025-11-21T23:52:28.219+0000] {dagbag.py:588} INFO - Filling up the DagBag from /opt/airflow/dags/shopzada_ingest.py
[2025-11-21T23:52:28.277+0000] {processor.py:925} INFO - DAG(s) 'shopzada_ingestion' retrieved from /opt/airflow/dags/shopzada_ingest.py
[2025-11-21T23:52:28.312+0000] {logging_mixin.py:190} INFO - [2025-11-21T23:52:28.312+0000] {dag.py:3239} INFO - Sync 1 DAGs
[2025-11-21T23:52:28.334+0000] {logging_mixin.py:190} INFO - [2025-11-21T23:52:28.334+0000] {dag.py:4180} INFO - Setting next_dagrun for shopzada_ingestion to 2025-11-21 00:00:00+00:00, run_after=2025-11-22 00:00:00+00:00
[2025-11-21T23:52:28.368+0000] {processor.py:208} INFO - Processing /opt/airflow/dags/shopzada_ingest.py took 0.162 seconds
[2025-11-21T23:52:58.814+0000] {processor.py:186} INFO - Started process (PID=338) to work on /opt/airflow/dags/shopzada_ingest.py
[2025-11-21T23:52:58.817+0000] {processor.py:914} INFO - Processing file /opt/airflow/dags/shopzada_ingest.py for tasks to queue
[2025-11-21T23:52:58.826+0000] {logging_mixin.py:190} INFO - [2025-11-21T23:52:58.825+0000] {dagbag.py:588} INFO - Filling up the DagBag from /opt/airflow/dags/shopzada_ingest.py
[2025-11-21T23:52:58.943+0000] {processor.py:925} INFO - DAG(s) 'shopzada_ingestion' retrieved from /opt/airflow/dags/shopzada_ingest.py
[2025-11-21T23:52:59.014+0000] {logging_mixin.py:190} INFO - [2025-11-21T23:52:59.014+0000] {dag.py:3239} INFO - Sync 1 DAGs
[2025-11-21T23:52:59.048+0000] {logging_mixin.py:190} INFO - [2025-11-21T23:52:59.048+0000] {dag.py:4180} INFO - Setting next_dagrun for shopzada_ingestion to 2025-11-21 00:00:00+00:00, run_after=2025-11-22 00:00:00+00:00
[2025-11-21T23:52:59.072+0000] {processor.py:208} INFO - Processing /opt/airflow/dags/shopzada_ingest.py took 0.271 seconds
[2025-11-21T23:53:29.672+0000] {processor.py:186} INFO - Started process (PID=343) to work on /opt/airflow/dags/shopzada_ingest.py
[2025-11-21T23:53:29.674+0000] {processor.py:914} INFO - Processing file /opt/airflow/dags/shopzada_ingest.py for tasks to queue
[2025-11-21T23:53:29.677+0000] {logging_mixin.py:190} INFO - [2025-11-21T23:53:29.677+0000] {dagbag.py:588} INFO - Filling up the DagBag from /opt/airflow/dags/shopzada_ingest.py
[2025-11-21T23:53:29.731+0000] {processor.py:925} INFO - DAG(s) 'shopzada_ingestion' retrieved from /opt/airflow/dags/shopzada_ingest.py
[2025-11-21T23:53:29.761+0000] {logging_mixin.py:190} INFO - [2025-11-21T23:53:29.761+0000] {dag.py:3239} INFO - Sync 1 DAGs
[2025-11-21T23:53:29.783+0000] {logging_mixin.py:190} INFO - [2025-11-21T23:53:29.783+0000] {dag.py:4180} INFO - Setting next_dagrun for shopzada_ingestion to 2025-11-21 00:00:00+00:00, run_after=2025-11-22 00:00:00+00:00
[2025-11-21T23:53:29.811+0000] {processor.py:208} INFO - Processing /opt/airflow/dags/shopzada_ingest.py took 0.145 seconds
[2025-11-21T23:54:00.207+0000] {processor.py:186} INFO - Started process (PID=348) to work on /opt/airflow/dags/shopzada_ingest.py
[2025-11-21T23:54:00.209+0000] {processor.py:914} INFO - Processing file /opt/airflow/dags/shopzada_ingest.py for tasks to queue
[2025-11-21T23:54:00.215+0000] {logging_mixin.py:190} INFO - [2025-11-21T23:54:00.214+0000] {dagbag.py:588} INFO - Filling up the DagBag from /opt/airflow/dags/shopzada_ingest.py
[2025-11-21T23:54:00.289+0000] {processor.py:925} INFO - DAG(s) 'shopzada_ingestion' retrieved from /opt/airflow/dags/shopzada_ingest.py
[2025-11-21T23:54:00.319+0000] {logging_mixin.py:190} INFO - [2025-11-21T23:54:00.318+0000] {dag.py:3239} INFO - Sync 1 DAGs
[2025-11-21T23:54:00.339+0000] {logging_mixin.py:190} INFO - [2025-11-21T23:54:00.339+0000] {dag.py:4180} INFO - Setting next_dagrun for shopzada_ingestion to 2025-11-21 00:00:00+00:00, run_after=2025-11-22 00:00:00+00:00
[2025-11-21T23:54:00.361+0000] {processor.py:208} INFO - Processing /opt/airflow/dags/shopzada_ingest.py took 0.164 seconds
[2025-11-21T23:54:31.078+0000] {processor.py:186} INFO - Started process (PID=353) to work on /opt/airflow/dags/shopzada_ingest.py
[2025-11-21T23:54:31.080+0000] {processor.py:914} INFO - Processing file /opt/airflow/dags/shopzada_ingest.py for tasks to queue
[2025-11-21T23:54:31.083+0000] {logging_mixin.py:190} INFO - [2025-11-21T23:54:31.083+0000] {dagbag.py:588} INFO - Filling up the DagBag from /opt/airflow/dags/shopzada_ingest.py
[2025-11-21T23:54:31.129+0000] {processor.py:925} INFO - DAG(s) 'shopzada_ingestion' retrieved from /opt/airflow/dags/shopzada_ingest.py
[2025-11-21T23:54:31.156+0000] {logging_mixin.py:190} INFO - [2025-11-21T23:54:31.156+0000] {dag.py:3239} INFO - Sync 1 DAGs
[2025-11-21T23:54:31.181+0000] {logging_mixin.py:190} INFO - [2025-11-21T23:54:31.180+0000] {dag.py:4180} INFO - Setting next_dagrun for shopzada_ingestion to 2025-11-21 00:00:00+00:00, run_after=2025-11-22 00:00:00+00:00
[2025-11-21T23:54:31.218+0000] {processor.py:208} INFO - Processing /opt/airflow/dags/shopzada_ingest.py took 0.146 seconds
[2025-11-21T23:55:01.583+0000] {processor.py:186} INFO - Started process (PID=358) to work on /opt/airflow/dags/shopzada_ingest.py
[2025-11-21T23:55:01.585+0000] {processor.py:914} INFO - Processing file /opt/airflow/dags/shopzada_ingest.py for tasks to queue
[2025-11-21T23:55:01.589+0000] {logging_mixin.py:190} INFO - [2025-11-21T23:55:01.588+0000] {dagbag.py:588} INFO - Filling up the DagBag from /opt/airflow/dags/shopzada_ingest.py
[2025-11-21T23:55:03.243+0000] {processor.py:925} INFO - DAG(s) 'shopzada_ingestion' retrieved from /opt/airflow/dags/shopzada_ingest.py
[2025-11-21T23:55:03.270+0000] {logging_mixin.py:190} INFO - [2025-11-21T23:55:03.270+0000] {dag.py:3239} INFO - Sync 1 DAGs
[2025-11-21T23:55:03.290+0000] {logging_mixin.py:190} INFO - [2025-11-21T23:55:03.289+0000] {dag.py:4180} INFO - Setting next_dagrun for shopzada_ingestion to 2025-11-21 00:00:00+00:00, run_after=2025-11-22 00:00:00+00:00
[2025-11-21T23:55:03.312+0000] {processor.py:208} INFO - Processing /opt/airflow/dags/shopzada_ingest.py took 0.144 seconds
[2025-11-21T23:55:36.138+0000] {processor.py:186} INFO - Started process (PID=363) to work on /opt/airflow/dags/shopzada_ingest.py
[2025-11-21T23:55:36.139+0000] {processor.py:914} INFO - Processing file /opt/airflow/dags/shopzada_ingest.py for tasks to queue
[2025-11-21T23:55:36.144+0000] {logging_mixin.py:190} INFO - [2025-11-21T23:55:36.143+0000] {dagbag.py:588} INFO - Filling up the DagBag from /opt/airflow/dags/shopzada_ingest.py
[2025-11-21T23:55:36.194+0000] {processor.py:925} INFO - DAG(s) 'shopzada_ingestion' retrieved from /opt/airflow/dags/shopzada_ingest.py
[2025-11-21T23:55:36.223+0000] {logging_mixin.py:190} INFO - [2025-11-21T23:55:36.223+0000] {dag.py:3239} INFO - Sync 1 DAGs
[2025-11-21T23:55:36.245+0000] {logging_mixin.py:190} INFO - [2025-11-21T23:55:36.245+0000] {dag.py:4180} INFO - Setting next_dagrun for shopzada_ingestion to 2025-11-21 00:00:00+00:00, run_after=2025-11-22 00:00:00+00:00
[2025-11-21T23:55:36.274+0000] {processor.py:208} INFO - Processing /opt/airflow/dags/shopzada_ingest.py took 0.143 seconds
[2025-11-21T23:56:06.430+0000] {processor.py:186} INFO - Started process (PID=368) to work on /opt/airflow/dags/shopzada_ingest.py
[2025-11-21T23:56:06.432+0000] {processor.py:914} INFO - Processing file /opt/airflow/dags/shopzada_ingest.py for tasks to queue
[2025-11-21T23:56:06.435+0000] {logging_mixin.py:190} INFO - [2025-11-21T23:56:06.434+0000] {dagbag.py:588} INFO - Filling up the DagBag from /opt/airflow/dags/shopzada_ingest.py
[2025-11-21T23:56:08.079+0000] {processor.py:925} INFO - DAG(s) 'shopzada_ingestion' retrieved from /opt/airflow/dags/shopzada_ingest.py
[2025-11-21T23:56:08.110+0000] {logging_mixin.py:190} INFO - [2025-11-21T23:56:08.110+0000] {dag.py:3239} INFO - Sync 1 DAGs
[2025-11-21T23:56:08.134+0000] {logging_mixin.py:190} INFO - [2025-11-21T23:56:08.134+0000] {dag.py:4180} INFO - Setting next_dagrun for shopzada_ingestion to 2025-11-21 00:00:00+00:00, run_after=2025-11-22 00:00:00+00:00
[2025-11-21T23:56:08.163+0000] {processor.py:208} INFO - Processing /opt/airflow/dags/shopzada_ingest.py took 0.161 seconds
[2025-11-21T23:56:40.674+0000] {processor.py:186} INFO - Started process (PID=373) to work on /opt/airflow/dags/shopzada_ingest.py
[2025-11-21T23:56:40.677+0000] {processor.py:914} INFO - Processing file /opt/airflow/dags/shopzada_ingest.py for tasks to queue
[2025-11-21T23:56:40.680+0000] {logging_mixin.py:190} INFO - [2025-11-21T23:56:40.679+0000] {dagbag.py:588} INFO - Filling up the DagBag from /opt/airflow/dags/shopzada_ingest.py
[2025-11-21T23:56:40.749+0000] {processor.py:925} INFO - DAG(s) 'shopzada_ingestion' retrieved from /opt/airflow/dags/shopzada_ingest.py
[2025-11-21T23:56:40.788+0000] {logging_mixin.py:190} INFO - [2025-11-21T23:56:40.788+0000] {dag.py:3239} INFO - Sync 1 DAGs
[2025-11-21T23:56:40.809+0000] {logging_mixin.py:190} INFO - [2025-11-21T23:56:40.809+0000] {dag.py:4180} INFO - Setting next_dagrun for shopzada_ingestion to 2025-11-21 00:00:00+00:00, run_after=2025-11-22 00:00:00+00:00
[2025-11-21T23:56:40.834+0000] {processor.py:208} INFO - Processing /opt/airflow/dags/shopzada_ingest.py took 0.170 seconds
[2025-11-21T23:57:12.488+0000] {processor.py:186} INFO - Started process (PID=378) to work on /opt/airflow/dags/shopzada_ingest.py
[2025-11-21T23:57:12.489+0000] {processor.py:914} INFO - Processing file /opt/airflow/dags/shopzada_ingest.py for tasks to queue
[2025-11-21T23:57:12.492+0000] {logging_mixin.py:190} INFO - [2025-11-21T23:57:12.492+0000] {dagbag.py:588} INFO - Filling up the DagBag from /opt/airflow/dags/shopzada_ingest.py
[2025-11-21T23:57:12.550+0000] {processor.py:925} INFO - DAG(s) 'shopzada_ingestion' retrieved from /opt/airflow/dags/shopzada_ingest.py
[2025-11-21T23:57:12.580+0000] {logging_mixin.py:190} INFO - [2025-11-21T23:57:12.580+0000] {dag.py:3239} INFO - Sync 1 DAGs
[2025-11-21T23:57:12.602+0000] {logging_mixin.py:190} INFO - [2025-11-21T23:57:12.602+0000] {dag.py:4180} INFO - Setting next_dagrun for shopzada_ingestion to 2025-11-21 00:00:00+00:00, run_after=2025-11-22 00:00:00+00:00
[2025-11-21T23:57:12.626+0000] {processor.py:208} INFO - Processing /opt/airflow/dags/shopzada_ingest.py took 0.146 seconds
[2025-11-21T23:57:45.227+0000] {processor.py:186} INFO - Started process (PID=383) to work on /opt/airflow/dags/shopzada_ingest.py
[2025-11-21T23:57:45.231+0000] {processor.py:914} INFO - Processing file /opt/airflow/dags/shopzada_ingest.py for tasks to queue
[2025-11-21T23:57:45.240+0000] {logging_mixin.py:190} INFO - [2025-11-21T23:57:45.240+0000] {dagbag.py:588} INFO - Filling up the DagBag from /opt/airflow/dags/shopzada_ingest.py
[2025-11-21T23:57:45.345+0000] {processor.py:925} INFO - DAG(s) 'shopzada_ingestion' retrieved from /opt/airflow/dags/shopzada_ingest.py
[2025-11-21T23:57:45.377+0000] {logging_mixin.py:190} INFO - [2025-11-21T23:57:45.377+0000] {dag.py:3239} INFO - Sync 1 DAGs
[2025-11-21T23:57:45.399+0000] {logging_mixin.py:190} INFO - [2025-11-21T23:57:45.399+0000] {dag.py:4180} INFO - Setting next_dagrun for shopzada_ingestion to 2025-11-21 00:00:00+00:00, run_after=2025-11-22 00:00:00+00:00
[2025-11-21T23:57:45.436+0000] {processor.py:208} INFO - Processing /opt/airflow/dags/shopzada_ingest.py took 0.220 seconds
[2025-11-21T23:58:15.611+0000] {processor.py:186} INFO - Started process (PID=388) to work on /opt/airflow/dags/shopzada_ingest.py
[2025-11-21T23:58:15.613+0000] {processor.py:914} INFO - Processing file /opt/airflow/dags/shopzada_ingest.py for tasks to queue
[2025-11-21T23:58:15.618+0000] {logging_mixin.py:190} INFO - [2025-11-21T23:58:15.617+0000] {dagbag.py:588} INFO - Filling up the DagBag from /opt/airflow/dags/shopzada_ingest.py
[2025-11-21T23:58:15.683+0000] {processor.py:925} INFO - DAG(s) 'shopzada_ingestion' retrieved from /opt/airflow/dags/shopzada_ingest.py
[2025-11-21T23:58:15.712+0000] {logging_mixin.py:190} INFO - [2025-11-21T23:58:15.711+0000] {dag.py:3239} INFO - Sync 1 DAGs
[2025-11-21T23:58:15.733+0000] {logging_mixin.py:190} INFO - [2025-11-21T23:58:15.733+0000] {dag.py:4180} INFO - Setting next_dagrun for shopzada_ingestion to 2025-11-21 00:00:00+00:00, run_after=2025-11-22 00:00:00+00:00
[2025-11-21T23:58:15.755+0000] {processor.py:208} INFO - Processing /opt/airflow/dags/shopzada_ingest.py took 0.154 seconds
[2025-11-21T23:58:45.907+0000] {processor.py:186} INFO - Started process (PID=393) to work on /opt/airflow/dags/shopzada_ingest.py
[2025-11-21T23:58:45.909+0000] {processor.py:914} INFO - Processing file /opt/airflow/dags/shopzada_ingest.py for tasks to queue
[2025-11-21T23:58:45.912+0000] {logging_mixin.py:190} INFO - [2025-11-21T23:58:45.912+0000] {dagbag.py:588} INFO - Filling up the DagBag from /opt/airflow/dags/shopzada_ingest.py
[2025-11-21T23:58:45.984+0000] {processor.py:925} INFO - DAG(s) 'shopzada_ingestion' retrieved from /opt/airflow/dags/shopzada_ingest.py
[2025-11-21T23:58:46.022+0000] {logging_mixin.py:190} INFO - [2025-11-21T23:58:46.022+0000] {dag.py:3239} INFO - Sync 1 DAGs
[2025-11-21T23:58:46.046+0000] {logging_mixin.py:190} INFO - [2025-11-21T23:58:46.046+0000] {dag.py:4180} INFO - Setting next_dagrun for shopzada_ingestion to 2025-11-21 00:00:00+00:00, run_after=2025-11-22 00:00:00+00:00
[2025-11-21T23:58:46.077+0000] {processor.py:208} INFO - Processing /opt/airflow/dags/shopzada_ingest.py took 0.180 seconds
[2025-11-21T23:59:16.422+0000] {processor.py:186} INFO - Started process (PID=398) to work on /opt/airflow/dags/shopzada_ingest.py
[2025-11-21T23:59:16.423+0000] {processor.py:914} INFO - Processing file /opt/airflow/dags/shopzada_ingest.py for tasks to queue
[2025-11-21T23:59:16.427+0000] {logging_mixin.py:190} INFO - [2025-11-21T23:59:16.427+0000] {dagbag.py:588} INFO - Filling up the DagBag from /opt/airflow/dags/shopzada_ingest.py
[2025-11-21T23:59:16.489+0000] {processor.py:925} INFO - DAG(s) 'shopzada_ingestion' retrieved from /opt/airflow/dags/shopzada_ingest.py
[2025-11-21T23:59:16.519+0000] {logging_mixin.py:190} INFO - [2025-11-21T23:59:16.519+0000] {dag.py:3239} INFO - Sync 1 DAGs
[2025-11-21T23:59:16.539+0000] {logging_mixin.py:190} INFO - [2025-11-21T23:59:16.539+0000] {dag.py:4180} INFO - Setting next_dagrun for shopzada_ingestion to 2025-11-21 00:00:00+00:00, run_after=2025-11-22 00:00:00+00:00
[2025-11-21T23:59:16.570+0000] {processor.py:208} INFO - Processing /opt/airflow/dags/shopzada_ingest.py took 0.154 seconds
[2025-11-21T23:59:46.988+0000] {processor.py:186} INFO - Started process (PID=403) to work on /opt/airflow/dags/shopzada_ingest.py
[2025-11-21T23:59:46.989+0000] {processor.py:914} INFO - Processing file /opt/airflow/dags/shopzada_ingest.py for tasks to queue
[2025-11-21T23:59:46.992+0000] {logging_mixin.py:190} INFO - [2025-11-21T23:59:46.991+0000] {dagbag.py:588} INFO - Filling up the DagBag from /opt/airflow/dags/shopzada_ingest.py
[2025-11-21T23:59:47.038+0000] {processor.py:925} INFO - DAG(s) 'shopzada_ingestion' retrieved from /opt/airflow/dags/shopzada_ingest.py
[2025-11-21T23:59:47.068+0000] {logging_mixin.py:190} INFO - [2025-11-21T23:59:47.068+0000] {dag.py:3239} INFO - Sync 1 DAGs
[2025-11-21T23:59:47.100+0000] {logging_mixin.py:190} INFO - [2025-11-21T23:59:47.100+0000] {dag.py:4180} INFO - Setting next_dagrun for shopzada_ingestion to 2025-11-21 00:00:00+00:00, run_after=2025-11-22 00:00:00+00:00
[2025-11-21T23:59:47.120+0000] {processor.py:208} INFO - Processing /opt/airflow/dags/shopzada_ingest.py took 0.138 seconds
